<?xml version="1.0" encoding="utf-8"?><testsuites name="pytest tests"><testsuite name="pytest" errors="0" failures="0" skipped="0" tests="13" time="31.664" timestamp="2026-06-09T00:19:32.709707+00:00" hostname="agent-env-2479e3dc-7db3-468a-a990-94da8dcb375c"><testcase classname="backend.tests.test_iter218_concept_review.TestShareUnshare" name="test_share_notify_false" time="6.074" /><testcase classname="backend.tests.test_iter218_concept_review.TestShareUnshare" name="test_client_get_returns_shared_set_only" time="0.464" /><testcase classname="backend.tests.test_iter218_concept_review.TestShareUnshare" name="test_share_notify_true_no_client_email" time="3.865" /><testcase classname="backend.tests.test_iter218_concept_review.TestShareUnshare" name="test_unshare_reverts" time="5.683" /><testcase classname="backend.tests.test_iter218_concept_review.TestClientFeedback" name="test_invalid_reaction_422" time="4.414" /><testcase classname="backend.tests.test_iter218_concept_review.TestClientFeedback" name="test_comment_requires_text" time="0.390" /><testcase classname="backend.tests.test_iter218_concept_review.TestClientFeedback" name="test_interested_persists_and_narrative" time="2.770" /><testcase classname="backend.tests.test_iter218_concept_review.TestClientFeedback" name="test_preferred_sets_flag_and_score_internal_only" time="1.687" /><testcase classname="backend.tests.test_iter218_concept_review.TestClientFeedback" name="test_preferred_switch_emits_change_narrative" time="1.806" /><testcase classname="backend.tests.test_iter218_concept_review.TestClientFeedback" name="test_comment_with_text_succeeds" time="1.091" /><testcase classname="backend.tests.test_iter218_concept_review.TestClientFeedback" name="test_status_never_changes_after_full_matrix" time="1.825" /><testcase classname="backend.tests.test_iter218_concept_review.TestAlignmentScoreInternalOnly" name="test_score_not_in_client_list" time="0.465" /><testcase classname="backend.tests.test_iter218_concept_review.TestAlignmentScoreInternalOnly" name="test_score_updates_internally" time="1.055" /></testsuite></testsuites>