<?xml version="1.0" encoding="utf-8"?><testsuites name="pytest tests"><testsuite name="pytest" errors="0" failures="1" skipped="0" tests="9" time="12.353" timestamp="2026-05-15T14:27:55.623518+00:00" hostname="agent-env-2479e3dc-7db3-468a-a990-94da8dcb375c"><testcase classname="backend.tests.test_storefront_revisions" name="test_publish_returns_revision" time="2.410" /><testcase classname="backend.tests.test_storefront_revisions" name="test_list_revisions" time="0.438" /><testcase classname="backend.tests.test_storefront_revisions" name="test_diff_no_changes_after_publish" time="0.703" /><testcase classname="backend.tests.test_storefront_revisions" name="test_modify_section_reflects_in_diff" time="2.063" /><testcase classname="backend.tests.test_storefront_revisions" name="test_public_serves_from_revision" time="0.812" /><testcase classname="backend.tests.test_storefront_revisions" name="test_revert_restores_and_diff_reflects" time="2.143" /><testcase classname="backend.tests.test_storefront_revisions" name="test_republish_cleanup" time="2.121"><failure message="assert True is False">backend/tests/test_storefront_revisions.py:156: in test_republish_cleanup
    assert d.json()["summary"]["has_changes"] is False
E   assert True is False</failure></testcase><testcase classname="backend.tests.test_storefront_revisions" name="test_publish_no_body" time="1.386" /><testcase classname="backend.tests.test_storefront_revisions" name="test_unknown_page_key" time="0.177" /></testsuite></testsuites>