<?xml version="1.0" encoding="utf-8"?><testsuites name="pytest tests"><testsuite name="pytest" errors="0" failures="1" skipped="1" tests="13" time="15.183" timestamp="2026-05-19T22:31:26.056505+00:00" hostname="agent-env-2479e3dc-7db3-468a-a990-94da8dcb375c"><testcase classname="backend.tests.test_iteration_84_editorial_seed.TestEditorialInspirationsSeed" name="test_editorial_archive_returns_10_seeded" time="1.850" /><testcase classname="backend.tests.test_iteration_84_editorial_seed.TestEditorialInspirationsSeed" name="test_each_seed_has_required_fields" time="0.345" /><testcase classname="backend.tests.test_iteration_84_editorial_seed.TestEditorialInspirationsSeed" name="test_seeds_titles_italian" time="0.315" /><testcase classname="backend.tests.test_iteration_84_editorial_seed.TestSeedIdempotency" name="test_rerun_seed_script_idempotent" time="3.855" /><testcase classname="backend.tests.test_iteration_84_editorial_seed.TestDisplayMetaPersistence" name="test_patch_display_meta_persists" time="1.204" /><testcase classname="backend.tests.test_iteration_84_editorial_seed.TestDisplayMetaPersistence" name="test_list_endpoint_includes_display_meta_after_patch" time="1.049"><failure message="AssertionError: list endpoint does not surface display_meta after PATCH (got {})&#10;assert None == 0.33 ± 3.3e-07&#10;  &#10;  comparison failed&#10;  Obtained: None&#10;  Expected: 0.33 ± 3.3e-07">backend/tests/test_iteration_84_editorial_seed.py:121: in test_list_endpoint_includes_display_meta_after_patch
    assert dm.get('focal_x') == pytest.approx(0.33), \
E   AssertionError: list endpoint does not surface display_meta after PATCH (got {})
E   assert None == 0.33 ± 3.3e-07
E     
E     comparison failed
E     Obtained: None
E     Expected: 0.33 ± 3.3e-07</failure></testcase><testcase classname="backend.tests.test_iteration_83_mood_panel.TestInspirationsArchive" name="test_editorial_filter" time="1.582" /><testcase classname="backend.tests.test_iteration_83_mood_panel.TestInspirationsArchive" name="test_product_filter" time="0.315" /><testcase classname="backend.tests.test_iteration_83_mood_panel.TestInspirationsArchive" name="test_brand_filter_bonaldo" time="0.316" /><testcase classname="backend.tests.test_iteration_83_mood_panel.TestInspirationsArchive" name="test_catalogs" time="0.303" /><testcase classname="backend.tests.test_iteration_83_mood_panel.TestDisplayMeta" name="test_patch_display_meta" time="0.729" /><testcase classname="backend.tests.test_iteration_83_mood_panel.TestBlockMetadataPersistence" name="test_create_image_block_with_inspiration_meta" time="2.906" /><testcase classname="backend.tests.test_iteration_83_mood_panel.TestUsageEvents" name="test_emit_added_to_moodboard" time="0.301"><skipped type="pytest.skip" message="no product inspirations">/app/backend/tests/test_iteration_83_mood_panel.py:125: no product inspirations</skipped></testcase></testsuite></testsuites>