<?xml version="1.0" encoding="utf-8"?><testsuites name="pytest tests"><testsuite name="pytest" errors="0" failures="0" skipped="0" tests="5" time="13.691" timestamp="2026-05-13T19:40:02.738118+00:00" hostname="agent-env-2479e3dc-7db3-468a-a990-94da8dcb375c"><testcase classname="backend.tests.test_ux_bug_sprint_post_f2.TestApplyTemplateBatchInsertPerf" name="test_luxury_apply_completes_quickly" time="2.753" /><testcase classname="backend.tests.test_ux_bug_sprint_post_f2.TestApplyTemplateBatchInsertPerf" name="test_luxury_apply_pages_and_landing" time="1.342" /><testcase classname="backend.tests.test_ux_bug_sprint_post_f2.TestApplyTemplateBatchInsertPerf" name="test_luxury_apply_blocks_scoped_to_pages" time="1.221" /><testcase classname="backend.tests.test_ux_bug_sprint_post_f2.TestApplyTemplateBatchInsertPerf" name="test_hospitality_apply_also_batches" time="1.468" /><testcase classname="backend.tests.test_ux_bug_sprint_post_f2.TestInjectTemplateStillWorks" name="test_inject_appends_pages_at_end" time="6.838" /></testsuite></testsuites>