<?xml version="1.0" encoding="utf-8"?><testsuites name="pytest tests"><testsuite name="pytest" errors="0" failures="0" skipped="0" tests="20" time="24.948" timestamp="2026-05-24T01:44:36.268926+00:00" hostname="agent-env-2479e3dc-7db3-468a-a990-94da8dcb375c"><testcase classname="tests.test_iter146_core_module_safety" name="test_migration_080_marks_canonical_critical_modules" time="0.580" /><testcase classname="tests.test_iter146_core_module_safety" name="test_is_core_critical_helper" time="0.132" /><testcase classname="tests.test_iter146_core_module_safety" name="test_resolver_auto_forces_critical_when_disabled_via_platform_default" time="0.778" /><testcase classname="tests.test_iter146_core_module_safety" name="test_resolver_auto_forces_critical_when_hidden_via_tenant_flag" time="0.886" /><testcase classname="tests.test_iter146_core_module_safety" name="test_enforce_blocks_feature_flag_disable_on_critical" time="0.256" /><testcase classname="tests.test_iter146_core_module_safety" name="test_enforce_blocks_enabled_modules_toggle_off_on_critical" time="0.251" /><testcase classname="tests.test_iter146_core_module_safety" name="test_enforce_allows_critical_toggle_on" time="0.126" /><testcase classname="tests.test_iter146_core_module_safety" name="test_enforce_allows_noncritical_disable" time="0.127" /><testcase classname="tests.test_iter146_core_module_safety" name="test_patch_platform_default_rejects_disabled_on_critical" time="3.545" /><testcase classname="tests.test_iter146_core_module_safety" name="test_patch_platform_default_allows_noncritical_disable" time="0.626" /><testcase classname="tests.test_iter146_core_module_safety" name="test_runtime_bundle_exposes_is_core_critical" time="0.368" /><testcase classname="tests.test_iter146_lead_pipeline" name="test_private_lead_creates_db_row_with_runtime_identity" time="2.632" /><testcase classname="tests.test_iter146_lead_pipeline" name="test_private_lead_triggers_confirmation_email" time="2.121" /><testcase classname="tests.test_iter146_lead_pipeline" name="test_private_lead_creates_funnel_event" time="2.119" /><testcase classname="tests.test_iter146_lead_pipeline" name="test_pro_lead_persists_extended_schema" time="2.358" /><testcase classname="tests.test_iter146_lead_pipeline" name="test_pro_lead_triggers_partnership_email" time="2.118" /><testcase classname="tests.test_iter146_lead_pipeline" name="test_unknown_tenant_returns_404" time="0.132" /><testcase classname="tests.test_iter146_lead_pipeline" name="test_lead_type_enum_extended" time="0.899" /><testcase classname="tests.test_iter146_lead_pipeline" name="test_design_journey_initiate_triggers_emails" time="2.303" /><testcase classname="tests.test_iter149_runtime_identity_parity" name="test_begin_journey_unified_leads_row_has_full_runtime_identity" time="2.295" /></testsuite></testsuites>