<?xml version="1.0" encoding="utf-8"?><testsuites name="pytest tests"><testsuite name="pytest" errors="0" failures="0" skipped="0" tests="4" time="36.612" timestamp="2026-05-19T19:07:37.413489+00:00" hostname="agent-env-2479e3dc-7db3-468a-a990-94da8dcb375c"><testcase classname="backend.tests.test_iteration_79_narrative_mode" name="test_backend1_editorial_voice_put_and_get" time="2.451" /><testcase classname="backend.tests.test_iteration_79_narrative_mode" name="test_backend6_editorial_voice_survives_partial_put" time="1.748" /><testcase classname="backend.tests.test_iteration_79_narrative_mode" name="test_backend2_retry_without_body_full_pipeline" time="0.676" /><testcase classname="backend.tests.test_iteration_79_narrative_mode" name="test_backend3_4_5_retry_with_body_narrative_only" time="31.668" /></testsuite></testsuites>