<?xml version="1.0" encoding="utf-8"?><testsuites name="pytest tests"><testsuite name="pytest" errors="0" failures="0" skipped="0" tests="23" time="19.385" timestamp="2026-05-16T03:24:32.110337+00:00" hostname="agent-env-2479e3dc-7db3-468a-a990-94da8dcb375c"><testcase classname="backend.tests.test_p06_project_workspace" name="test_project_detail[adea95da-3ff8-4a10-80db-bbc02a0ed119]" time="1.790" /><testcase classname="backend.tests.test_p06_project_workspace" name="test_project_detail[48c02e6b-2e4f-4ce8-a87a-2de1ec81c474]" time="0.802" /><testcase classname="backend.tests.test_p06_project_workspace" name="test_project_detail[d7833e2f-235b-4ef0-a671-dc9083870086]" time="0.787" /><testcase classname="backend.tests.test_p06_project_workspace" name="test_inspirations[adea95da-3ff8-4a10-80db-bbc02a0ed119]" time="0.423" /><testcase classname="backend.tests.test_p06_project_workspace" name="test_inspirations[48c02e6b-2e4f-4ce8-a87a-2de1ec81c474]" time="0.421" /><testcase classname="backend.tests.test_p06_project_workspace" name="test_inspirations[d7833e2f-235b-4ef0-a671-dc9083870086]" time="0.415" /><testcase classname="backend.tests.test_p06_project_workspace" name="test_timeline[adea95da-3ff8-4a10-80db-bbc02a0ed119]" time="0.790" /><testcase classname="backend.tests.test_p06_project_workspace" name="test_timeline[48c02e6b-2e4f-4ce8-a87a-2de1ec81c474]" time="0.784" /><testcase classname="backend.tests.test_p06_project_workspace" name="test_timeline[d7833e2f-235b-4ef0-a671-dc9083870086]" time="0.779" /><testcase classname="backend.tests.test_p06_project_workspace" name="test_materials[adea95da-3ff8-4a10-80db-bbc02a0ed119]" time="0.415" /><testcase classname="backend.tests.test_p06_project_workspace" name="test_materials[48c02e6b-2e4f-4ce8-a87a-2de1ec81c474]" time="0.423" /><testcase classname="backend.tests.test_p06_project_workspace" name="test_materials[d7833e2f-235b-4ef0-a671-dc9083870086]" time="0.414" /><testcase classname="backend.tests.test_p06_project_workspace" name="test_proposals[adea95da-3ff8-4a10-80db-bbc02a0ed119]" time="0.658" /><testcase classname="backend.tests.test_p06_project_workspace" name="test_proposals[48c02e6b-2e4f-4ce8-a87a-2de1ec81c474]" time="0.655" /><testcase classname="backend.tests.test_p06_project_workspace" name="test_proposals[d7833e2f-235b-4ef0-a671-dc9083870086]" time="0.662" /><testcase classname="backend.tests.test_p06_project_workspace" name="test_conversations[adea95da-3ff8-4a10-80db-bbc02a0ed119]" time="0.539" /><testcase classname="backend.tests.test_p06_project_workspace" name="test_conversations[48c02e6b-2e4f-4ce8-a87a-2de1ec81c474]" time="0.537" /><testcase classname="backend.tests.test_p06_project_workspace" name="test_conversations[d7833e2f-235b-4ef0-a671-dc9083870086]" time="0.539" /><testcase classname="backend.tests.test_p06_project_workspace" name="test_ai_brief_get_seeded" time="0.414" /><testcase classname="backend.tests.test_p06_project_workspace" name="test_tenant_isolation[adea95da-3ff8-4a10-80db-bbc02a0ed119]" time="2.621" /><testcase classname="backend.tests.test_p06_project_workspace" name="test_tenant_isolation[48c02e6b-2e4f-4ce8-a87a-2de1ec81c474]" time="2.048" /><testcase classname="backend.tests.test_p06_project_workspace" name="test_tenant_isolation[d7833e2f-235b-4ef0-a671-dc9083870086]" time="2.093" /><testcase classname="backend.tests.test_p06_project_workspace" name="test_unknown_project_404" time="0.290" /></testsuite></testsuites>