<?xml version="1.0" encoding="utf-8"?><testsuites name="pytest tests"><testsuite name="pytest" errors="0" failures="0" skipped="0" tests="20" time="27.406" timestamp="2026-06-03T23:12:07.453033+00:00" hostname="agent-env-2479e3dc-7db3-468a-a990-94da8dcb375c"><testcase classname="backend.tests.test_iter_m4_notification_center" name="test_categories_returns_9_m4_categories" time="1.926" /><testcase classname="backend.tests.test_iter_m4_notification_center" name="test_debug_publish_increments_unread_count" time="1.619" /><testcase classname="backend.tests.test_iter_m4_notification_center" name="test_debug_publish_unknown_category_rejected" time="0.368" /><testcase classname="backend.tests.test_iter_m4_notification_center" name="test_high_priority_increments_high_count" time="1.635" /><testcase classname="backend.tests.test_iter_m4_notification_center" name="test_list_returns_user_notifications_desc" time="0.385" /><testcase classname="backend.tests.test_iter_m4_notification_center" name="test_list_filter_only_unread" time="0.382" /><testcase classname="backend.tests.test_iter_m4_notification_center" name="test_list_filter_by_category" time="0.379" /><testcase classname="backend.tests.test_iter_m4_notification_center" name="test_list_filter_archived" time="0.381" /><testcase classname="backend.tests.test_iter_m4_notification_center" name="test_mark_read_clears_unread" time="1.877" /><testcase classname="backend.tests.test_iter_m4_notification_center" name="test_mark_read_other_user_returns_403" time="1.025" /><testcase classname="backend.tests.test_iter_m4_notification_center" name="test_archive_other_user_returns_403" time="1.022" /><testcase classname="backend.tests.test_iter_m4_notification_center" name="test_mark_all_read_clears_unread" time="1.441" /><testcase classname="backend.tests.test_iter_m4_notification_center" name="test_archive_single_notification" time="1.894" /><testcase classname="backend.tests.test_iter_m4_notification_center" name="test_archive_read_bulk" time="1.944" /><testcase classname="backend.tests.test_iter_m4_notification_center" name="test_preferences_returns_row_per_category" time="0.509" /><testcase classname="backend.tests.test_iter_m4_notification_center" name="test_preferences_opt_out_blocks_publish" time="1.754" /><testcase classname="backend.tests.test_iter_m4_notification_center" name="test_hook_new_contact_emits_notification" time="3.454" /><testcase classname="backend.tests.test_iter_m4_notification_center" name="test_hook_new_activity_emits_notification" time="2.522" /><testcase classname="backend.tests.test_iter_m4_notification_center" name="test_hook_activity_assigned" time="1.878" /><testcase classname="backend.tests.test_iter_m4_notification_center" name="test_run_followup_overdue_cron" time="0.908" /></testsuite></testsuites>