<?xml version="1.0" encoding="utf-8"?><testsuites name="pytest tests"><testsuite name="pytest" errors="0" failures="0" skipped="0" tests="15" time="15.112" timestamp="2026-06-03T05:46:57.111609+00:00" hostname="agent-env-2479e3dc-7db3-468a-a990-94da8dcb375c"><testcase classname="backend.tests.test_iter204_studio_library" name="test_stats_requires_auth" time="0.146" /><testcase classname="backend.tests.test_iter204_studio_library" name="test_stats_returns_counts" time="1.080" /><testcase classname="backend.tests.test_iter204_studio_library" name="test_list_empty_or_array" time="0.413" /><testcase classname="backend.tests.test_iter204_studio_library" name="test_list_filter_invalid_entity_type" time="0.228" /><testcase classname="backend.tests.test_iter204_studio_library" name="test_save_brand_then_idempotent" time="1.655" /><testcase classname="backend.tests.test_iter204_studio_library" name="test_save_invalid_entity_type" time="0.233" /><testcase classname="backend.tests.test_iter204_studio_library" name="test_save_invalid_source_type" time="0.230" /><testcase classname="backend.tests.test_iter204_studio_library" name="test_save_source_type_null_allowed" time="0.848" /><testcase classname="backend.tests.test_iter204_studio_library" name="test_save_each_entity_type" time="3.366" /><testcase classname="backend.tests.test_iter204_studio_library" name="test_toggle_saves_then_unsaves" time="1.079" /><testcase classname="backend.tests.test_iter204_studio_library" name="test_delete_unknown_returns_404" time="0.376" /><testcase classname="backend.tests.test_iter204_studio_library" name="test_delete_by_id_flow" time="0.983" /><testcase classname="backend.tests.test_iter204_studio_library" name="test_resolved_returns_entity_or_missing" time="1.881" /><testcase classname="backend.tests.test_iter204_studio_library" name="test_resolved_hydrates_real_brand" time="0.866" /><testcase classname="backend.tests.test_iter204_studio_library" name="test_brand_save_syncs_legacy_links" time="1.654" /></testsuite></testsuites>