<?xml version="1.0" encoding="utf-8"?><testsuites name="pytest tests"><testsuite name="pytest" errors="0" failures="0" skipped="0" tests="25" time="30.782" timestamp="2026-06-23T06:02:57.309014+00:00" hostname="agent-env-351b2593-ba5a-4a8c-86bc-cd92e67d4f51"><testcase classname="backend.tests.test_i18n_multilingual_fix.TestManifestLocaleAwareness" name="test_manifest_it_step1_title" time="1.755" /><testcase classname="backend.tests.test_i18n_multilingual_fix.TestManifestLocaleAwareness" name="test_manifest_en_step1_title" time="1.703" /><testcase classname="backend.tests.test_i18n_multilingual_fix.TestManifestLocaleAwareness" name="test_manifest_en_btn_continue_not_italian" time="1.600" /><testcase classname="backend.tests.test_i18n_multilingual_fix.TestManifestLocaleAwareness" name="test_manifest_it_btn_continue" time="1.599" /><testcase classname="backend.tests.test_i18n_multilingual_fix.TestManifestLocaleAwareness" name="test_manifest_en_manifest_error_locale_aware" time="1.619" /><testcase classname="backend.tests.test_i18n_multilingual_fix.TestManifestLocaleAwareness" name="test_manifest_it_manifest_error_italian" time="1.592" /><testcase classname="backend.tests.test_i18n_multilingual_fix.TestManifestLocaleAwareness" name="test_manifest_en_step2_market_eyebrow_english" time="1.613" /><testcase classname="backend.tests.test_i18n_multilingual_fix.TestManifestLocaleAwareness" name="test_manifest_en_city_fallback_hint_english" time="1.603" /><testcase classname="backend.tests.test_i18n_multilingual_fix.TestManifestLocaleAwareness" name="test_manifest_it_city_fallback_hint_italian" time="1.570" /><testcase classname="backend.tests.test_i18n_multilingual_fix.TestManifestLocaleAwareness" name="test_manifest_loading_message_key_exists" time="3.178" /><testcase classname="backend.tests.test_i18n_multilingual_fix.TestManifestLocaleAwareness" name="test_manifest_contains_required_keys" time="3.181" /><testcase classname="backend.tests.test_i18n_multilingual_fix.TestNavigationLocaleAwareness" name="test_nav_it_endpoint_returns_200" time="2.879" /><testcase classname="backend.tests.test_i18n_multilingual_fix.TestNavigationLocaleAwareness" name="test_nav_en_endpoint_returns_200" time="1.174" /><testcase classname="backend.tests.test_i18n_multilingual_fix.TestNavigationLocaleAwareness" name="test_nav_it_has_5_main_items" time="0.086" /><testcase classname="backend.tests.test_i18n_multilingual_fix.TestNavigationLocaleAwareness" name="test_nav_en_has_5_main_items" time="0.093" /><testcase classname="backend.tests.test_i18n_multilingual_fix.TestNavigationLocaleAwareness" name="test_nav_it_labels_italian" time="0.096" /><testcase classname="backend.tests.test_i18n_multilingual_fix.TestNavigationLocaleAwareness" name="test_nav_en_labels_english" time="0.086" /><testcase classname="backend.tests.test_i18n_multilingual_fix.TestNavigationLocaleAwareness" name="test_nav_it_right_items_login_accedi" time="0.096" /><testcase classname="backend.tests.test_i18n_multilingual_fix.TestNavigationLocaleAwareness" name="test_nav_en_right_items_login_sign_in" time="0.090" /><testcase classname="backend.tests.test_i18n_multilingual_fix.TestNavigationLocaleAwareness" name="test_nav_it_audience_href_italian" time="0.132" /><testcase classname="backend.tests.test_i18n_multilingual_fix.TestNavigationLocaleAwareness" name="test_nav_en_audience_href_returns_italian_slug_for_localization" time="0.086" /><testcase classname="backend.tests.test_i18n_multilingual_fix.TestStartStudioRedirect" name="test_start_studio_does_not_404" time="0.099" /><testcase classname="backend.tests.test_i18n_multilingual_fix.TestManifestStructure" name="test_manifest_has_archetypes" time="1.586" /><testcase classname="backend.tests.test_i18n_multilingual_fix.TestManifestStructure" name="test_manifest_en_archetypes_not_italian" time="1.601" /><testcase classname="backend.tests.test_i18n_multilingual_fix.TestManifestStructure" name="test_manifest_has_help_topics" time="1.595" /></testsuite></testsuites>