<?xml version="1.0" encoding="utf-8"?><testsuites name="pytest tests"><testsuite name="pytest" errors="0" failures="0" skipped="0" tests="5" time="8.119" timestamp="2026-05-18T11:48:19.598559+00:00" hostname="agent-env-2479e3dc-7db3-468a-a990-94da8dcb375c"><testcase classname="backend.tests.test_iteration_61_market_editions" name="test_master_appears_in_list" time="2.247" /><testcase classname="backend.tests.test_iteration_61_market_editions" name="test_markets_endpoint" time="0.332" /><testcase classname="backend.tests.test_iteration_61_market_editions" name="test_schedule_requires_approved_status" time="1.185" /><testcase classname="backend.tests.test_iteration_61_market_editions" name="test_schedule_accepts_after_approval" time="2.432" /><testcase classname="backend.tests.test_iteration_61_market_editions" name="test_media_list_for_delete_protection" time="1.852" /></testsuite></testsuites>