<?xml version="1.0" encoding="utf-8"?><testsuites name="pytest tests"><testsuite name="pytest" errors="0" failures="0" skipped="2" tests="6" time="2.915" timestamp="2026-05-17T22:31:22.225164+00:00" hostname="agent-env-2479e3dc-7db3-468a-a990-94da8dcb375c"><testcase classname="backend.tests.test_phase_e3_p3_seo_locale" name="test_public_editorial_returns_slug_map_by_locale" time="1.763" /><testcase classname="backend.tests.test_phase_e3_p3_seo_locale" name="test_public_editorial_preview_anonymous_no_unlock" time="0.396" /><testcase classname="backend.tests.test_phase_e3_p3_seo_locale" name="test_public_editorial_preview_anonymous_unknown_returns_404" time="0.378" /><testcase classname="backend.tests.test_phase_e3_p3_seo_locale" name="test_public_editorial_locale_preview_flag_false_when_published_no_session" time="0.104"><skipped type="pytest.skip" message="No published variant available">/app/backend/tests/test_phase_e3_p3_seo_locale.py:92: No published variant available</skipped></testcase><testcase classname="backend.tests.test_phase_e3_p3_seo_locale" name="test_slug_map_values_are_variant_slugs_not_prefix_replaced" time="0.094"><skipped type="pytest.skip" message="No published variant">/app/backend/tests/test_phase_e3_p3_seo_locale.py:115: No published variant</skipped></testcase><testcase classname="backend.tests.test_phase_e3_p3_seo_locale" name="test_internal_translation_endpoint_requires_auth" time="0.113" /></testsuite></testsuites>