<?xml version="1.0" encoding="utf-8"?><testsuites name="pytest tests"><testsuite name="pytest" errors="0" failures="0" skipped="0" tests="21" time="11.227" timestamp="2026-05-19T21:28:42.608866+00:00" hostname="agent-env-2479e3dc-7db3-468a-a990-94da8dcb375c"><testcase classname="backend.tests.test_iteration_82_brand_registry.TestBrandAutocomplete" name="test_seeded_at_least_15_curated_brands" time="2.060" /><testcase classname="backend.tests.test_iteration_82_brand_registry.TestBrandAutocomplete" name="test_curated_have_metadata" time="0.000" /><testcase classname="backend.tests.test_iteration_82_brand_registry.TestBrandAutocomplete" name="test_filter_q_case_insensitive" time="0.336" /><testcase classname="backend.tests.test_iteration_82_brand_registry.TestBrandCreate" name="test_create_brand_studio_private" time="0.470" /><testcase classname="backend.tests.test_iteration_82_brand_registry.TestBrandCreate" name="test_create_brand_idempotent" time="0.306" /><testcase classname="backend.tests.test_iteration_82_brand_registry.TestBrandCreate" name="test_create_brand_slug_format" time="0.441" /><testcase classname="backend.tests.test_iteration_82_brand_registry.TestCollectionsRegistry" name="test_list_collections_bonaldo" time="0.435" /><testcase classname="backend.tests.test_iteration_82_brand_registry.TestCollectionsRegistry" name="test_create_collection_under_bonaldo" time="1.000" /><testcase classname="backend.tests.test_iteration_82_brand_registry.TestCollectionsRegistry" name="test_create_collection_idempotent" time="0.428" /><testcase classname="backend.tests.test_iteration_82_brand_registry.TestTaxonomy" name="test_14_categories_and_6_rights" time="0.047" /><testcase classname="backend.tests.test_iteration_82_brand_registry.TestTaxonomy" name="test_rights_flags_semantic" time="0.049" /><testcase classname="backend.tests.test_iteration_82_brand_registry.TestTagRegistry" name="test_tags_by_type_seeded[atmosphere]" time="0.316" /><testcase classname="backend.tests.test_iteration_82_brand_registry.TestTagRegistry" name="test_tags_by_type_seeded[material]" time="0.306" /><testcase classname="backend.tests.test_iteration_82_brand_registry.TestTagRegistry" name="test_tags_by_type_seeded[brand]" time="0.308" /><testcase classname="backend.tests.test_iteration_82_brand_registry.TestTagRegistry" name="test_brand_tags_includes_15_seeded" time="0.308" /><testcase classname="backend.tests.test_iteration_82_brand_registry.TestCatalogWithRegistryIds" name="test_create_catalog_resolves_brand_and_collection" time="1.456" /><testcase classname="backend.tests.test_iteration_82_brand_registry.TestCatalogValidation" name="test_invalid_brand_id_400" time="0.311" /><testcase classname="backend.tests.test_iteration_82_brand_registry.TestCatalogValidation" name="test_collection_mismatched_brand_400" time="0.740" /><testcase classname="backend.tests.test_iteration_82_brand_registry.TestCatalogValidation" name="test_legacy_brand_text_only_still_works" time="0.609" /><testcase classname="backend.tests.test_iteration_82_brand_registry.TestUsageEvents" name="test_create_event_invalid_product" time="0.443" /><testcase classname="backend.tests.test_iteration_82_brand_registry.TestUsageEvents" name="test_create_event_with_existing_product" time="0.752" /></testsuite></testsuites>