<?xml version="1.0" encoding="utf-8"?><testsuites name="pytest tests"><testsuite name="pytest" errors="0" failures="0" skipped="0" tests="17" time="9.509" timestamp="2026-05-13T00:07:40.282286+00:00" hostname="agent-env-2479e3dc-7db3-468a-a990-94da8dcb375c"><testcase classname="tests.test_public_navigation" name="test_public_tenant_config_no_auth" time="1.026" /><testcase classname="tests.test_public_navigation" name="test_public_tenant_unknown_returns_404" time="0.473" /><testcase classname="tests.test_public_navigation" name="test_public_homepage_returns_page" time="0.442" /><testcase classname="tests.test_public_navigation" name="test_public_about_404_when_not_published" time="0.419" /><testcase classname="tests.test_public_navigation" name="test_editor_endpoints_require_auth[GET-/api/settings/navigation]" time="0.155" /><testcase classname="tests.test_public_navigation" name="test_editor_endpoints_require_auth[PUT-/api/settings/navigation]" time="0.159" /><testcase classname="tests.test_public_navigation" name="test_editor_endpoints_require_auth[POST-/api/settings/navigation/reset]" time="0.150" /><testcase classname="tests.test_public_navigation" name="test_editor_endpoints_require_auth[GET-/api/settings/footer]" time="0.157" /><testcase classname="tests.test_public_navigation" name="test_editor_endpoints_require_auth[PUT-/api/settings/footer]" time="0.153" /><testcase classname="tests.test_public_navigation" name="test_editor_endpoints_require_auth[POST-/api/settings/footer/reset]" time="0.151" /><testcase classname="tests.test_public_navigation" name="test_get_navigation_authenticated" time="1.196" /><testcase classname="tests.test_public_navigation" name="test_get_footer_authenticated" time="0.553" /><testcase classname="tests.test_public_navigation" name="test_put_navigation_i18n_and_reflected_publicly" time="1.270" /><testcase classname="tests.test_public_navigation" name="test_put_footer_persists" time="1.341" /><testcase classname="tests.test_public_navigation" name="test_reset_navigation_restores_default" time="0.805" /><testcase classname="tests.test_public_navigation" name="test_reset_footer_restores_default" time="0.796" /><testcase classname="tests.test_public_navigation" name="test_navigation_defaults_endpoint" time="0.158" /></testsuite></testsuites>