<?xml version="1.0" encoding="utf-8"?><testsuites name="pytest tests"><testsuite name="pytest" errors="0" failures="0" skipped="0" tests="12" time="10.407" timestamp="2026-06-04T00:42:16.583380+00:00" hostname="agent-env-2479e3dc-7db3-468a-a990-94da8dcb375c"><testcase classname="backend.tests.test_brand_registry_enhancement.TestBrandCategoriesCatalog" name="test_list_returns_18_categories_with_fields" time="1.082" /><testcase classname="backend.tests.test_brand_registry_enhancement.TestBrandCategoriesCatalog" name="test_suggested_only_returns_9" time="0.300" /><testcase classname="backend.tests.test_brand_registry_enhancement.TestTagRegistry" name="test_brand_tags_suggested_only" time="0.296" /><testcase classname="backend.tests.test_brand_registry_enhancement.TestTagRegistry" name="test_brand_tags_autocomplete_q" time="0.301" /><testcase classname="backend.tests.test_brand_registry_enhancement.TestTagRegistry" name="test_create_tag_idempotent" time="0.724" /><testcase classname="backend.tests.test_brand_registry_enhancement.TestBrandCreate" name="test_categories_drop_unknown_preserve_order_dedup" time="0.552" /><testcase classname="backend.tests.test_brand_registry_enhancement.TestBrandCreate" name="test_tags_slugify_dedup_persist" time="1.082" /><testcase classname="backend.tests.test_brand_registry_enhancement.TestBrandCreate" name="test_legacy_category_backcompat" time="0.571" /><testcase classname="backend.tests.test_brand_registry_enhancement.TestBrandCreate" name="test_empty_categories_no_fallback" time="0.424" /><testcase classname="backend.tests.test_brand_registry_enhancement.TestBrandPatch" name="test_patch_overwrites_categories_and_tags" time="1.578" /><testcase classname="backend.tests.test_brand_registry_enhancement.TestBrandCategoriesRBAC" name="test_super_admin_upsert_and_soft_deactivate" time="1.136" /><testcase classname="backend.tests.test_brand_registry_enhancement.TestBrandCategoriesRBAC" name="test_unauthenticated_upsert_blocked" time="2.292" /></testsuite></testsuites>