<?xml version="1.0" encoding="utf-8"?><testsuites name="pytest tests"><testsuite name="pytest" errors="0" failures="1" skipped="0" tests="7" time="6.902" timestamp="2026-05-19T22:09:40.854260+00:00" hostname="agent-env-2479e3dc-7db3-468a-a990-94da8dcb375c"><testcase classname="backend.tests.test_iteration_83_mood_panel.TestInspirationsArchive" name="test_editorial_filter" time="1.762" /><testcase classname="backend.tests.test_iteration_83_mood_panel.TestInspirationsArchive" name="test_product_filter" time="0.350" /><testcase classname="backend.tests.test_iteration_83_mood_panel.TestInspirationsArchive" name="test_brand_filter_bonaldo" time="0.335" /><testcase classname="backend.tests.test_iteration_83_mood_panel.TestInspirationsArchive" name="test_catalogs" time="0.312" /><testcase classname="backend.tests.test_iteration_83_mood_panel.TestDisplayMeta" name="test_patch_display_meta" time="0.785" /><testcase classname="backend.tests.test_iteration_83_mood_panel.TestBlockMetadataPersistence" name="test_create_image_block_with_inspiration_meta" time="2.500"><failure message="AssertionError: assert None == 'Bonaldo'&#10; +  where None = &lt;built-in method get of dict object at 0xfef617651b40&gt;('brand')&#10; +    where &lt;built-in method get of dict object at 0xfef617651b40&gt; = {}.get">backend/tests/test_iteration_83_mood_panel.py:109: in test_create_image_block_with_inspiration_meta
    assert meta.get('brand') == 'Bonaldo'
E   AssertionError: assert None == 'Bonaldo'
E    +  where None = &lt;built-in method get of dict object at 0xfef617651b40&gt;('brand')
E    +    where &lt;built-in method get of dict object at 0xfef617651b40&gt; = {}.get</failure></testcase><testcase classname="backend.tests.test_iteration_83_mood_panel.TestUsageEvents" name="test_emit_added_to_moodboard" time="0.765" /></testsuite></testsuites>