<?xml version="1.0" encoding="utf-8"?><testsuites name="pytest tests"><testsuite name="pytest" errors="0" failures="0" skipped="0" tests="11" time="1.737" timestamp="2026-05-17T17:50:46.462538+00:00" hostname="agent-env-2479e3dc-7db3-468a-a990-94da8dcb375c"><testcase classname="tests.test_relationship_lookups_locale" name="test_all_required_groups_present" time="1.158" /><testcase classname="tests.test_relationship_lookups_locale" name="test_lifecycle_stage_has_all_six_locales" time="0.000" /><testcase classname="tests.test_relationship_lookups_locale" name="test_lifecycle_stage_has_color_metadata" time="0.000" /><testcase classname="tests.test_relationship_lookups_locale" name="test_en_us_differs_from_en_gb_on_lead_stage" time="0.000" /><testcase classname="tests.test_relationship_lookups_locale" name="test_account_type_has_all_six_locales" time="0.000" /><testcase classname="tests.test_relationship_lookups_locale" name="test_source_has_all_six_locales" time="0.000" /><testcase classname="tests.test_relationship_lookups_locale" name="test_no_legacy_language_only_keys" time="0.000" /><testcase classname="tests.test_relationship_lookups_locale" name="test_priority_carries_color_metadata" time="0.000" /><testcase classname="tests.test_relationship_lookups_locale" name="test_relationship_health_carries_color_metadata" time="0.000" /><testcase classname="tests.test_relationship_lookups_locale" name="test_lookups_filter_by_group" time="0.418" /><testcase classname="tests.test_relationship_lookups_locale" name="test_lookups_requires_authentication" time="0.102" /></testsuite></testsuites>