<?xml version="1.0" encoding="utf-8"?><testsuites name="pytest tests"><testsuite name="pytest" errors="0" failures="0" skipped="0" tests="27" time="38.101" timestamp="2026-05-24T02:44:34.814572+00:00" hostname="agent-env-2479e3dc-7db3-468a-a990-94da8dcb375c"><testcase classname="tests.test_iter147_profile_identity" name="test_upsert_source_creates_block_and_source_row" time="2.841" /><testcase classname="tests.test_iter147_profile_identity" name="test_translate_call_carries_cultural_directive" time="1.488" /><testcase classname="tests.test_iter147_profile_identity" name="test_manual_override_persists" time="3.180" /><testcase classname="tests.test_iter147_profile_identity" name="test_locked_locale_blocks_regeneration" time="1.952" /><testcase classname="tests.test_iter147_profile_identity" name="test_restore_ale_drops_manual" time="3.417" /><testcase classname="tests.test_iter147_profile_identity" name="test_resolve_for_locale_in_family_fallback" time="2.326" /><testcase classname="tests.test_iter147_profile_identity" name="test_directive_builder_returns_calibration_per_locale" time="0.000" /><testcase classname="tests.test_iter147_profile_identity" name="test_get_identity_reports_missing_for_unwritten_fields" time="0.852" /><testcase classname="tests.test_iter146_core_module_safety" name="test_migration_080_marks_canonical_critical_modules" time="0.123" /><testcase classname="tests.test_iter146_core_module_safety" name="test_is_core_critical_helper" time="0.127" /><testcase classname="tests.test_iter146_core_module_safety" name="test_resolver_auto_forces_critical_when_disabled_via_platform_default" time="0.743" /><testcase classname="tests.test_iter146_core_module_safety" name="test_resolver_auto_forces_critical_when_hidden_via_tenant_flag" time="0.854" /><testcase classname="tests.test_iter146_core_module_safety" name="test_enforce_blocks_feature_flag_disable_on_critical" time="0.249" /><testcase classname="tests.test_iter146_core_module_safety" name="test_enforce_blocks_enabled_modules_toggle_off_on_critical" time="0.253" /><testcase classname="tests.test_iter146_core_module_safety" name="test_enforce_allows_critical_toggle_on" time="0.124" /><testcase classname="tests.test_iter146_core_module_safety" name="test_enforce_allows_noncritical_disable" time="0.126" /><testcase classname="tests.test_iter146_core_module_safety" name="test_patch_platform_default_rejects_disabled_on_critical" time="3.519" /><testcase classname="tests.test_iter146_core_module_safety" name="test_patch_platform_default_allows_noncritical_disable" time="0.615" /><testcase classname="tests.test_iter146_core_module_safety" name="test_runtime_bundle_exposes_is_core_critical" time="0.366" /><testcase classname="tests.test_iter146_lead_pipeline" name="test_private_lead_creates_db_row_with_runtime_identity" time="2.774" /><testcase classname="tests.test_iter146_lead_pipeline" name="test_private_lead_triggers_confirmation_email" time="2.083" /><testcase classname="tests.test_iter146_lead_pipeline" name="test_private_lead_creates_funnel_event" time="2.069" /><testcase classname="tests.test_iter146_lead_pipeline" name="test_pro_lead_persists_extended_schema" time="2.275" /><testcase classname="tests.test_iter146_lead_pipeline" name="test_pro_lead_triggers_partnership_email" time="2.055" /><testcase classname="tests.test_iter146_lead_pipeline" name="test_unknown_tenant_returns_404" time="0.128" /><testcase classname="tests.test_iter146_lead_pipeline" name="test_lead_type_enum_extended" time="0.998" /><testcase classname="tests.test_iter146_lead_pipeline" name="test_design_journey_initiate_triggers_emails" time="2.266" /></testsuite></testsuites>