<?xml version="1.0" encoding="utf-8"?><testsuites name="pytest tests"><testsuite name="pytest" errors="5" failures="0" skipped="0" tests="26" time="11.123" timestamp="2026-05-20T22:28:44.407253+00:00" hostname="agent-env-2479e3dc-7db3-468a-a990-94da8dcb375c"><testcase classname="backend.tests.test_iteration_111_certified_closure.TestClientJourneyListing" name="test_journey_listing_marks_archived" time="2.517" /><testcase classname="backend.tests.test_iteration_111_certified_closure.TestClientDossier" name="test_client_can_open_dossier" time="2.337"><error message="failed on setup with &quot;KeyError: 'zero_data'&quot;">backend/tests/test_iteration_111_certified_closure.py:68: in archived_journey_id
    assert d["zero_data"] is False
           ^^^^^^^^^^^^^^
E   KeyError: 'zero_data'</error></testcase><testcase classname="backend.tests.test_iteration_111_certified_closure.TestClientDossier" name="test_dossier_includes_chapters_and_visuals" time="0.000"><error message="failed on setup with &quot;KeyError: 'zero_data'&quot;">backend/tests/test_iteration_111_certified_closure.py:68: in archived_journey_id
    assert d["zero_data"] is False
           ^^^^^^^^^^^^^^
E   KeyError: 'zero_data'</error></testcase><testcase classname="backend.tests.test_iteration_111_certified_closure.TestStudioDossierAndArchive" name="test_studio_can_open_dossier" time="0.587"><error message="failed on setup with &quot;KeyError: 'zero_data'&quot;">backend/tests/test_iteration_111_certified_closure.py:68: in archived_journey_id
    assert d["zero_data"] is False
           ^^^^^^^^^^^^^^
E   KeyError: 'zero_data'</error></testcase><testcase classname="backend.tests.test_iteration_111_certified_closure.TestStudioDossierAndArchive" name="test_studio_archive_index" time="0.800" /><testcase classname="backend.tests.test_iteration_111_certified_closure.TestStudioDossierAndArchive" name="test_client_archive_index" time="0.931" /><testcase classname="backend.tests.test_iteration_111_certified_closure.TestCertifyCeremony" name="test_certify_then_reopen_roundtrip" time="3.826" /><testcase classname="backend.tests.test_iteration_111_certified_closure.TestArchiveRBAC" name="test_client_cannot_certify" time="0.000"><error message="failed on setup with &quot;KeyError: 'zero_data'&quot;">backend/tests/test_iteration_111_certified_closure.py:68: in archived_journey_id
    assert d["zero_data"] is False
           ^^^^^^^^^^^^^^
E   KeyError: 'zero_data'</error></testcase><testcase classname="backend.tests.test_iteration_111_certified_closure.TestArchiveRBAC" name="test_client_cannot_open_studio_dossier" time="0.000"><error message="failed on setup with &quot;KeyError: 'zero_data'&quot;">backend/tests/test_iteration_111_certified_closure.py:68: in archived_journey_id
    assert d["zero_data"] is False
           ^^^^^^^^^^^^^^
E   KeyError: 'zero_data'</error></testcase><testcase classname="backend.tests.test_iteration_111_certified_closure.TestRouterEditorialItalian" name="test_router_uses_italian_editorial" time="0.000" /><testcase classname="backend.tests.test_iteration_111_certified_closure.TestRouterEditorialItalian" name="test_router_zero_celebratory_vocabulary" time="0.000" /><testcase classname="backend.tests.test_iteration_111_certified_closure.TestDossierFrontend" name="test_dossier_section_exists" time="0.000" /><testcase classname="backend.tests.test_iteration_111_certified_closure.TestDossierFrontend" name="test_dossier_uses_editorial_italian" time="0.000" /><testcase classname="backend.tests.test_iteration_111_certified_closure.TestDossierFrontend" name="test_dossier_has_no_celebration_or_marketing" time="0.000" /><testcase classname="backend.tests.test_iteration_111_certified_closure.TestDossierFrontend" name="test_dossier_preserves_voices_without_composer" time="0.000" /><testcase classname="backend.tests.test_iteration_111_certified_closure.TestDossierFrontend" name="test_dossier_before_after_uses_documentary_labels" time="0.000" /><testcase classname="backend.tests.test_iteration_111_certified_closure.TestDossierFrontend" name="test_dossier_css_has_attenuated_glow" time="0.000" /><testcase classname="backend.tests.test_iteration_111_certified_closure.TestCompanionArchiveMode" name="test_companion_imports_dossier" time="0.000" /><testcase classname="backend.tests.test_iteration_111_certified_closure.TestCompanionArchiveMode" name="test_companion_passes_journey_id_to_dossier" time="0.000" /><testcase classname="backend.tests.test_iteration_111_certified_closure.TestCompanionArchiveMode" name="test_companion_keeps_existing_active_flow" time="0.000" /><testcase classname="backend.tests.test_iteration_111_certified_closure.TestIndexArchiveSection" name="test_index_separates_active_from_archived" time="0.000" /><testcase classname="backend.tests.test_iteration_111_certified_closure.TestIndexArchiveSection" name="test_index_auto_redirect_only_for_single_active" time="0.000" /><testcase classname="backend.tests.test_iteration_111_certified_closure.TestStudioClosureCeremony" name="test_ceremony_exists_and_wired" time="0.000" /><testcase classname="backend.tests.test_iteration_111_certified_closure.TestStudioClosureCeremony" name="test_journey_tab_renders_ceremony_for_certified_closure" time="0.000" /><testcase classname="backend.tests.test_iteration_111_certified_closure.TestBreraSeed" name="test_seed_creates_brera_archived_journey" time="0.000" /><testcase classname="backend.tests.test_iteration_111_certified_closure.TestBreraSeed" name="test_seed_includes_dossier_metadata_and_marker" time="0.001" /></testsuite></testsuites>