<?xml version="1.0" encoding="utf-8"?><testsuites name="pytest tests"><testsuite name="pytest" errors="0" failures="0" skipped="0" tests="16" time="10.188" timestamp="2026-06-20T02:32:46.402586+00:00" hostname="agent-env-c7c7c9f0-0560-4cf3-a896-188b174a6b9d"><testcase classname="backend.tests.test_published_journeys.TestAdminPublishedJourneysList" name="test_list_returns_200" time="1.361" /><testcase classname="backend.tests.test_published_journeys.TestAdminPublishedJourneysList" name="test_list_has_items_key" time="0.370" /><testcase classname="backend.tests.test_published_journeys.TestAdminPublishedJourneysList" name="test_list_has_6_journeys" time="0.367" /><testcase classname="backend.tests.test_published_journeys.TestAdminPublishedJourneysList" name="test_list_item_has_required_fields" time="0.365" /><testcase classname="backend.tests.test_published_journeys.TestAdminPublishedJourneyDetail" name="test_detail_returns_200" time="0.884" /><testcase classname="backend.tests.test_published_journeys.TestAdminPublishedJourneyDetail" name="test_detail_has_item_and_translations" time="0.496" /><testcase classname="backend.tests.test_published_journeys.TestAdminPublishedJourneyDetail" name="test_detail_item_has_story_content" time="0.533" /><testcase classname="backend.tests.test_published_journeys.TestAdminPublishedJourneyDetail" name="test_translations_is_list" time="0.512" /><testcase classname="backend.tests.test_published_journeys.TestAdminTranslationsEndpoint" name="test_translations_endpoint_200" time="0.888" /><testcase classname="backend.tests.test_published_journeys.TestAdminTranslationsEndpoint" name="test_translations_response_structure" time="0.501" /><testcase classname="backend.tests.test_published_journeys.TestAdminTranslationUpsert" name="test_upsert_translation_en_us" time="1.020" /><testcase classname="backend.tests.test_published_journeys.TestAdminTranslationUpsert" name="test_translation_persisted" time="0.506" /><testcase classname="backend.tests.test_published_journeys.TestAdminJourneyCreate" name="test_create_journey" time="0.511" /><testcase classname="backend.tests.test_published_journeys.TestAdminJourneyCreate" name="test_created_journey_retrievable" time="0.504" /><testcase classname="backend.tests.test_published_journeys.TestAdminJourneyCreate" name="test_publish_created_journey" time="0.643" /><testcase classname="backend.tests.test_published_journeys.TestAdminJourneyCreate" name="test_cleanup_archive_test_journey" time="0.633" /></testsuite></testsuites>