<?xml version="1.0" encoding="utf-8"?><testsuites name="pytest tests"><testsuite name="pytest" errors="0" failures="0" skipped="0" tests="5" time="29.440" timestamp="2026-05-18T01:50:41.093736+00:00" hostname="agent-env-2479e3dc-7db3-468a-a990-94da8dcb375c"><testcase classname="backend.tests.test_phase_s_connect_step3_e2e" name="test_compose_market_edition_real_claude" time="23.561" /><testcase classname="backend.tests.test_phase_s_connect_step3_e2e" name="test_variant_patch_then_publish_then_public" time="2.241" /><testcase classname="backend.tests.test_phase_s_connect_step3_e2e" name="test_cross_tenant_isolation_read" time="0.940" /><testcase classname="backend.tests.test_phase_s_connect_step3_e2e" name="test_cross_tenant_isolation_patch" time="0.378" /><testcase classname="backend.tests.test_phase_s_connect_step3_e2e" name="test_cross_tenant_isolation_delete" time="2.256" /></testsuite></testsuites>