<?xml version="1.0" encoding="utf-8"?><testsuites name="pytest tests"><testsuite name="pytest" errors="0" failures="0" skipped="0" tests="6" time="4.836" timestamp="2026-06-04T21:04:26.851175+00:00" hostname="agent-env-2479e3dc-7db3-468a-a990-94da8dcb375c"><testcase classname="backend.tests.test_review_workspace_v3" name="test_future_uses_shape" time="2.284" /><testcase classname="backend.tests.test_review_workspace_v3" name="test_future_uses_404_on_bad_entity" time="0.438" /><testcase classname="backend.tests.test_review_workspace_v3" name="test_connected_assets_shape" time="0.722" /><testcase classname="backend.tests.test_review_workspace_v3" name="test_project_impact_placeholder" time="0.562" /><testcase classname="backend.tests.test_review_workspace_v3" name="test_apply_correction_persists_ledger" time="0.577" /><testcase classname="backend.tests.test_review_workspace_v3" name="test_apply_correction_rejects_bad_scope" time="0.180" /></testsuite></testsuites>