<?xml version="1.0" encoding="utf-8"?><testsuites name="pytest tests"><testsuite name="pytest" errors="0" failures="0" skipped="1" tests="10" time="15.391" timestamp="2026-06-09T01:16:45.596996+00:00" hostname="agent-env-2479e3dc-7db3-468a-a990-94da8dcb375c"><testcase classname="backend.tests.test_iter219_concept_pulse" name="test_pulse_returns_latest_shared_set" time="1.903" /><testcase classname="backend.tests.test_iter219_concept_pulse" name="test_pulse_never_leaks_raw_score" time="0.544" /><testcase classname="backend.tests.test_iter219_concept_pulse" name="test_pulse_response_schema" time="0.562" /><testcase classname="backend.tests.test_iter219_concept_pulse" name="test_pulse_ranking_sort_order" time="0.530" /><testcase classname="backend.tests.test_iter219_concept_pulse" name="test_pulse_suggested_action_when_preferred" time="0.536" /><testcase classname="backend.tests.test_iter219_concept_pulse" name="test_pulse_quick_actions" time="0.528" /><testcase classname="backend.tests.test_iter219_concept_pulse" name="test_pulse_is_read_only_no_status_change" time="1.631" /><testcase classname="backend.tests.test_iter219_concept_pulse" name="test_pulse_no_shared_set_branch" time="7.985"><skipped type="pytest.skip" message="journey init failed: 201">/app/backend/tests/test_iter219_concept_pulse.py:180: journey init failed: 201</skipped></testcase><testcase classname="backend.tests.test_iter219_concept_pulse" name="test_regression_concept_directions_list" time="0.578" /><testcase classname="backend.tests.test_iter219_concept_pulse" name="test_regression_client_concepts" time="0.526" /></testsuite></testsuites>