<?xml version="1.0" encoding="utf-8"?><testsuites name="pytest tests"><testsuite name="pytest" errors="0" failures="0" skipped="0" tests="69" time="52.315" timestamp="2026-05-24T00:58:53.018230+00:00" hostname="agent-env-2479e3dc-7db3-468a-a990-94da8dcb375c"><testcase classname="tests.test_iter143a_editorial_runtime" name="test_begin_journey_it_bundle_present" time="0.343" /><testcase classname="tests.test_iter143a_editorial_runtime" name="test_begin_journey_en_us_zero_italian_leak" time="0.264" /><testcase classname="tests.test_iter143a_editorial_runtime" name="test_begin_journey_active_locales_have_coverage" time="1.051" /><testcase classname="tests.test_iter143a_editorial_runtime" name="test_strict_locale_chain_no_cross_family_fallback" time="0.262" /><testcase classname="tests.test_iter143a_editorial_runtime" name="test_professionals_bundle_all_locales" time="1.265" /><testcase classname="tests.test_iter143a_editorial_runtime" name="test_orchestrator_upsert_and_resolve_in_process" time="1.383" /><testcase classname="tests.test_iter143c_blueprint_governance" name="test_root_me" time="0.821" /><testcase classname="tests.test_iter143c_blueprint_governance" name="test_collaborator_rejected" time="0.557" /><testcase classname="tests.test_iter143c_blueprint_governance" name="test_anonymous_rejected" time="0.003" /><testcase classname="tests.test_iter143c_blueprint_governance" name="test_dashboard_shape" time="1.638" /><testcase classname="tests.test_iter143c_blueprint_governance" name="test_demo_status_available" time="0.753" /><testcase classname="tests.test_iter143c_blueprint_governance" name="test_db_root_unique_constraint" time="0.125" /><testcase classname="tests.test_iter143c_blueprint_governance" name="test_legacy_superadmin_routes_redirect" time="0.004" /><testcase classname="tests.test_iter143c_blueprint_governance" name="test_editorial_runtime_listing" time="0.563" /><testcase classname="tests.test_iter143d_email_orchestration" name="test_auth_redirect_resolver_unit" time="0.001" /><testcase classname="tests.test_iter143d_email_orchestration" name="test_forgot_password_tenant_aware_redirect" time="1.412" /><testcase classname="tests.test_iter143d_email_orchestration" name="test_forgot_password_different_tenant" time="1.311" /><testcase classname="tests.test_iter143d_email_orchestration" name="test_email_events_logged" time="1.170" /><testcase classname="tests.test_iter143d_email_orchestration" name="test_resend_test_email_endpoint" time="0.444" /><testcase classname="tests.test_iter143d_email_orchestration" name="test_email_event_detail" time="0.996" /><testcase classname="tests.test_iter143d_email_orchestration" name="test_studio_tenant_email_settings_exists" time="0.170" /><testcase classname="tests.test_iter143d_email_orchestration" name="test_golden_demo_tenant_slug_is_studio" time="0.124" /><testcase classname="tests.test_iter143d_email_orchestration" name="test_no_atelier_subdomain_references" time="0.014" /><testcase classname="tests.test_iter143e_tenant_branding" name="test_get_branding" time="0.656" /><testcase classname="tests.test_iter143e_tenant_branding" name="test_patch_branding_persists" time="0.759" /><testcase classname="tests.test_iter143e_tenant_branding" name="test_preview_renders" time="0.129" /><testcase classname="tests.test_iter143e_tenant_branding" name="test_branding_blocks_non_admin" time="0.537" /><testcase classname="tests.test_iter143e_tenant_branding" name="test_search_finds_subject" time="0.259" /><testcase classname="tests.test_iter143e_tenant_branding" name="test_provider_health" time="0.255" /><testcase classname="tests.test_iter143e_tenant_branding" name="test_webhook_signature_optional_in_dev" time="0.003" /><testcase classname="tests.test_iter143e_tenant_branding" name="test_no_supabase_default_email" time="1.250" /><testcase classname="tests.test_iter144_1_runtime_continuity" name="test_email_branding_patch_mirrors_into_tenant_configuration" time="2.337" /><testcase classname="tests.test_iter144_1_runtime_continuity" name="test_preview_endpoint_accepts_locale" time="0.375" /><testcase classname="tests.test_iter144_1_runtime_continuity" name="test_module_guard_editorial_blocks_seeded" time="0.180" /><testcase classname="tests.test_iter144_tenant_foundation" name="test_get_tenant_configuration_for_root" time="0.530" /><testcase classname="tests.test_iter144_tenant_foundation" name="test_get_tenant_configuration_for_tenant_admin" time="0.522" /><testcase classname="tests.test_iter144_tenant_foundation" name="test_patch_branding_persists_and_resolves" time="1.254" /><testcase classname="tests.test_iter144_tenant_foundation" name="test_patch_navigation_overrides_hide_and_rename" time="1.262" /><testcase classname="tests.test_iter144_tenant_foundation" name="test_blueprint_admin_feature_modules_listing" time="0.384" /><testcase classname="tests.test_iter144_tenant_foundation" name="test_blueprint_admin_patch_platform_default" time="1.760" /><testcase classname="tests.test_iter144_tenant_foundation" name="test_core_module_cannot_be_disabled" time="0.251" /><testcase classname="tests.test_iter144_tenant_foundation" name="test_tenant_admin_cannot_reach_blueprint_admin" time="0.255" /><testcase classname="tests.test_iter144_tenant_foundation" name="test_configuration_change_events_audit_trail" time="1.774" /><testcase classname="tests.test_iter144_tenant_foundation" name="test_admin_patch_tenant_configuration_via_blueprint_admin" time="1.047" /><testcase classname="tests.test_iter144_tenant_foundation" name="test_modules_endpoint_returns_effective_state" time="0.133" /><testcase classname="tests.test_iter144_tenant_foundation" name="test_runtime_section_present_in_bundle" time="0.252" /><testcase classname="tests.test_iter144_tenant_foundation" name="test_subdomain_resolution_via_host_header" time="0.499" /><testcase classname="tests.test_iter144_tenant_foundation" name="test_email_identity_in_bundle" time="0.251" /><testcase classname="tests.test_iter144_tenant_foundation" name="test_custom_email_identity_promotes_source" time="1.514" /><testcase classname="tests.test_iter144_tenant_foundation" name="test_runtime_inspector_root_only" time="0.631" /><testcase classname="tests.test_iter144_tenant_foundation" name="test_runtime_inspector_by_tenant_id" time="0.752" /><testcase classname="tests.test_iter145_multilingual_email" name="test_email_editorial_blocks_seeded" time="0.205" /><testcase classname="tests.test_iter145_multilingual_email" name="test_resolve_email_copy_it_returns_italian" time="0.247" /><testcase classname="tests.test_iter145_multilingual_email" name="test_resolve_email_copy_en_returns_english_via_ALE" time="0.243" /><testcase classname="tests.test_iter145_multilingual_email" name="test_resolve_email_copy_fallback_chain_in_family" time="0.245" /><testcase classname="tests.test_iter145_multilingual_email" name="test_resolve_enabled_locales_default_envelope" time="0.546" /><testcase classname="tests.test_iter145_multilingual_email" name="test_locale_isolation_via_filter" time="0.000" /><testcase classname="tests.test_iter145_multilingual_email" name="test_render_password_reset_it_uses_editorial_subject" time="0.000" /><testcase classname="tests.test_iter145_multilingual_email" name="test_render_password_reset_en_uses_translated_subject" time="0.000" /><testcase classname="tests.test_iter145_multilingual_email" name="test_render_subject_differs_across_locales" time="0.492" /><testcase classname="tests.test_iter145_multilingual_email" name="test_runtime_inspector_exposes_locale_block" time="0.770" /><testcase classname="tests.test_iter146_lead_pipeline" name="test_private_lead_creates_db_row_with_runtime_identity" time="2.266" /><testcase classname="tests.test_iter146_lead_pipeline" name="test_private_lead_triggers_confirmation_email" time="2.583" /><testcase classname="tests.test_iter146_lead_pipeline" name="test_private_lead_creates_funnel_event" time="2.234" /><testcase classname="tests.test_iter146_lead_pipeline" name="test_pro_lead_persists_extended_schema" time="2.227" /><testcase classname="tests.test_iter146_lead_pipeline" name="test_pro_lead_triggers_partnership_email" time="2.543" /><testcase classname="tests.test_iter146_lead_pipeline" name="test_unknown_tenant_returns_404" time="0.126" /><testcase classname="tests.test_iter146_lead_pipeline" name="test_lead_type_enum_extended" time="0.902" /><testcase classname="tests.test_iter146_lead_pipeline" name="test_design_journey_initiate_triggers_emails" time="2.046" /></testsuite></testsuites>