<?xml version="1.0" encoding="utf-8"?><testsuites name="pytest tests"><testsuite name="pytest" errors="0" failures="2" skipped="0" tests="14" time="40.590" timestamp="2026-05-15T18:07:56.377695+00:00" hostname="agent-env-2479e3dc-7db3-468a-a990-94da8dcb375c"><testcase classname="tests.test_dashboard_summary.TestDashboardSummary" name="test_returns_200" time="4.302"><failure message="AssertionError: {&quot;detail&quot;:&quot;Upstream temporarily unavailable&quot;}&#10;assert 503 == 200&#10; +  where 503 = &lt;Response [503]&gt;.status_code">tests/test_dashboard_summary.py:68: in test_returns_200
    assert r.status_code == 200, r.text
E   AssertionError: {"detail":"Upstream temporarily unavailable"}
E   assert 503 == 200
E    +  where 503 = &lt;Response [503]&gt;.status_code</failure></testcase><testcase classname="tests.test_dashboard_summary.TestDashboardSummary" name="test_top_level_keys" time="3.665" /><testcase classname="tests.test_dashboard_summary.TestDashboardSummary" name="test_kpis_shape" time="2.820" /><testcase classname="tests.test_dashboard_summary.TestDashboardSummary" name="test_featured_projects_shape" time="2.631" /><testcase classname="tests.test_dashboard_summary.TestDashboardSummary" name="test_tasks_shape" time="2.542" /><testcase classname="tests.test_dashboard_summary.TestDashboardSummary" name="test_recent_activity_shape" time="2.540" /><testcase classname="tests.test_dashboard_summary.TestDashboardSummary" name="test_media_preview_shape" time="2.492" /><testcase classname="tests.test_dashboard_summary.TestDashboardSummary" name="test_top_materials_shape" time="2.587" /><testcase classname="tests.test_dashboard_summary.TestDashboardSummary" name="test_team_activity_shape" time="2.528" /><testcase classname="tests.test_dashboard_summary.TestDashboardSummary" name="test_timeline_shape" time="2.549" /><testcase classname="tests.test_dashboard_summary.TestRBAC" name="test_client_role_blocked" time="3.128"><failure message="AssertionError: expected 403 for client, got 200: {&quot;kpis&quot;:[{&quot;id&quot;:&quot;active_projects&quot;,&quot;labelKey&quot;:&quot;dashboard.kpi.active_projects&quot;,&quot;value&quot;:56,&quot;format&quot;:&quot;int&quot;,&quot;trend&quot;:99,&quot;sparkl&#10;assert 200 == 403&#10; +  where 200 = &lt;Response [200]&gt;.status_code">tests/test_dashboard_summary.py:166: in test_client_role_blocked
    assert r.status_code == 403, f"expected 403 for client, got {r.status_code}: {r.text[:120]}"
E   AssertionError: expected 403 for client, got 200: {"kpis":[{"id":"active_projects","labelKey":"dashboard.kpi.active_projects","value":56,"format":"int","trend":99,"sparkl
E   assert 200 == 403
E    +  where 200 = &lt;Response [200]&gt;.status_code</failure></testcase><testcase classname="tests.test_dashboard_summary.TestRBAC" name="test_designer_allowed" time="3.303" /><testcase classname="tests.test_dashboard_summary.TestTenantIsolation" name="test_studio2_has_different_payload" time="4.224" /><testcase classname="tests.test_dashboard_summary.TestTenantIsolation" name="test_studio2_returns_200_even_when_sparse" time="1.167" /></testsuite></testsuites>