<?xml version="1.0" encoding="utf-8"?><testsuites name="pytest tests"><testsuite name="pytest" errors="0" failures="0" skipped="0" tests="47" time="90.606" timestamp="2026-05-17T22:03:28.440572+00:00" hostname="agent-env-2479e3dc-7db3-468a-a990-94da8dcb375c"><testcase classname="tests.test_phase_e_1a_editorial" name="test_seven_editorial_groups_are_platform_only" time="2.134" /><testcase classname="tests.test_phase_e_1a_editorial" name="test_revision_options_are_editorial_grade" time="0.000" /><testcase classname="tests.test_phase_e_1a_editorial" name="test_cta_tier_has_three_levels_and_crm_mapping" time="0.000" /><testcase classname="tests.test_phase_e_1a_editorial" name="test_editorial_lookups_have_all_six_locales" time="0.000" /><testcase classname="tests.test_phase_e_1a_editorial" name="test_master_create_and_list" time="0.968" /><testcase classname="tests.test_phase_e_1a_editorial" name="test_master_duplicate_code_rejected" time="0.790" /><testcase classname="tests.test_phase_e_1a_editorial" name="test_variant_validates_tone_against_platform_lookup" time="1.576" /><testcase classname="tests.test_phase_e_1a_editorial" name="test_multiple_variants_per_master_market_allowed" time="2.621" /><testcase classname="tests.test_phase_e_1a_editorial" name="test_duplicate_variant_slug_within_same_edition_rejected" time="1.615" /><testcase classname="tests.test_phase_e_1a_editorial" name="test_legal_status_transitions" time="4.939" /><testcase classname="tests.test_phase_e_1a_editorial" name="test_illegal_status_jump_rejected" time="1.612" /><testcase classname="tests.test_phase_e_1a_editorial" name="test_unknown_status_rejected" time="1.661" /><testcase classname="tests.test_phase_e_1a_editorial" name="test_revision_append_validates_options_and_bumps_counter" time="4.804" /><testcase classname="tests.test_phase_e_1a_editorial" name="test_public_cta_click_is_anonymous_soft_no_account" time="5.136" /><testcase classname="tests.test_phase_e_1a_editorial" name="test_public_cta_click_strong_creates_full_crm_chain" time="7.086" /><testcase classname="tests.test_phase_e_1a_editorial" name="test_public_cta_click_unknown_tenant_404" time="0.244" /><testcase classname="tests.test_phase_e_1a_editorial" name="test_public_cta_click_invalid_tier_400" time="0.368" /><testcase classname="tests.test_phase_e_1a_editorial" name="test_calendar_returns_scheduled_variants" time="4.566" /><testcase classname="tests.test_phase_e_1b_studio" name="test_internal_translation_endpoint_requires_auth" time="0.112" /><testcase classname="tests.test_phase_e_1b_studio" name="test_market_learnings_endpoint_returns_structure" time="1.472" /><testcase classname="tests.test_phase_e_1b_studio" name="test_recompute_learnings_is_idempotent" time="3.150" /><testcase classname="tests.test_phase_e_1b_studio" name="test_calendar_never_leaks_internal_translation" time="0.387" /><testcase classname="tests.test_phase_e_1b_studio" name="test_public_storefront_markets_never_mentions_ai" time="0.492" /><testcase classname="tests.test_phase_e_1b_studio" name="test_refine_angle_validates_options" time="1.432" /><testcase classname="tests.test_phase_e_1b_studio" name="test_composition_log_endpoint_returns_modules_when_present" time="32.550" /><testcase classname="tests.test_phase_r_market_1a" name="test_public_markets_is_anonymous" time="0.492" /><testcase classname="tests.test_phase_r_market_1a" name="test_public_markets_only_returns_active" time="0.476" /><testcase classname="tests.test_phase_r_market_1a" name="test_public_markets_includes_core_contract_fields" time="0.466" /><testcase classname="tests.test_phase_r_market_1a" name="test_public_markets_unknown_tenant_404" time="0.246" /><testcase classname="tests.test_phase_r_market_1a" name="test_tenant_me_markets_returns_all_thirteen" time="1.009" /><testcase classname="tests.test_phase_r_market_1a" name="test_tenant_me_markets_shows_activation_state" time="0.481" /><testcase classname="tests.test_phase_r_market_1a" name="test_usa_national_has_six_sub_regions" time="0.495" /><testcase classname="tests.test_phase_r_market_1a" name="test_super_admin_can_list_markets" time="0.363" /><testcase classname="tests.test_phase_r_market_1a" name="test_super_admin_endpoints_anonymous_rejected" time="0.096" /><testcase classname="tests.test_phase_r_market_1a" name="test_crm_core_groups_are_platform_scoped" time="0.600" /><testcase classname="tests.test_phase_r_market_1a" name="test_stylistic_groups_are_tenant_scoped" time="0.540" /><testcase classname="tests.test_phase_r_market_1a" name="test_lifecycle_stage_keeps_six_locales_after_migration" time="0.473" /><testcase classname="tests.test_phase_r_market_1a" name="test_tenant_can_toggle_market_activation" time="2.158" /><testcase classname="tests.test_phase_r_market_1b_locale_wiring.TestPublicMarkets" name="test_anonymous_access_ok" time="0.464" /><testcase classname="tests.test_phase_r_market_1b_locale_wiring.TestPublicMarkets" name="test_active_markets_count_and_shape" time="0.468" /><testcase classname="tests.test_phase_r_market_1b_locale_wiring.TestPublicMarkets" name="test_exactly_one_default" time="0.470" /><testcase classname="tests.test_phase_r_market_1b_locale_wiring.TestPublicMarkets" name="test_no_internal_translation_locales_exposed" time="0.466" /><testcase classname="tests.test_phase_r_market_1b_locale_wiring.TestPublicMarkets" name="test_unknown_tenant_returns_404" time="0.261" /><testcase classname="tests.test_phase_r_market_1b_locale_wiring.TestLocaleResolvePublic" name="test_anonymous_access" time="0.221" /><testcase classname="tests.test_phase_r_market_1b_locale_wiring.TestLocaleResolvePublic" name="test_saved_locale_hint" time="0.213" /><testcase classname="tests.test_phase_r_market_1b_locale_wiring.TestLocaleResolvePublic" name="test_invalid_saved_locale_still_resolves" time="0.222" /><testcase classname="tests.test_phase_r_market_1b_locale_wiring.TestInternalTranslationGuard" name="test_internal_translation_endpoint_requires_auth" time="0.123" /></testsuite></testsuites>