<?xml version="1.0" encoding="utf-8"?><testsuites name="pytest tests"><testsuite name="pytest" errors="0" failures="0" skipped="0" tests="8" time="16.300" timestamp="2026-05-24T00:58:30.438471+00:00" hostname="agent-env-2479e3dc-7db3-468a-a990-94da8dcb375c"><testcase classname="tests.test_iter146_lead_pipeline" name="test_private_lead_creates_db_row_with_runtime_identity" time="3.372" /><testcase classname="tests.test_iter146_lead_pipeline" name="test_private_lead_triggers_confirmation_email" time="2.347" /><testcase classname="tests.test_iter146_lead_pipeline" name="test_private_lead_creates_funnel_event" time="2.318" /><testcase classname="tests.test_iter146_lead_pipeline" name="test_pro_lead_persists_extended_schema" time="2.639" /><testcase classname="tests.test_iter146_lead_pipeline" name="test_pro_lead_triggers_partnership_email" time="2.317" /><testcase classname="tests.test_iter146_lead_pipeline" name="test_unknown_tenant_returns_404" time="0.129" /><testcase classname="tests.test_iter146_lead_pipeline" name="test_lead_type_enum_extended" time="0.947" /><testcase classname="tests.test_iter146_lead_pipeline" name="test_design_journey_initiate_triggers_emails" time="2.156" /></testsuite></testsuites>