<?xml version="1.0" encoding="utf-8"?><testsuites name="pytest tests"><testsuite name="pytest" errors="0" failures="0" skipped="0" tests="27" time="10.852" timestamp="2026-05-15T23:43:24.863146+00:00" hostname="agent-env-2479e3dc-7db3-468a-a990-94da8dcb375c"><testcase classname="backend.tests.test_phase_w_regression.TestAnonymousReturns401" name="test_anon_blocked[GET-/api/storefront/admin/registry]" time="0.151" /><testcase classname="backend.tests.test_phase_w_regression.TestAnonymousReturns401" name="test_anon_blocked[GET-/api/storefront/admin/pages]" time="0.117" /><testcase classname="backend.tests.test_phase_w_regression.TestAnonymousReturns401" name="test_anon_blocked[GET-/api/storefront/admin/pages/home]" time="0.108" /><testcase classname="backend.tests.test_phase_w_regression.TestAnonymousReturns401" name="test_anon_blocked[POST-/api/storefront/admin/pages/home/sections]" time="0.119" /><testcase classname="backend.tests.test_phase_w_regression.TestAnonymousReturns401" name="test_anon_blocked[GET-/api/client-messages/thread]" time="0.116" /><testcase classname="backend.tests.test_phase_w_regression.TestAnonymousReturns401" name="test_anon_blocked[GET-/api/client-messages/assignee/queue]" time="0.110" /><testcase classname="backend.tests.test_phase_w_regression.TestAnonymousReturns401" name="test_anon_blocked[POST-/api/client-messages/00000000-0000-0000-0000-000000000000/suggest-opening]" time="0.108" /><testcase classname="backend.tests.test_phase_w_regression.TestAnonymousReturns401" name="test_anon_blocked[GET-/api/human-assignment/me]" time="0.099" /><testcase classname="backend.tests.test_phase_w_regression.TestAnonymousReturns401" name="test_anon_blocked[GET-/api/profile/me]" time="0.099" /><testcase classname="backend.tests.test_phase_w_regression.TestAnonymousReturns401" name="test_anon_blocked[GET-/api/tenant-onboarding/status]" time="0.132" /><testcase classname="backend.tests.test_phase_w_regression.TestFakeTokenRejected" name="test_fake_token_blocked[GET-/api/storefront/admin/registry]" time="0.146" /><testcase classname="backend.tests.test_phase_w_regression.TestFakeTokenRejected" name="test_fake_token_blocked[GET-/api/storefront/admin/pages]" time="0.119" /><testcase classname="backend.tests.test_phase_w_regression.TestFakeTokenRejected" name="test_fake_token_blocked[GET-/api/storefront/admin/pages/home]" time="0.104" /><testcase classname="backend.tests.test_phase_w_regression.TestFakeTokenRejected" name="test_fake_token_blocked[POST-/api/storefront/admin/pages/home/sections]" time="0.174" /><testcase classname="backend.tests.test_phase_w_regression.TestFakeTokenRejected" name="test_fake_token_blocked[GET-/api/client-messages/thread]" time="0.110" /><testcase classname="backend.tests.test_phase_w_regression.TestFakeTokenRejected" name="test_fake_token_blocked[GET-/api/client-messages/assignee/queue]" time="0.120" /><testcase classname="backend.tests.test_phase_w_regression.TestFakeTokenRejected" name="test_fake_token_blocked[POST-/api/client-messages/00000000-0000-0000-0000-000000000000/suggest-opening]" time="0.109" /><testcase classname="backend.tests.test_phase_w_regression.TestFakeTokenRejected" name="test_fake_token_blocked[GET-/api/human-assignment/me]" time="0.108" /><testcase classname="backend.tests.test_phase_w_regression.TestFakeTokenRejected" name="test_fake_token_blocked[GET-/api/profile/me]" time="0.099" /><testcase classname="backend.tests.test_phase_w_regression.TestFakeTokenRejected" name="test_fake_token_blocked[GET-/api/tenant-onboarding/status]" time="0.110" /><testcase classname="backend.tests.test_phase_w_regression.TestPublicEndpointsStayOpen" name="test_briefing_summary_public" time="4.971" /><testcase classname="backend.tests.test_phase_w_regression.TestPublicEndpointsStayOpen" name="test_storefront_public_pages" time="0.124" /><testcase classname="backend.tests.test_phase_w_regression.TestLoginShape" name="test_demo_login" time="1.113" /><testcase classname="backend.tests.test_phase_w_regression.TestLoginShape" name="test_designer_login" time="0.524" /><testcase classname="backend.tests.test_phase_w_regression.TestLoginShape" name="test_client_login" time="0.530" /><testcase classname="backend.tests.test_phase_w_regression.TestLoginShape" name="test_studio2_login" time="0.523" /><testcase classname="backend.tests.test_phase_w_regression.TestCrossTenantIsolation" name="test_studio2_storefront_pages_isolated" time="0.636" /></testsuite></testsuites>