<?xml version="1.0" encoding="utf-8"?><testsuites name="pytest tests"><testsuite name="pytest" errors="0" failures="0" skipped="0" tests="16" time="14.353" timestamp="2026-05-13T11:12:41.987015+00:00" hostname="agent-env-2479e3dc-7db3-468a-a990-94da8dcb375c"><testcase classname="backend.tests.test_phase_e2_templates.TestTemplatesList" name="test_list_returns_seven_platform_starters" time="1.402" /><testcase classname="backend.tests.test_phase_e2_templates.TestTemplatesList" name="test_list_locale_italian_resolves_localized_label" time="0.318" /><testcase classname="backend.tests.test_phase_e2_templates.TestTemplatesList" name="test_list_category_filter" time="0.323" /><testcase classname="backend.tests.test_phase_e2_templates.TestTemplateDetail" name="test_detail_returns_normalized_blocks" time="0.778" /><testcase classname="backend.tests.test_phase_e2_templates.TestTemplateDetail" name="test_detail_404_on_garbage_uuid" time="0.194" /><testcase classname="backend.tests.test_phase_e2_templates.TestTemplateDetail" name="test_detail_404_on_unknown_uuid" time="0.312" /><testcase classname="backend.tests.test_phase_e2_templates.TestApplyTemplate" name="test_apply_creates_moodboard_with_blocks" time="2.298" /><testcase classname="backend.tests.test_phase_e2_templates.TestApplyTemplate" name="test_apply_404_on_unknown_template" time="0.317" /><testcase classname="backend.tests.test_phase_e2_templates.TestApplyTemplate" name="test_apply_rejects_invalid_payload" time="0.520" /><testcase classname="backend.tests.test_phase_e2_templates.TestSaveAsTemplate" name="test_save_moodboard_as_template_snapshots_blocks" time="2.368" /><testcase classname="backend.tests.test_phase_e2_templates.TestSaveAsTemplate" name="test_save_404_on_unknown_moodboard" time="0.319" /><testcase classname="backend.tests.test_phase_e2_templates.TestTenantIsolation" name="test_studio2_sees_only_platform_templates" time="3.575" /><testcase classname="backend.tests.test_phase_e2_templates.TestRBAC" name="test_client_403_on_apply" time="0.981" /><testcase classname="backend.tests.test_phase_e2_templates.TestRBAC" name="test_client_403_on_save_as_template" time="0.174" /><testcase classname="backend.tests.test_phase_e2_templates.TestRBAC" name="test_client_can_read_templates" time="0.293" /><testcase classname="backend.tests.test_phase_e2_templates.TestI18n" name="test_it_bundle_has_template_keys" time="0.082" /></testsuite></testsuites>