<?xml version="1.0" encoding="utf-8"?><testsuites name="pytest tests"><testsuite name="pytest" errors="0" failures="0" skipped="0" tests="5" time="20.593" timestamp="2026-06-08T00:00:10.480226+00:00" hostname="agent-env-2479e3dc-7db3-468a-a990-94da8dcb375c"><testcase classname="backend.tests.test_store001_store_mode.TestStoreModeGating" name="test_health" time="0.161" /><testcase classname="backend.tests.test_store001_store_mode.TestStoreModeGating" name="test_get_configuration_store_mode_true" time="2.299" /><testcase classname="backend.tests.test_store001_store_mode.TestStoreModeGating" name="test_store_items_have_required_fields" time="0.659" /><testcase classname="backend.tests.test_store001_store_mode.TestStoreModeGating" name="test_reversibility_flip_to_false_returns_full_nav" time="15.462" /><testcase classname="backend.tests.test_store001_store_mode.TestStoreModeGating" name="test_restoration_after_flip" time="1.920" /></testsuite></testsuites>