<?xml version="1.0" encoding="utf-8"?><testsuites name="pytest tests"><testsuite name="pytest" errors="0" failures="1" skipped="0" tests="15" time="13.401" timestamp="2026-05-24T08:43:29.346402+00:00" hostname="agent-env-2479e3dc-7db3-468a-a990-94da8dcb375c"><testcase classname="backend.tests.test_iter148_sprint_c_relations.TestRelationsStats" name="test_stats_requires_auth" time="0.155" /><testcase classname="backend.tests.test_iter148_sprint_c_relations.TestRelationsStats" name="test_stats_returns_keys" time="2.144" /><testcase classname="backend.tests.test_iter148_sprint_c_relations.TestRelationsLists" name="test_leads_shape_and_count" time="0.342" /><testcase classname="backend.tests.test_iter148_sprint_c_relations.TestRelationsLists" name="test_leads_filter_q" time="0.323" /><testcase classname="backend.tests.test_iter148_sprint_c_relations.TestRelationsLists" name="test_leads_filter_atmosphere" time="0.323" /><testcase classname="backend.tests.test_iter148_sprint_c_relations.TestRelationsLists" name="test_prospects_shape" time="0.320" /><testcase classname="backend.tests.test_iter148_sprint_c_relations.TestRelationsLists" name="test_accounts_shape" time="0.321" /><testcase classname="backend.tests.test_iter148_sprint_c_relations.TestDesigners" name="test_designers_shape" time="0.310" /><testcase classname="backend.tests.test_iter148_sprint_c_relations.TestWelcome" name="test_welcome_for_first_lead" time="0.749" /><testcase classname="backend.tests.test_iter148_sprint_c_relations.TestPromote" name="test_promote_lead_to_prospect_and_rollback" time="1.661" /><testcase classname="backend.tests.test_iter148_sprint_c_relations.TestPromote" name="test_promote_invalid_target_400" time="0.492" /><testcase classname="backend.tests.test_iter148_sprint_c_relations.TestPromote" name="test_promote_404_for_unknown_id" time="0.297" /><testcase classname="backend.tests.test_iter154_welcome_continuation" name="test_welcome_has_continuation_interview_when_score_lt_095" time="5.447" /><testcase classname="backend.tests.test_iter154_welcome_continuation" name="test_intake_groups_available_for_private_client" time="0.219" /><testcase classname="backend.tests.test_iter154_welcome_continuation" name="test_answer_event_accepts_tenant_slug_query" time="0.195"><failure message="AssertionError: answer-event route not found: 404 {&quot;detail&quot;:&quot;Tenant not found&quot;}&#10;assert 404 != 404&#10; +  where 404 = &lt;Response [404]&gt;.status_code">backend/tests/test_iter154_welcome_continuation.py:101: in test_answer_event_accepts_tenant_slug_query
    assert r.status_code != 404, f"answer-event route not found: {r.status_code} {r.text[:200]}"
E   AssertionError: answer-event route not found: 404 {"detail":"Tenant not found"}
E   assert 404 != 404
E    +  where 404 = &lt;Response [404]&gt;.status_code</failure></testcase></testsuite></testsuites>