<?xml version="1.0" encoding="utf-8"?><testsuites name="pytest tests"><testsuite name="pytest" errors="0" failures="0" skipped="0" tests="9" time="3.700" timestamp="2026-05-17T21:31:21.811802+00:00" hostname="agent-env-2479e3dc-7db3-468a-a990-94da8dcb375c"><testcase classname="backend.tests.test_phase_r_market_1b_locale_wiring.TestPublicMarkets" name="test_anonymous_access_ok" time="1.035" /><testcase classname="backend.tests.test_phase_r_market_1b_locale_wiring.TestPublicMarkets" name="test_active_markets_count_and_shape" time="0.488" /><testcase classname="backend.tests.test_phase_r_market_1b_locale_wiring.TestPublicMarkets" name="test_exactly_one_default" time="0.549" /><testcase classname="backend.tests.test_phase_r_market_1b_locale_wiring.TestPublicMarkets" name="test_no_internal_translation_locales_exposed" time="0.540" /><testcase classname="backend.tests.test_phase_r_market_1b_locale_wiring.TestPublicMarkets" name="test_unknown_tenant_returns_404" time="0.226" /><testcase classname="backend.tests.test_phase_r_market_1b_locale_wiring.TestLocaleResolvePublic" name="test_anonymous_access" time="0.236" /><testcase classname="backend.tests.test_phase_r_market_1b_locale_wiring.TestLocaleResolvePublic" name="test_saved_locale_hint" time="0.226" /><testcase classname="backend.tests.test_phase_r_market_1b_locale_wiring.TestLocaleResolvePublic" name="test_invalid_saved_locale_still_resolves" time="0.234" /><testcase classname="backend.tests.test_phase_r_market_1b_locale_wiring.TestInternalTranslationGuard" name="test_internal_translation_endpoint_requires_auth" time="0.095" /></testsuite></testsuites>