<?xml version="1.0" encoding="utf-8"?><testsuites name="pytest tests"><testsuite name="pytest" errors="0" failures="0" skipped="0" tests="7" time="3.850" timestamp="2026-05-28T03:03:48.810478+00:00" hostname="agent-env-2479e3dc-7db3-468a-a990-94da8dcb375c"><testcase classname="backend.tests.test_iter167_adaptive_access.TestIdentify" name="test_professional_returns_password_exists_true" time="0.674" /><testcase classname="backend.tests.test_iter167_adaptive_access.TestIdentify" name="test_unknown_email_returns_client_no_password" time="0.206" /><testcase classname="backend.tests.test_iter167_adaptive_access.TestIdentify" name="test_invalid_email_rejected" time="0.046" /><testcase classname="backend.tests.test_iter167_adaptive_access.TestIdentify" name="test_no_enumeration_leak_shape" time="0.422" /><testcase classname="backend.tests.test_iter167_adaptive_access.TestSilentMagicLink" name="test_known_email_returns_200" time="2.148" /><testcase classname="backend.tests.test_iter167_adaptive_access.TestSilentMagicLink" name="test_unknown_email_also_200_opaque" time="0.235" /><testcase classname="backend.tests.test_iter167_adaptive_access.TestJourneyPreparingNotBlocked" name="test_storefront_root_200" time="0.049" /></testsuite></testsuites>