<?xml version="1.0" encoding="utf-8"?><testsuites name="pytest tests"><testsuite name="pytest" errors="0" failures="0" skipped="1" tests="32" time="27.704" timestamp="2026-05-20T01:37:22.379482+00:00" hostname="agent-env-2479e3dc-7db3-468a-a990-94da8dcb375c"><testcase classname="backend.tests.test_iteration_88_brand_collection_crud.TestBrandCRUD" name="test_create_studio_brand" time="2.093" /><testcase classname="backend.tests.test_iteration_88_brand_collection_crud.TestBrandCRUD" name="test_patch_studio_brand" time="1.647" /><testcase classname="backend.tests.test_iteration_88_brand_collection_crud.TestBrandCRUD" name="test_patch_curated_brand_403" time="0.732" /><testcase classname="backend.tests.test_iteration_88_brand_collection_crud.TestBrandCRUD" name="test_delete_studio_brand" time="1.388" /><testcase classname="backend.tests.test_iteration_88_brand_collection_crud.TestBrandCRUD" name="test_delete_curated_brand_403" time="0.739" /><testcase classname="backend.tests.test_iteration_88_brand_collection_crud.TestBrandCRUD" name="test_atlas_includes_is_studio_private_flag" time="0.633" /><testcase classname="backend.tests.test_iteration_88_brand_collection_crud.TestCollectionCRUD" name="test_create_collection" time="1.615" /><testcase classname="backend.tests.test_iteration_88_brand_collection_crud.TestCollectionCRUD" name="test_patch_collection" time="1.829" /><testcase classname="backend.tests.test_iteration_88_brand_collection_crud.TestCollectionCRUD" name="test_delete_collection" time="1.151" /><testcase classname="backend.tests.test_iteration_88_brand_collection_crud.TestCollectionCRUD" name="test_curated_brand_collection_returns_403_on_delete" time="1.392"><skipped type="pytest.skip" message="No public curated collection in test data">/app/backend/tests/test_iteration_88_brand_collection_crud.py:163: No public curated collection in test data</skipped></testcase><testcase classname="backend.tests.test_iteration_83_mood_panel.TestInspirationsArchive" name="test_editorial_filter" time="0.856" /><testcase classname="backend.tests.test_iteration_83_mood_panel.TestInspirationsArchive" name="test_product_filter" time="0.331" /><testcase classname="backend.tests.test_iteration_83_mood_panel.TestInspirationsArchive" name="test_brand_filter_bonaldo" time="0.313" /><testcase classname="backend.tests.test_iteration_83_mood_panel.TestInspirationsArchive" name="test_catalogs" time="0.303" /><testcase classname="backend.tests.test_iteration_83_mood_panel.TestDisplayMeta" name="test_patch_display_meta" time="0.749" /><testcase classname="backend.tests.test_iteration_83_mood_panel.TestBlockMetadataPersistence" name="test_create_image_block_with_inspiration_meta" time="2.989" /><testcase classname="backend.tests.test_iteration_83_mood_panel.TestUsageEvents" name="test_emit_added_to_moodboard" time="0.760" /><testcase classname="backend.tests.test_iteration_85_magnetic_snap_curve" name="test_pull_factor_commit_zone" time="0.000" /><testcase classname="backend.tests.test_iteration_85_magnetic_snap_curve" name="test_pull_factor_outside_attract" time="0.000" /><testcase classname="backend.tests.test_iteration_85_magnetic_snap_curve" name="test_pull_factor_monotone_decreasing" time="0.000" /><testcase classname="backend.tests.test_iteration_85_magnetic_snap_curve" name="test_pull_factor_curve_shape" time="0.000" /><testcase classname="backend.tests.test_iteration_86_brand_mode.TestBrandsAtlas" name="test_atlas_returns_enriched_cards" time="1.156" /><testcase classname="backend.tests.test_iteration_86_brand_mode.TestBrandsAtlas" name="test_atlas_search_q" time="0.617" /><testcase classname="backend.tests.test_iteration_86_brand_mode.TestBrandsAtlas" name="test_bonaldo_has_product_aggregations" time="0.619" /><testcase classname="backend.tests.test_iteration_86_brand_mode.TestCuratorialProfile" name="test_profile_404_for_missing" time="0.383" /><testcase classname="backend.tests.test_iteration_86_brand_mode.TestCuratorialProfile" name="test_profile_shape_full" time="1.527" /><testcase classname="backend.tests.test_iteration_86_brand_mode.TestCuratorialProfile" name="test_profile_for_brand_without_data" time="1.319" /><testcase classname="backend.tests.test_iteration_87_product_category_filter" name="test_filters_endpoint_includes_product_categories" time="0.918" /><testcase classname="backend.tests.test_iteration_87_product_category_filter" name="test_filter_by_complementi_returns_only_that_category" time="0.391" /><testcase classname="backend.tests.test_iteration_87_product_category_filter" name="test_filter_by_sedie_returns_only_chairs" time="0.402" /><testcase classname="backend.tests.test_iteration_87_product_category_filter" name="test_filter_no_category_returns_all_types" time="0.377" /><testcase classname="backend.tests.test_iteration_87_product_category_filter" name="test_filter_category_combined_with_type_product" time="0.377" /></testsuite></testsuites>