<?xml version="1.0" encoding="utf-8"?><testsuites name="pytest tests"><testsuite name="pytest" errors="0" failures="1" skipped="0" tests="11" time="56.792" timestamp="2026-05-17T22:08:40.962257+00:00" hostname="agent-env-2479e3dc-7db3-468a-a990-94da8dcb375c"><testcase classname="tests.test_phase_e2_p2_editorial_public" name="test_public_editorial_404_when_unpublished" time="3.084" /><testcase classname="tests.test_phase_e2_p2_editorial_public" name="test_public_editorial_returns_published_variant_as_article" time="4.566" /><testcase classname="tests.test_phase_e2_p2_editorial_public" name="test_public_editorial_never_leaks_internal_translation" time="4.582" /><testcase classname="tests.test_phase_e2_p2_editorial_public" name="test_public_editorial_unknown_tenant_404" time="0.222" /><testcase classname="tests.test_phase_e2_p2_editorial_public" name="test_public_editorial_unknown_slug_404" time="0.347" /><testcase classname="tests.test_phase_e2_p2_editorial_public" name="test_internal_translation_anonymous_blocked" time="0.118" /><testcase classname="tests.test_phase_e2_p2_editorial_public" name="test_internal_translation_authenticated_ok" time="1.477" /><testcase classname="tests.test_phase_e2_p2_editorial_public" name="test_calendar_strips_internal_translation" time="0.501" /><testcase classname="tests.test_phase_e2_p2_editorial_public" name="test_toolbar_endpoint_surface_exists" time="11.131"><failure message="requests.exceptions.ReadTimeout: HTTPSConnectionPool(host='content-hub-pro-22.preview.emergentagent.com', port=443): Read timed out. (read timeout=10)">E   TimeoutError: The read operation timed out

The above exception was the direct cause of the following exception:
E   urllib3.exceptions.ReadTimeoutError: HTTPSConnectionPool(host='content-hub-pro-22.preview.emergentagent.com', port=443): Read timed out. (read timeout=10)

During handling of the above exception, another exception occurred:
E   requests.exceptions.ReadTimeout: HTTPSConnectionPool(host='content-hub-pro-22.preview.emergentagent.com', port=443): Read timed out. (read timeout=10)</failure></testcase><testcase classname="tests.test_phase_e2_p2_editorial_public" name="test_patch_variant_endpoint_for_autosave" time="26.633" /><testcase classname="tests.test_phase_e2_p2_editorial_public" name="test_schedule_endpoint_exists" time="4.051" /></testsuite></testsuites>