<?xml version="1.0" encoding="utf-8"?><testsuites name="pytest tests"><testsuite name="pytest" errors="0" failures="0" skipped="1" tests="7" time="5.749" timestamp="2026-06-06T02:25:48.346717+00:00" hostname="agent-env-2479e3dc-7db3-468a-a990-94da8dcb375c"><testcase classname="backend.tests.test_ke002_control_room" name="test_worker_status_shape" time="1.889" /><testcase classname="backend.tests.test_ke002_control_room" name="test_events_list_limit" time="0.485" /><testcase classname="backend.tests.test_ke002_control_room" name="test_needs_review_failed_document" time="0.488" /><testcase classname="backend.tests.test_ke002_control_room" name="test_needs_review_designer_ambiguous" time="0.496" /><testcase classname="backend.tests.test_ke002_control_room" name="test_retry_failed_dry_run" time="0.489" /><testcase classname="backend.tests.test_ke002_control_room" name="test_future_uses_v3_regression" time="0.570"><skipped type="pytest.skip" message="no entities in catalog set">/app/backend/tests/test_ke002_control_room.py:134: no entities in catalog set</skipped></testcase><testcase classname="backend.tests.test_ke002_control_room" name="test_polling_smoke" time="1.249" /></testsuite></testsuites>