<?xml version="1.0" encoding="utf-8"?><testsuites name="pytest tests"><testsuite name="pytest" errors="0" failures="0" skipped="0" tests="9" time="17.205" timestamp="2026-05-23T15:43:38.001236+00:00" hostname="agent-env-2479e3dc-7db3-468a-a990-94da8dcb375c"><testcase classname="backend.tests.test_iter138_atelier_media" name="test_presets_returns_four" time="1.416" /><testcase classname="backend.tests.test_iter138_atelier_media" name="test_upload_unauthenticated_rejected" time="0.111" /><testcase classname="backend.tests.test_iter138_atelier_media" name="test_upload_rejects_unsupported_mime" time="0.352" /><testcase classname="backend.tests.test_iter138_atelier_media" name="test_upload_rejects_invalid_media_kind" time="0.228" /><testcase classname="backend.tests.test_iter138_atelier_media" name="test_upload_rejects_oversize" time="1.355" /><testcase classname="backend.tests.test_iter138_atelier_media" name="test_upload_happy_path_and_dashboard_exposure" time="3.817" /><testcase classname="backend.tests.test_iter138_atelier_media" name="test_transform_updates_fields" time="3.344" /><testcase classname="backend.tests.test_iter138_atelier_media" name="test_transform_cross_tenant_returns_404" time="3.803" /><testcase classname="backend.tests.test_iter138_atelier_media" name="test_archive_removes_from_dashboard" time="2.680" /></testsuite></testsuites>