<?xml version="1.0" encoding="utf-8"?><testsuites name="pytest tests"><testsuite name="pytest" errors="0" failures="0" skipped="0" tests="14" time="13.733" timestamp="2026-05-13T18:58:23.881439+00:00" hostname="agent-env-2479e3dc-7db3-468a-a990-94da8dcb375c"><testcase classname="backend.tests.test_phase_p0_skeletons.TestPageSkeletonsMeta" name="test_lists_12_skeletons_with_required_fields" time="1.615" /><testcase classname="backend.tests.test_phase_p0_skeletons.TestPageSkeletonsMeta" name="test_blank_skeleton_has_zero_blocks" time="0.183" /><testcase classname="backend.tests.test_phase_p0_skeletons.TestPageSkeletonsMeta" name="test_quote_page_has_3_blocks" time="0.181" /><testcase classname="backend.tests.test_phase_p0_skeletons.TestFromSkeletonCreation" name="test_create_page_from_quote_skeleton" time="3.252" /><testcase classname="backend.tests.test_phase_p0_skeletons.TestFromSkeletonCreation" name="test_create_page_from_blank_skeleton_has_zero_blocks" time="0.698" /><testcase classname="backend.tests.test_phase_p0_skeletons.TestFromSkeletonCreation" name="test_create_from_hero_full_bleed_has_3_blocks" time="1.108" /><testcase classname="backend.tests.test_phase_p0_skeletons.TestFromSkeletonCreation" name="test_unknown_skeleton_returns_404" time="0.310" /><testcase classname="backend.tests.test_phase_p0_skeletons.TestFromSkeletonCreation" name="test_cross_tenant_returns_404" time="0.987" /><testcase classname="backend.tests.test_phase_p0_skeletons.TestLegacyRegression" name="test_legacy_blank_page_create_still_works" time="0.710" /><testcase classname="backend.tests.test_phase_p0_skeletons.TestLegacyRegression" name="test_page_presets_meta_still_works" time="0.186" /><testcase classname="backend.tests.test_phase_p0_skeletons.TestLegacyRegression" name="test_list_pages_still_works" time="0.434" /><testcase classname="backend.tests.test_phase_p0_skeletons.TestLegacyRegression" name="test_duplicate_page_still_works" time="1.961" /><testcase classname="backend.tests.test_phase_p0_skeletons.TestLegacyRegression" name="test_reorder_pages_still_works" time="1.808" /><testcase classname="backend.tests.test_phase_p0_skeletons.TestLegacyRegression" name="test_i18n_skeleton_keys_present_it" time="0.236" /></testsuite></testsuites>