<?xml version="1.0" encoding="utf-8"?><testsuites name="pytest tests"><testsuite name="pytest" errors="0" failures="0" skipped="0" tests="7" time="16.202" timestamp="2026-05-19T03:39:11.025121+00:00" hostname="agent-env-2479e3dc-7db3-468a-a990-94da8dcb375c"><testcase classname="backend.tests.test_iteration_66_crm_refactor_phase1.TestLookupsMigration051" name="test_lifecycle_stage_canonical_entries" time="1.755" /><testcase classname="backend.tests.test_iteration_66_crm_refactor_phase1.TestLookupsMigration051" name="test_account_type_canonical_entries" time="0.455" /><testcase classname="backend.tests.test_iteration_66_crm_refactor_phase1.TestRelationshipSummary" name="test_summary_returns_required_shape" time="1.246" /><testcase classname="backend.tests.test_iteration_66_crm_refactor_phase1.TestMoodSignals" name="test_mood_signals_shape" time="0.583" /><testcase classname="backend.tests.test_iteration_66_crm_refactor_phase1.TestCulturalEdition" name="test_cultural_edition_creates_interaction" time="1.145" /><testcase classname="backend.tests.test_iteration_66_crm_refactor_phase1.TestVoiceNotes" name="test_voice_note_upload_creates_interaction" time="8.373" /><testcase classname="backend.tests.test_iteration_66_crm_refactor_phase1.TestStageChange" name="test_stage_change_to_lead" time="2.563" /></testsuite></testsuites>