<?xml version="1.0" encoding="utf-8"?><testsuites name="pytest tests"><testsuite name="pytest" errors="0" failures="0" skipped="0" tests="11" time="10.976" timestamp="2026-05-20T14:14:23.210979+00:00" hostname="agent-env-2479e3dc-7db3-468a-a990-94da8dcb375c"><testcase classname="tests.test_iteration_100_milestone_dialogue" name="test_get_dialogue_returns_editorial_lexicon" time="5.578" /><testcase classname="tests.test_iteration_100_milestone_dialogue" name="test_create_chapter_with_italian_kind" time="0.793" /><testcase classname="tests.test_iteration_100_milestone_dialogue" name="test_create_chapter_rejects_v1_style_kind" time="0.405" /><testcase classname="tests.test_iteration_100_milestone_dialogue" name="test_create_feedback_with_curatorial_kind" time="0.676" /><testcase classname="tests.test_iteration_100_milestone_dialogue" name="test_create_feedback_rejects_enterprise_kind" time="0.274" /><testcase classname="tests.test_iteration_100_milestone_dialogue" name="test_feedback_emits_client_voice_event" time="1.464" /><testcase classname="tests.test_iteration_100_milestone_dialogue" name="test_put_rationale_persists_editorial_keys" time="0.925" /><testcase classname="tests.test_iteration_100_milestone_dialogue" name="test_project_memory_returns_narrative_entries" time="0.778" /><testcase classname="tests.test_iteration_100_milestone_dialogue" name="test_milestone_dialogue_component_exists_and_mounted" time="0.000" /><testcase classname="tests.test_iteration_100_milestone_dialogue" name="test_frontend_component_uses_editorial_italian_labels" time="0.000" /><testcase classname="tests.test_iteration_100_milestone_dialogue" name="test_frontend_renders_all_9_client_ctas" time="0.000" /></testsuite></testsuites>