<?xml version="1.0" encoding="utf-8"?><testsuites name="pytest tests"><testsuite name="pytest" errors="0" failures="0" skipped="0" tests="48" time="30.994" timestamp="2026-05-23T23:04:16.578667+00:00" hostname="agent-env-2479e3dc-7db3-468a-a990-94da8dcb375c"><testcase classname="tests.test_iter144_tenant_foundation" name="test_get_tenant_configuration_for_root" time="0.816" /><testcase classname="tests.test_iter144_tenant_foundation" name="test_get_tenant_configuration_for_tenant_admin" time="0.531" /><testcase classname="tests.test_iter144_tenant_foundation" name="test_patch_branding_persists_and_resolves" time="1.255" /><testcase classname="tests.test_iter144_tenant_foundation" name="test_patch_navigation_overrides_hide_and_rename" time="1.251" /><testcase classname="tests.test_iter144_tenant_foundation" name="test_blueprint_admin_feature_modules_listing" time="0.387" /><testcase classname="tests.test_iter144_tenant_foundation" name="test_blueprint_admin_patch_platform_default" time="1.759" /><testcase classname="tests.test_iter144_tenant_foundation" name="test_core_module_cannot_be_disabled" time="0.271" /><testcase classname="tests.test_iter144_tenant_foundation" name="test_tenant_admin_cannot_reach_blueprint_admin" time="0.263" /><testcase classname="tests.test_iter144_tenant_foundation" name="test_configuration_change_events_audit_trail" time="1.773" /><testcase classname="tests.test_iter144_tenant_foundation" name="test_admin_patch_tenant_configuration_via_blueprint_admin" time="0.999" /><testcase classname="tests.test_iter144_tenant_foundation" name="test_modules_endpoint_returns_effective_state" time="0.128" /><testcase classname="tests.test_iter144_tenant_foundation" name="test_runtime_section_present_in_bundle" time="0.253" /><testcase classname="tests.test_iter144_tenant_foundation" name="test_subdomain_resolution_via_host_header" time="0.532" /><testcase classname="tests.test_iter144_tenant_foundation" name="test_email_identity_in_bundle" time="0.250" /><testcase classname="tests.test_iter144_tenant_foundation" name="test_custom_email_identity_promotes_source" time="1.511" /><testcase classname="tests.test_iter144_tenant_foundation" name="test_runtime_inspector_root_only" time="0.384" /><testcase classname="tests.test_iter144_tenant_foundation" name="test_runtime_inspector_by_tenant_id" time="0.505" /><testcase classname="tests.test_iter143a_editorial_runtime" name="test_begin_journey_it_bundle_present" time="0.304" /><testcase classname="tests.test_iter143a_editorial_runtime" name="test_begin_journey_en_us_zero_italian_leak" time="0.264" /><testcase classname="tests.test_iter143a_editorial_runtime" name="test_begin_journey_active_locales_have_coverage" time="1.057" /><testcase classname="tests.test_iter143a_editorial_runtime" name="test_strict_locale_chain_no_cross_family_fallback" time="0.266" /><testcase classname="tests.test_iter143a_editorial_runtime" name="test_professionals_bundle_all_locales" time="1.266" /><testcase classname="tests.test_iter143a_editorial_runtime" name="test_orchestrator_upsert_and_resolve_in_process" time="1.483" /><testcase classname="tests.test_iter143c_blueprint_governance" name="test_root_me" time="0.761" /><testcase classname="tests.test_iter143c_blueprint_governance" name="test_collaborator_rejected" time="0.569" /><testcase classname="tests.test_iter143c_blueprint_governance" name="test_anonymous_rejected" time="0.004" /><testcase classname="tests.test_iter143c_blueprint_governance" name="test_dashboard_shape" time="1.709" /><testcase classname="tests.test_iter143c_blueprint_governance" name="test_demo_status_available" time="0.753" /><testcase classname="tests.test_iter143c_blueprint_governance" name="test_db_root_unique_constraint" time="0.124" /><testcase classname="tests.test_iter143c_blueprint_governance" name="test_legacy_superadmin_routes_redirect" time="0.004" /><testcase classname="tests.test_iter143c_blueprint_governance" name="test_editorial_runtime_listing" time="0.545" /><testcase classname="tests.test_iter143d_email_orchestration" name="test_auth_redirect_resolver_unit" time="0.001" /><testcase classname="tests.test_iter143d_email_orchestration" name="test_forgot_password_tenant_aware_redirect" time="1.273" /><testcase classname="tests.test_iter143d_email_orchestration" name="test_forgot_password_different_tenant" time="1.072" /><testcase classname="tests.test_iter143d_email_orchestration" name="test_email_events_logged" time="1.151" /><testcase classname="tests.test_iter143d_email_orchestration" name="test_resend_test_email_endpoint" time="0.421" /><testcase classname="tests.test_iter143d_email_orchestration" name="test_email_event_detail" time="0.992" /><testcase classname="tests.test_iter143d_email_orchestration" name="test_studio_tenant_email_settings_exists" time="0.164" /><testcase classname="tests.test_iter143d_email_orchestration" name="test_golden_demo_tenant_slug_is_studio" time="0.122" /><testcase classname="tests.test_iter143d_email_orchestration" name="test_no_atelier_subdomain_references" time="0.015" /><testcase classname="tests.test_iter143e_tenant_branding" name="test_get_branding" time="0.640" /><testcase classname="tests.test_iter143e_tenant_branding" name="test_patch_branding_persists" time="0.503" /><testcase classname="tests.test_iter143e_tenant_branding" name="test_preview_renders" time="0.128" /><testcase classname="tests.test_iter143e_tenant_branding" name="test_branding_blocks_non_admin" time="0.800" /><testcase classname="tests.test_iter143e_tenant_branding" name="test_search_finds_subject" time="0.256" /><testcase classname="tests.test_iter143e_tenant_branding" name="test_provider_health" time="0.253" /><testcase classname="tests.test_iter143e_tenant_branding" name="test_webhook_signature_optional_in_dev" time="0.004" /><testcase classname="tests.test_iter143e_tenant_branding" name="test_no_supabase_default_email" time="1.108" /></testsuite></testsuites>