<?xml version="1.0" encoding="utf-8"?><testsuites name="pytest tests"><testsuite name="pytest" errors="0" failures="0" skipped="0" tests="2" time="3.391" timestamp="2026-05-19T05:25:19.847702+00:00" hostname="agent-env-2479e3dc-7db3-468a-a990-94da8dcb375c"><testcase classname="backend.tests.test_iteration_71_advisor_rich_profile" name="test_admin_list_advisors" time="2.080" /><testcase classname="backend.tests.test_iteration_71_advisor_rich_profile" name="test_patch_rich_profile_fields" time="1.249" /></testsuite></testsuites>