<?xml version="1.0" encoding="utf-8"?><testsuites name="pytest tests"><testsuite name="pytest" errors="0" failures="0" skipped="0" tests="33" time="82.153" timestamp="2026-05-13T16:19:00.839429+00:00" hostname="agent-env-2479e3dc-7db3-468a-a990-94da8dcb375c"><testcase classname="backend.tests.test_phase_f1_structural_templates.TestListTemplatesPageCount" name="test_list_contains_13_templates_with_page_count" time="6.365" /><testcase classname="backend.tests.test_phase_f1_structural_templates.TestListTemplatesPageCount" name="test_legacy_starter_templates_page_count_is_1" time="5.421" /><testcase classname="backend.tests.test_phase_f1_structural_templates.TestTemplateDetailPagesPreview" name="test_luxury_detail_returns_8_pages_preview" time="1.739" /><testcase classname="backend.tests.test_phase_f1_structural_templates.TestTemplateDetailPagesPreview" name="test_hospitality_detail_returns_6_pages_preview" time="1.475" /><testcase classname="backend.tests.test_phase_f1_structural_templates.TestTemplateDetailPagesPreview" name="test_material_board_no_carousel_single_page" time="0.678" /><testcase classname="backend.tests.test_phase_f1_structural_templates.TestApplyStructuralTemplate" name="test_apply_luxury_creates_8_pages_with_placeholders" time="6.584" /><testcase classname="backend.tests.test_phase_f1_structural_templates.TestApplyStructuralTemplate" name="test_apply_hospitality_creates_6_pages" time="4.398" /><testcase classname="backend.tests.test_phase_f1_structural_templates.TestApplyStructuralTemplate" name="test_apply_material_board_single_page" time="2.593" /><testcase classname="backend.tests.test_phase_f1_structural_templates.TestSaveAsTemplateMultipage" name="test_save_as_template_snapshots_multipage" time="13.419" /><testcase classname="backend.tests.test_phase_f1_structural_templates.TestCrossTenantIsolation" name="test_studio2_can_read_structural_platform_templates" time="2.416" /><testcase classname="backend.tests.test_phase_f1_structural_templates.TestCrossTenantIsolation" name="test_studio2_apply_creates_in_own_tenant_not_designer" time="7.372" /><testcase classname="backend.tests.test_phase_f1_structural_templates.TestRBACClient" name="test_client_cannot_apply_template" time="0.747" /><testcase classname="backend.tests.test_phase_f1_structural_templates.TestRBACClient" name="test_client_cannot_save_as_template" time="0.179" /><testcase classname="backend.tests.test_phase_f1_structural_templates.TestI18nItalian" name="test_blueprint_it_includes_template_and_placeholder_keys" time="0.051" /><testcase classname="backend.tests.test_phase_f0_pages.TestPagePresets" name="test_get_page_presets" time="0.681" /><testcase classname="backend.tests.test_phase_f0_pages.TestMoodboardCreateDefaultPage" name="test_new_moodboard_has_default_page_and_current_page_id" time="0.555" /><testcase classname="backend.tests.test_phase_f0_pages.TestMoodboardCreateDefaultPage" name="test_get_moodboard_includes_pages_and_elements" time="0.558" /><testcase classname="backend.tests.test_phase_f0_pages.TestPageCRUD" name="test_create_page_minimal" time="0.678" /><testcase classname="backend.tests.test_phase_f0_pages.TestPageCRUD" name="test_create_page_invalid_type" time="0.301" /><testcase classname="backend.tests.test_phase_f0_pages.TestPageCRUD" name="test_create_page_invalid_aspect_ratio" time="0.306" /><testcase classname="backend.tests.test_phase_f0_pages.TestPageCRUD" name="test_update_page_recomputes_width_height" time="1.415" /><testcase classname="backend.tests.test_phase_f0_pages.TestPageCRUD" name="test_duplicate_page_clones_elements" time="2.883" /><testcase classname="backend.tests.test_phase_f0_pages.TestPageCRUD" name="test_reorder_pages" time="2.352" /><testcase classname="backend.tests.test_phase_f0_pages.TestPageCRUD" name="test_reorder_validates_full_set" time="0.998" /><testcase classname="backend.tests.test_phase_f0_pages.TestPageCRUD" name="test_delete_page_normal" time="1.892" /><testcase classname="backend.tests.test_phase_f0_pages.TestLastPageGuard" name="test_delete_last_page_returns_409" time="1.751" /><testcase classname="backend.tests.test_phase_f0_pages.TestBlockPageScoping" name="test_create_block_without_page_id_uses_current_page" time="1.970" /><testcase classname="backend.tests.test_phase_f0_pages.TestBlockPageScoping" name="test_create_block_with_explicit_page_id" time="1.803" /><testcase classname="backend.tests.test_phase_f0_pages.TestPagesIsolationAndRBAC" name="test_studio2_cannot_read_designer_pages" time="0.914" /><testcase classname="backend.tests.test_phase_f0_pages.TestPagesIsolationAndRBAC" name="test_studio2_cannot_create_page_on_designer_moodboard" time="0.307" /><testcase classname="backend.tests.test_phase_f0_pages.TestPagesIsolationAndRBAC" name="test_client_cannot_write_pages" time="0.684" /><testcase classname="backend.tests.test_phase_f0_pages.TestTemplateApplyDefaultPage" name="test_template_apply_attaches_blocks_to_default_page" time="7.857" /><testcase classname="backend.tests.test_phase_f0_pages.TestBackfillRegression" name="test_fixture_moodboard_has_page_and_element_linked" time="0.731" /></testsuite></testsuites>