<?xml version="1.0" encoding="utf-8"?><testsuites name="pytest tests"><testsuite name="pytest" errors="0" failures="0" skipped="0" tests="15" time="9.294" timestamp="2026-05-20T20:51:30.650721+00:00" hostname="agent-env-2479e3dc-7db3-468a-a990-94da8dcb375c"><testcase classname="backend.tests.test_iteration_109_shared_voice.TestSharedVoiceEndpoint" name="test_post_voice_creates_feedback_and_timeline" time="4.450" /><testcase classname="backend.tests.test_iteration_109_shared_voice.TestSharedVoiceEndpoint" name="test_voice_appears_in_companion_conversations" time="2.349" /><testcase classname="backend.tests.test_iteration_109_shared_voice.TestSharedVoiceEndpoint" name="test_post_voice_validates_text_length" time="0.547" /><testcase classname="backend.tests.test_iteration_109_shared_voice.TestSharedVoiceEndpoint" name="test_post_voice_404_on_unknown_milestone" time="0.636" /><testcase classname="backend.tests.test_iteration_109_shared_voice.TestSharedVoiceEndpoint" name="test_post_voice_404_on_unknown_journey" time="0.391" /><testcase classname="backend.tests.test_iteration_109_shared_voice.TestSharedVoiceEndpoint" name="test_designer_role_blocked" time="0.846" /><testcase classname="backend.tests.test_iteration_109_shared_voice.TestComposerEditorialTone" name="test_composer_uses_journey_first_copy" time="0.000" /><testcase classname="backend.tests.test_iteration_109_shared_voice.TestComposerEditorialTone" name="test_composer_has_no_chat_pm_terminology" time="0.000" /><testcase classname="backend.tests.test_iteration_109_shared_voice.TestComposerEditorialTone" name="test_composer_exposes_testids" time="0.000" /><testcase classname="backend.tests.test_iteration_109_shared_voice.TestComposerEditorialTone" name="test_composer_uses_relational_icons" time="0.000" /><testcase classname="backend.tests.test_iteration_109_shared_voice.TestComposerWiredIntoCompanion" name="test_companion_mounts_composer_inside_active_chapter" time="0.000" /><testcase classname="backend.tests.test_iteration_109_shared_voice.TestComposerWiredIntoCompanion" name="test_companion_optimistic_update" time="0.000" /><testcase classname="backend.tests.test_iteration_109_shared_voice.TestBackendDirectionLock" name="test_router_uses_free_voice_kind_only" time="0.000" /><testcase classname="backend.tests.test_iteration_109_shared_voice.TestBackendDirectionLock" name="test_router_persists_to_canonical_tables" time="0.000" /><testcase classname="backend.tests.test_iteration_109_shared_voice.TestBackendDirectionLock" name="test_router_uses_italian_timeline_narration" time="0.000" /></testsuite></testsuites>