<?xml version="1.0" encoding="utf-8"?><testsuites name="pytest tests"><testsuite name="pytest" errors="0" failures="0" skipped="0" tests="25" time="37.833" timestamp="2026-05-13T12:33:56.449312+00:00" hostname="agent-env-2479e3dc-7db3-468a-a990-94da8dcb375c"><testcase classname="backend.tests.test_phase_e4_preview_lineage.TestListPreview" name="test_list_default_includes_preview" time="1.780" /><testcase classname="backend.tests.test_phase_e4_preview_lineage.TestListPreview" name="test_list_with_preview_false_omits_preview" time="0.304" /><testcase classname="backend.tests.test_phase_e4_preview_lineage.TestListPreview" name="test_list_explicit_with_preview_true" time="1.205" /><testcase classname="backend.tests.test_phase_e4_preview_lineage.TestDetailPreview" name="test_detail_includes_preview_palette_block_count" time="1.756" /><testcase classname="backend.tests.test_phase_e4_preview_lineage.TestLineage" name="test_apply_sets_moodboard_template_id" time="3.165" /><testcase classname="backend.tests.test_phase_e4_preview_lineage.TestLineage" name="test_full_apply_then_save_as_template_parent_populated" time="5.260" /><testcase classname="backend.tests.test_phase_e4_preview_lineage.TestLineage" name="test_save_as_without_parent_template_id_has_no_parent" time="2.870" /><testcase classname="backend.tests.test_phase_e4_preview_lineage.TestI18nE4" name="test_it_bundle_has_e4_keys" time="0.047" /><testcase classname="backend.tests.test_phase_e4_preview_lineage.TestI18nE4" name="test_en_bundle_has_e4_keys" time="0.045" /><testcase classname="backend.tests.test_phase_e2_templates.TestTemplatesList" name="test_list_returns_seven_platform_starters" time="1.816" /><testcase classname="backend.tests.test_phase_e2_templates.TestTemplatesList" name="test_list_locale_italian_resolves_localized_label" time="1.198" /><testcase classname="backend.tests.test_phase_e2_templates.TestTemplatesList" name="test_list_category_filter" time="0.431" /><testcase classname="backend.tests.test_phase_e2_templates.TestTemplateDetail" name="test_detail_returns_normalized_blocks" time="1.754" /><testcase classname="backend.tests.test_phase_e2_templates.TestTemplateDetail" name="test_detail_404_on_garbage_uuid" time="0.177" /><testcase classname="backend.tests.test_phase_e2_templates.TestTemplateDetail" name="test_detail_404_on_unknown_uuid" time="0.305" /><testcase classname="backend.tests.test_phase_e2_templates.TestApplyTemplate" name="test_apply_creates_moodboard_with_blocks" time="3.119" /><testcase classname="backend.tests.test_phase_e2_templates.TestApplyTemplate" name="test_apply_404_on_unknown_template" time="0.306" /><testcase classname="backend.tests.test_phase_e2_templates.TestApplyTemplate" name="test_apply_rejects_invalid_payload" time="1.398" /><testcase classname="backend.tests.test_phase_e2_templates.TestSaveAsTemplate" name="test_save_moodboard_as_template_snapshots_blocks" time="2.293" /><testcase classname="backend.tests.test_phase_e2_templates.TestSaveAsTemplate" name="test_save_404_on_unknown_moodboard" time="0.305" /><testcase classname="backend.tests.test_phase_e2_templates.TestTenantIsolation" name="test_studio2_sees_only_platform_templates" time="4.340" /><testcase classname="backend.tests.test_phase_e2_templates.TestRBAC" name="test_client_403_on_apply" time="2.023" /><testcase classname="backend.tests.test_phase_e2_templates.TestRBAC" name="test_client_403_on_save_as_template" time="0.194" /><testcase classname="backend.tests.test_phase_e2_templates.TestRBAC" name="test_client_can_read_templates" time="1.611" /><testcase classname="backend.tests.test_phase_e2_templates.TestI18n" name="test_it_bundle_has_template_keys" time="0.051" /></testsuite></testsuites>