<?xml version="1.0" encoding="utf-8"?><testsuites name="pytest tests"><testsuite name="pytest" errors="0" failures="1" skipped="1" tests="17" time="18.561" timestamp="2026-06-09T12:53:58.514069+00:00" hostname="agent-env-2479e3dc-7db3-468a-a990-94da8dcb375c"><testcase classname="backend.tests.test_iter221_store012f_client_approval_thread.TestApprovalStatusPatch" name="test_patch_approved_material_sets_specification_candidate" time="2.896" /><testcase classname="backend.tests.test_iter221_store012f_client_approval_thread.TestApprovalStatusPatch" name="test_patch_rejected_sets_evaluation_and_false" time="0.713" /><testcase classname="backend.tests.test_iter221_store012f_client_approval_thread.TestApprovalStatusPatch" name="test_patch_discussed_keeps_evaluation_default" time="0.711" /><testcase classname="backend.tests.test_iter221_store012f_client_approval_thread.TestApprovalStatusPatch" name="test_patch_suggested_rejected_422" time="0.178" /><testcase classname="backend.tests.test_iter221_store012f_client_approval_thread.TestApprovalStatusPatch" name="test_patch_emits_italian_timeline_event" time="1.028" /><testcase classname="backend.tests.test_iter221_store012f_client_approval_thread.TestClientElementFeedback" name="test_interesting_persists_and_emits_signal" time="1.580" /><testcase classname="backend.tests.test_iter221_store012f_client_approval_thread.TestClientElementFeedback" name="test_explore_further_narrative" time="0.979" /><testcase classname="backend.tests.test_iter221_store012f_client_approval_thread.TestClientElementFeedback" name="test_comment_narrative_contains_quote" time="0.980" /><testcase classname="backend.tests.test_iter221_store012f_client_approval_thread.TestClientElementFeedback" name="test_comment_without_body_422" time="0.183" /><testcase classname="backend.tests.test_iter221_store012f_client_approval_thread.TestClientElementFeedback" name="test_invalid_reaction_422" time="0.184" /><testcase classname="backend.tests.test_iter221_store012f_client_approval_thread.TestClientElementFeedback" name="test_concept_board_returns_403" time="1.588" /><testcase classname="backend.tests.test_iter221_store012f_client_approval_thread.TestSyncMaterialBoard" name="test_sync_creates_or_adds" time="2.504" /><testcase classname="backend.tests.test_iter221_store012f_client_approval_thread.TestSyncMaterialBoard" name="test_sync_idempotent" time="2.444"><failure message="AssertionError: expected 0 added on consecutive idempotent call, got {'material_board_id': '0c0d6a44-7070-4b19-9a00-b565cdeb45e2', 'created_board': False, 'added': 1, 'skipped': 0, 'approved_materials': 1}&#10;assert 1 == 0">E   AssertionError: expected 0 added on consecutive idempotent call, got {'material_board_id': '0c0d6a44-7070-4b19-9a00-b565cdeb45e2', 'created_board': False, 'added': 1, 'skipped': 0, 'approved_materials': 1}
    assert 1 == 0</failure></testcase><testcase classname="backend.tests.test_iter221_store012f_client_approval_thread.TestSyncMaterialBoard" name="test_sync_no_approved_returns_zero" time="0.452"><skipped type="pytest.skip" message="no WMB without approved materials available">/app/backend/tests/test_iter221_store012f_client_approval_thread.py:259: no WMB without approved materials available</skipped></testcase><testcase classname="backend.tests.test_iter221_store012f_client_approval_thread.TestClientPresentationInvariant" name="test_no_approval_keys_and_no_internal_metadata" time="0.702" /><testcase classname="backend.tests.test_iter221_store012f_client_approval_thread.TestRegression" name="test_working_payload_still_intact" time="0.000" /><testcase classname="backend.tests.test_iter221_store012f_client_approval_thread.TestRegression" name="test_project_brain_intact" time="1.362" /></testsuite></testsuites>