<?xml version="1.0" encoding="utf-8"?><testsuites name="pytest tests"><testsuite name="pytest" errors="0" failures="0" skipped="0" tests="96" time="111.334" timestamp="2026-05-13T10:21:10.797158+00:00" hostname="agent-env-2479e3dc-7db3-468a-a990-94da8dcb375c"><testcase classname="backend.tests.test_form_engine" name="test_form_registry" time="1.101" /><testcase classname="backend.tests.test_form_engine" name="test_design_request_seed" time="1.105" /><testcase classname="backend.tests.test_form_engine" name="test_list_forms" time="1.293" /><testcase classname="backend.tests.test_form_engine" name="test_put_custom_form" time="1.116" /><testcase classname="backend.tests.test_form_engine" name="test_put_unknown_field_type_rejected" time="0.335" /><testcase classname="backend.tests.test_form_engine" name="test_duplicate_form" time="1.069" /><testcase classname="backend.tests.test_form_engine" name="test_reset_form" time="0.626" /><testcase classname="backend.tests.test_form_engine" name="test_list_submissions" time="0.354" /><testcase classname="backend.tests.test_form_engine" name="test_public_form_draft_403" time="1.075" /><testcase classname="backend.tests.test_form_engine" name="test_public_form_published_strips_internal" time="1.097" /><testcase classname="backend.tests.test_form_engine" name="test_public_form_404_unknown_form" time="0.358" /><testcase classname="backend.tests.test_form_engine" name="test_public_form_unknown_tenant" time="0.351" /><testcase classname="backend.tests.test_form_engine" name="test_public_submit_missing_required" time="0.357" /><testcase classname="backend.tests.test_form_engine" name="test_public_submit_bad_email" time="0.345" /><testcase classname="backend.tests.test_form_engine" name="test_public_submit_lead_success" time="1.612" /><testcase classname="backend.tests.test_form_engine" name="test_concierge_purpose_no_lead_row" time="1.851" /><testcase classname="backend.tests.test_form_engine" name="test_delete_form" time="0.832" /><testcase classname="backend.tests.test_form_engine" name="test_conditional_evaluation" time="0.001" /><testcase classname="backend.tests.test_form_engine" name="test_section_catalog_has_form_embed" time="1.680" /><testcase classname="backend.tests.test_moodboards_workspace.TestMoodboardCRUD" name="test_list" time="0.842" /><testcase classname="backend.tests.test_moodboards_workspace.TestMoodboardCRUD" name="test_create_standalone" time="1.009" /><testcase classname="backend.tests.test_moodboards_workspace.TestMoodboardCRUD" name="test_create_with_project" time="0.891" /><testcase classname="backend.tests.test_moodboards_workspace.TestMoodboardCRUD" name="test_update" time="1.296" /><testcase classname="backend.tests.test_moodboards_workspace.TestMoodboardCRUD" name="test_delete" time="0.899" /><testcase classname="backend.tests.test_moodboards_workspace.TestBlocks" name="test_create_block_each_type[image-content0]" time="1.287" /><testcase classname="backend.tests.test_moodboards_workspace.TestBlocks" name="test_create_block_each_type[text-content1]" time="1.316" /><testcase classname="backend.tests.test_moodboards_workspace.TestBlocks" name="test_create_block_each_type[palette-content2]" time="1.251" /><testcase classname="backend.tests.test_moodboards_workspace.TestBlocks" name="test_create_block_each_type[note-content3]" time="1.293" /><testcase classname="backend.tests.test_moodboards_workspace.TestBlocks" name="test_create_block_each_type[product-content4]" time="1.268" /><testcase classname="backend.tests.test_moodboards_workspace.TestBlocks" name="test_create_block_each_type[material-content5]" time="1.259" /><testcase classname="backend.tests.test_moodboards_workspace.TestBlocks" name="test_update_block_position" time="1.932" /><testcase classname="backend.tests.test_moodboards_workspace.TestBlocks" name="test_batch_autosave" time="4.218" /><testcase classname="backend.tests.test_moodboards_workspace.TestBlocks" name="test_delete_block" time="2.329" /><testcase classname="backend.tests.test_moodboards_workspace.TestBlocks" name="test_unsupported_type_400" time="0.889" /><testcase classname="backend.tests.test_moodboards_workspace.TestApproval" name="test_draft_to_sent_to_approved" time="2.365" /><testcase classname="backend.tests.test_moodboards_workspace.TestApproval" name="test_invalid_transition_400" time="0.898" /><testcase classname="backend.tests.test_moodboards_workspace.TestApproval" name="test_revision_requested" time="2.389" /><testcase classname="backend.tests.test_moodboards_workspace.TestShare" name="test_share_blocked_on_draft" time="1.647" /><testcase classname="backend.tests.test_moodboards_workspace.TestShare" name="test_share_visible_after_sent" time="3.072" /><testcase classname="backend.tests.test_moodboards_workspace.TestShare" name="test_share_invalid_token_404" time="0.226" /><testcase classname="backend.tests.test_moodboards_workspace.TestWorkspaceTasks" name="test_task_crud" time="2.507" /><testcase classname="backend.tests.test_moodboards_workspace.TestWorkspaceNotes" name="test_note_crud_and_pin" time="1.811" /><testcase classname="backend.tests.test_moodboards_workspace.TestWorkspaceActivity" name="test_activity_records_task_creation" time="1.384" /><testcase classname="backend.tests.test_moodboards_workspace.TestLeadConvert" name="test_convert_lead_to_project" time="2.109" /><testcase classname="backend.tests.test_phase_e1.TestDuplicateBlock" name="test_duplicate_offsets_and_resets_locked" time="3.288" /><testcase classname="backend.tests.test_phase_e1.TestDuplicateBlock" name="test_duplicate_404_on_invalid_block" time="1.106" /><testcase classname="backend.tests.test_phase_e1.TestPutStructuredFlags" name="test_put_persists_locked_hidden_opacity_rotation" time="2.813" /><testcase classname="backend.tests.test_phase_e1.TestBatchStyle" name="test_batch_persists_style_jsonb" time="3.205" /><testcase classname="backend.tests.test_phase_e1.TestV2ScaffoldTables" name="test_tables_exist_and_queryable" time="1.609" /><testcase classname="backend.tests.test_phase_e1.TestV2ScaffoldTables" name="test_column_counts_approx" time="1.213" /><testcase classname="backend.tests.test_phase_e1.TestV2ScaffoldTables" name="test_fk_constraints_present" time="0.921" /><testcase classname="backend.tests.test_phase_e1.TestV2ScaffoldTables" name="test_v2_endpoints_not_exposed" time="0.288" /><testcase classname="backend.tests.test_phase_e1.TestStorageSignedUpload" name="test_signed_upload_returns_url" time="0.494" /><testcase classname="backend.tests.test_public_navigation" name="test_public_tenant_config_no_auth" time="0.401" /><testcase classname="backend.tests.test_public_navigation" name="test_public_tenant_unknown_returns_404" time="0.357" /><testcase classname="backend.tests.test_public_navigation" name="test_public_homepage_returns_page" time="0.362" /><testcase classname="backend.tests.test_public_navigation" name="test_public_about_404_when_not_published" time="0.357" /><testcase classname="backend.tests.test_public_navigation" name="test_editor_endpoints_require_auth[GET-/api/settings/navigation]" time="0.096" /><testcase classname="backend.tests.test_public_navigation" name="test_editor_endpoints_require_auth[PUT-/api/settings/navigation]" time="0.116" /><testcase classname="backend.tests.test_public_navigation" name="test_editor_endpoints_require_auth[POST-/api/settings/navigation/reset]" time="0.117" /><testcase classname="backend.tests.test_public_navigation" name="test_editor_endpoints_require_auth[GET-/api/settings/footer]" time="0.112" /><testcase classname="backend.tests.test_public_navigation" name="test_editor_endpoints_require_auth[PUT-/api/settings/footer]" time="0.094" /><testcase classname="backend.tests.test_public_navigation" name="test_editor_endpoints_require_auth[POST-/api/settings/footer/reset]" time="0.103" /><testcase classname="backend.tests.test_public_navigation" name="test_get_navigation_authenticated" time="0.845" /><testcase classname="backend.tests.test_public_navigation" name="test_get_footer_authenticated" time="0.354" /><testcase classname="backend.tests.test_public_navigation" name="test_put_navigation_i18n_and_reflected_publicly" time="1.170" /><testcase classname="backend.tests.test_public_navigation" name="test_put_footer_persists" time="1.084" /><testcase classname="backend.tests.test_public_navigation" name="test_reset_navigation_restores_default" time="0.715" /><testcase classname="backend.tests.test_public_navigation" name="test_reset_footer_restores_default" time="0.746" /><testcase classname="backend.tests.test_public_navigation" name="test_navigation_defaults_endpoint" time="0.119" /><testcase classname="backend.tests.test_section_engine" name="test_sections_catalog" time="0.794" /><testcase classname="backend.tests.test_section_engine" name="test_homepage_seed_has_8" time="1.281" /><testcase classname="backend.tests.test_section_engine" name="test_showcase_seed_has_4" time="0.942" /><testcase classname="backend.tests.test_section_engine" name="test_put_page_persists" time="2.038" /><testcase classname="backend.tests.test_section_engine" name="test_section_lifecycle" time="4.563" /><testcase classname="backend.tests.test_section_engine" name="test_reset_restores_8" time="0.602" /><testcase classname="backend.tests.test_section_engine" name="test_bad_slug_400" time="0.235" /><testcase classname="backend.tests.test_section_engine" name="test_unknown_type_400" time="0.222" /><testcase classname="backend.tests.test_section_engine" name="test_palette_presets" time="0.228" /><testcase classname="backend.tests.test_section_engine" name="test_theme_extended_tokens" time="0.361" /><testcase classname="backend.tests.test_section_engine" name="test_theme_put_merges" time="0.699" /><testcase classname="backend.tests.test_sprint_cleanup_p0.TestBlockNormalization" name="test_block_response_has_flat_layout_no_jsons_exposed" time="2.040" /><testcase classname="backend.tests.test_sprint_cleanup_p0.TestBlockNormalization" name="test_get_moodboard_blocks_normalized" time="1.646" /><testcase classname="backend.tests.test_sprint_cleanup_p0.TestBlockExtendedFields" name="test_put_locked_hidden_opacity_rotation" time="2.291" /><testcase classname="backend.tests.test_sprint_cleanup_p0.TestBatchPersistence" name="test_batch_updates_position_not_in_content" time="2.275" /><testcase classname="backend.tests.test_sprint_cleanup_p0.TestShareLifecycle" name="test_revoke_share_returns_404_public" time="3.672" /><testcase classname="backend.tests.test_sprint_cleanup_p0.TestShareLifecycle" name="test_view_count_increments" time="4.063" /><testcase classname="backend.tests.test_sprint_cleanup_p0.TestActivityPagination" name="test_default_limit_50" time="0.414" /><testcase classname="backend.tests.test_sprint_cleanup_p0.TestActivityPagination" name="test_custom_limit_respected" time="0.412" /><testcase classname="backend.tests.test_sprint_cleanup_p0.TestActivityPagination" name="test_max_limit_enforced" time="0.566" /><testcase classname="backend.tests.test_sprint_cleanup_p0.TestRegression" name="test_auth_me" time="0.287" /><testcase classname="backend.tests.test_sprint_cleanup_p0.TestRegression" name="test_projects_list" time="0.289" /><testcase classname="backend.tests.test_sprint_cleanup_p0.TestRegression" name="test_leads_list" time="0.284" /><testcase classname="backend.tests.test_sprint_cleanup_p0.TestRegression" name="test_proposals_list" time="0.296" /><testcase classname="backend.tests.test_sprint_cleanup_p0.TestRegression" name="test_moodboards_list" time="0.283" /><testcase classname="backend.tests.test_sprint_cleanup_p0.TestRegression" name="test_super_stats" time="1.381" /></testsuite></testsuites>