<?xml version="1.0" encoding="utf-8"?><testsuites name="pytest tests"><testsuite name="pytest" errors="0" failures="0" skipped="0" tests="11" time="16.700" timestamp="2026-06-23T16:07:18.712230+00:00" hostname="agent-env-351b2593-ba5a-4a8c-86bc-cd92e67d4f51"><testcase classname="backend.tests.test_iter14_phase3_supplementari.TestPartnerApplicationEmailDispatch" name="test_full_payload_creates_application" time="2.392" /><testcase classname="backend.tests.test_iter14_phase3_supplementari.TestPartnerApplicationEmailDispatch" name="test_minimal_payload_creates_application" time="1.248" /><testcase classname="backend.tests.test_iter14_phase3_supplementari.TestPartnerApplicationEmailDispatch" name="test_email_dispatch_log_has_partner_application_received" time="4.436" /><testcase classname="backend.tests.test_iter14_phase3_supplementari.TestPartnerApplicationEmailDispatch" name="test_collaboration_intents_as_list_accepted" time="0.961" /><testcase classname="backend.tests.test_iter14_phase3_supplementari.TestPartnerApplicationEmailDispatch" name="test_empty_collaboration_intents_accepted" time="0.976" /><testcase classname="backend.tests.test_iter14_phase3_supplementari.TestITContentMasterUpdate" name="test_pricing_it_no_piattaforma" time="3.865" /><testcase classname="backend.tests.test_iter14_phase3_supplementari.TestITContentMasterUpdate" name="test_pricing_it_no_software" time="0.128" /><testcase classname="backend.tests.test_iter14_phase3_supplementari.TestITContentMasterUpdate" name="test_pricing_it_no_utenti_inclusi" time="0.111" /><testcase classname="backend.tests.test_iter14_phase3_supplementari.TestITContentMasterUpdate" name="test_home_it_hero_subtitle_accent_no_piattaforma" time="2.252" /><testcase classname="backend.tests.test_iter14_phase3_supplementari.TestITContentMasterUpdate" name="test_home_it_returns_200" time="0.147" /><testcase classname="backend.tests.test_iter14_phase3_supplementari.TestITContentMasterUpdate" name="test_pricing_it_returns_200" time="0.114" /></testsuite></testsuites>