<?xml version="1.0" encoding="utf-8"?><testsuites name="pytest tests"><testsuite name="pytest" errors="0" failures="0" skipped="0" tests="155" time="96.031" timestamp="2026-05-20T21:32:55.604164+00:00" hostname="agent-env-2479e3dc-7db3-468a-a990-94da8dcb375c"><testcase classname="backend.tests.test_iteration_100_milestone_dialogue" name="test_get_dialogue_returns_editorial_lexicon" time="1.926" /><testcase classname="backend.tests.test_iteration_100_milestone_dialogue" name="test_create_chapter_with_italian_kind" time="0.646" /><testcase classname="backend.tests.test_iteration_100_milestone_dialogue" name="test_create_chapter_rejects_v1_style_kind" time="0.237" /><testcase classname="backend.tests.test_iteration_100_milestone_dialogue" name="test_create_feedback_with_curatorial_kind" time="0.638" /><testcase classname="backend.tests.test_iteration_100_milestone_dialogue" name="test_create_feedback_rejects_enterprise_kind" time="0.229" /><testcase classname="backend.tests.test_iteration_100_milestone_dialogue" name="test_feedback_emits_client_voice_event" time="1.298" /><testcase classname="backend.tests.test_iteration_100_milestone_dialogue" name="test_put_rationale_persists_editorial_keys" time="1.050" /><testcase classname="backend.tests.test_iteration_100_milestone_dialogue" name="test_project_memory_returns_narrative_entries" time="0.652" /><testcase classname="backend.tests.test_iteration_100_milestone_dialogue" name="test_milestone_dialogue_component_exists_and_mounted" time="0.000" /><testcase classname="backend.tests.test_iteration_100_milestone_dialogue" name="test_frontend_component_uses_editorial_italian_labels" time="0.000" /><testcase classname="backend.tests.test_iteration_100_milestone_dialogue" name="test_frontend_renders_all_9_client_ctas" time="0.000" /><testcase classname="backend.tests.test_iteration_101_semantic_lock" name="test_new_columns_present" time="1.905" /><testcase classname="backend.tests.test_iteration_101_semantic_lock" name="test_new_tables_and_view_present" time="0.215" /><testcase classname="backend.tests.test_iteration_101_semantic_lock" name="test_lifecycle_state_check_rejects_unknown" time="0.221" /><testcase classname="backend.tests.test_iteration_101_semantic_lock" name="test_event_canon_check_rejects_unknown" time="0.222" /><testcase classname="backend.tests.test_iteration_101_semantic_lock" name="test_event_canon_check_accepts_valid" time="0.331" /><testcase classname="backend.tests.test_iteration_101_semantic_lock" name="test_lifecycle_state_check_accepts_all_canonical" time="1.194" /><testcase classname="backend.tests.test_iteration_101_semantic_lock" name="test_migration_idempotent" time="1.633" /><testcase classname="backend.tests.test_iteration_101_semantic_lock" name="test_journey_artifacts_view_shape" time="0.114" /><testcase classname="backend.tests.test_iteration_101_semantic_lock" name="test_journey_artifacts_view_returns_all_three_types" time="0.218" /><testcase classname="backend.tests.test_iteration_101_semantic_lock" name="test_journey_artifacts_view_legacy_fallback" time="0.217" /><testcase classname="backend.tests.test_iteration_101_semantic_lock" name="test_health_signals_insert_and_resolve" time="0.542" /><testcase classname="backend.tests.test_iteration_101_semantic_lock" name="test_health_signals_reject_unknown_kind" time="0.216" /><testcase classname="backend.tests.test_iteration_101_semantic_lock" name="test_health_signals_reject_unknown_severity" time="0.215" /><testcase classname="backend.tests.test_iteration_101_semantic_lock" name="test_lifecycle_state_backfilled_to_all_existing_journeys" time="0.108" /><testcase classname="backend.tests.test_iteration_101_semantic_lock" name="test_event_canon_backfilled_for_known_event_types" time="0.108" /><testcase classname="backend.tests.test_iteration_101_semantic_lock" name="test_milestone_dialogue_still_works" time="2.419" /><testcase classname="backend.tests.test_iteration_101_semantic_lock" name="test_semantic_comments_on_new_columns" time="0.136" /><testcase classname="backend.tests.test_iteration_102_begin_journey.TestInitiate" name="test_full_payload_returns_welcome" time="1.318" /><testcase classname="backend.tests.test_iteration_102_begin_journey.TestInitiate" name="test_minimal_payload_no_atmosphere" time="1.235" /><testcase classname="backend.tests.test_iteration_102_begin_journey.TestInitiate" name="test_rejects_missing_email" time="0.164" /><testcase classname="backend.tests.test_iteration_102_begin_journey.TestInitiate" name="test_rejects_missing_first_name" time="0.105" /><testcase classname="backend.tests.test_iteration_102_begin_journey.TestInitiate" name="test_creates_canonical_entities_in_db" time="3.002" /><testcase classname="backend.tests.test_iteration_102_begin_journey.TestInitiate" name="test_welcome_endpoint_returns_public_safe_payload" time="2.069" /><testcase classname="backend.tests.test_iteration_102_begin_journey.TestInitiate" name="test_welcome_invalid_token_returns_404" time="0.272" /><testcase classname="backend.tests.test_iteration_102_begin_journey.TestFrontendStatic" name="test_begin_journey_has_three_steps_and_italian_eyebrows" time="0.000" /><testcase classname="backend.tests.test_iteration_102_begin_journey.TestFrontendStatic" name="test_begin_journey_has_all_required_testids" time="0.000" /><testcase classname="backend.tests.test_iteration_102_begin_journey.TestFrontendStatic" name="test_welcome_page_has_italian_hero_copy" time="0.000" /><testcase classname="backend.tests.test_iteration_102_begin_journey.TestFrontendStatic" name="test_no_forbidden_lexicon_in_welcome_surfaces" time="0.000" /><testcase classname="backend.tests.test_iteration_102_begin_journey.TestFrontendStatic" name="test_app_js_mounts_new_public_routes" time="0.000" /><testcase classname="backend.tests.test_iteration_103_constellation.TestConstellationEndpoint" name="test_constellation_returns_six_sections" time="4.418" /><testcase classname="backend.tests.test_iteration_103_constellation.TestConstellationEndpoint" name="test_hero_has_relationship_state_not_pipeline_stage" time="1.472" /><testcase classname="backend.tests.test_iteration_103_constellation.TestConstellationEndpoint" name="test_active_journeys_shape" time="1.495" /><testcase classname="backend.tests.test_iteration_103_constellation.TestConstellationEndpoint" name="test_lexicon_uses_italian_editorial_labels" time="1.453" /><testcase classname="backend.tests.test_iteration_103_constellation.TestConstellationEndpoint" name="test_people_includes_primary_contact" time="1.452" /><testcase classname="backend.tests.test_iteration_103_constellation.TestConstellationEndpoint" name="test_memory_aggregates_materials_from_journey" time="1.482" /><testcase classname="backend.tests.test_iteration_103_constellation.TestFrontendStatic" name="test_constellation_component_has_six_editorial_sections" time="0.000" /><testcase classname="backend.tests.test_iteration_103_constellation.TestFrontendStatic" name="test_constellation_uses_relationship_state_not_pipeline" time="0.000" /><testcase classname="backend.tests.test_iteration_103_constellation.TestFrontendStatic" name="test_constellation_has_testids_for_all_sections" time="0.000" /><testcase classname="backend.tests.test_iteration_103_constellation.TestFrontendStatic" name="test_account_detail_page_mounts_constellation" time="0.000" /><testcase classname="backend.tests.test_iteration_103_constellation.TestFrontendStatic" name="test_no_funnel_lexicon_in_constellation" time="0.000" /><testcase classname="backend.tests.test_iteration_104_journey_pulse.TestPulseEndpoint" name="test_pulse_returns_seven_sections" time="1.615" /><testcase classname="backend.tests.test_iteration_104_journey_pulse.TestPulseEndpoint" name="test_pulse_responds_under_5_seconds" time="1.038" /><testcase classname="backend.tests.test_iteration_104_journey_pulse.TestPulseEndpoint" name="test_pulse_active_journey_has_italian_lifecycle_label" time="1.032" /><testcase classname="backend.tests.test_iteration_104_journey_pulse.TestPulseEndpoint" name="test_pulse_voices_today_use_editorial_phrasing" time="1.072" /><testcase classname="backend.tests.test_iteration_104_journey_pulse.TestPulseEndpoint" name="test_pulse_next_actions_are_editorial_suggestions" time="1.054" /><testcase classname="backend.tests.test_iteration_104_journey_pulse.TestPulseFrontend" name="test_page_renders_all_seven_section_titles" time="0.000" /><testcase classname="backend.tests.test_iteration_104_journey_pulse.TestPulseFrontend" name="test_page_has_required_testids" time="0.000" /><testcase classname="backend.tests.test_iteration_104_journey_pulse.TestPulseFrontend" name="test_no_enterprise_dashboard_lexicon" time="0.001" /><testcase classname="backend.tests.test_iteration_104_journey_pulse.TestPulseFrontend" name="test_app_js_mounts_pulse_as_primary_dashboard" time="0.000" /><testcase classname="backend.tests.test_iteration_104_journey_pulse.TestPulseFrontend" name="test_empty_state_invites_begin_journey_not_create_project" time="0.000" /><testcase classname="backend.tests.test_iteration_105_sidebar_v5.TestActiveJourneysSource" name="test_pulse_exposes_active_journeys" time="1.617" /><testcase classname="backend.tests.test_iteration_105_sidebar_v5.TestActiveJourneysSource" name="test_active_journey_has_required_rail_fields" time="1.069" /><testcase classname="backend.tests.test_iteration_105_sidebar_v5.TestSidebarIA" name="test_sidebar_has_five_journey_first_sections" time="0.000" /><testcase classname="backend.tests.test_iteration_105_sidebar_v5.TestSidebarIA" name="test_design_journey_section_is_present_with_tm" time="0.000" /><testcase classname="backend.tests.test_iteration_105_sidebar_v5.TestSidebarIA" name="test_studio_pulse_is_the_home" time="0.000" /><testcase classname="backend.tests.test_iteration_105_sidebar_v5.TestSidebarIA" name="test_active_journey_rail_is_mounted_under_design_journey" time="0.000" /><testcase classname="backend.tests.test_iteration_105_sidebar_v5.TestSidebarRootCleanup" name="test_no_legacy_artifact_root" time="0.000" /><testcase classname="backend.tests.test_iteration_105_sidebar_v5.TestSidebarRootCleanup" name="test_no_saas_jargon_in_sidebar" time="0.000" /><testcase classname="backend.tests.test_iteration_105_sidebar_v5.TestActiveJourneyRail" name="test_rail_uses_journey_os_tokens" time="0.000" /><testcase classname="backend.tests.test_iteration_105_sidebar_v5.TestActiveJourneyRail" name="test_rail_empty_state_is_relational" time="0.000" /><testcase classname="backend.tests.test_iteration_105_sidebar_v5.TestActiveJourneyRail" name="test_rail_lifecycle_glow_palette_covers_canonical_states" time="0.000" /><testcase classname="backend.tests.test_iteration_105_sidebar_v5.TestActiveJourneyRail" name="test_rail_silence_marker_is_editorial" time="0.000" /><testcase classname="backend.tests.test_iteration_105_sidebar_v5.TestActiveJourneyRail" name="test_rail_has_required_testids" time="0.000" /><testcase classname="backend.tests.test_iteration_105_sidebar_v5.TestActiveJourneyRail" name="test_hook_polls_pulse" time="0.000" /><testcase classname="backend.tests.test_iteration_106_step_workspace.TestStepWorkspaceEndpoint" name="test_step_workspace_returns_full_context" time="2.453" /><testcase classname="backend.tests.test_iteration_106_step_workspace.TestStepWorkspaceEndpoint" name="test_step_workspace_supports_each_canonical_type" time="7.338" /><testcase classname="backend.tests.test_iteration_106_step_workspace.TestStepWorkspaceEndpoint" name="test_step_workspace_progress_uses_chapter_counting" time="1.922" /><testcase classname="backend.tests.test_iteration_106_step_workspace.TestStepWorkspaceEndpoint" name="test_step_workspace_404_on_unknown_type" time="1.657" /><testcase classname="backend.tests.test_iteration_106_step_workspace.TestStepWorkspacePage" name="test_page_uses_three_canonical_layers" time="0.000" /><testcase classname="backend.tests.test_iteration_106_step_workspace.TestStepWorkspacePage" name="test_page_route_in_app_js" time="0.000" /><testcase classname="backend.tests.test_iteration_106_step_workspace.TestStepWorkspacePage" name="test_journey_tab_routes_step_workspace_types" time="0.000" /><testcase classname="backend.tests.test_iteration_106_step_workspace.TestEditorialVocabulary" name="test_step_workspace_page_clean" time="0.001" /><testcase classname="backend.tests.test_iteration_106_step_workspace.TestContextHeader" name="test_header_has_breadcrumb_and_prev_next" time="0.000" /><testcase classname="backend.tests.test_iteration_106_step_workspace.TestVersionStack" name="test_uses_chapter_labels_not_v1_v2" time="0.000" /><testcase classname="backend.tests.test_iteration_106_step_workspace.TestClientInteractionLayer" name="test_four_canonical_gestures" time="0.000" /><testcase classname="backend.tests.test_iteration_106_step_workspace.TestArchiveBanner" name="test_global_pages_carry_archive_banner" time="0.000" /><testcase classname="backend.tests.test_iteration_106_step_workspace.TestArchiveBanner" name="test_banner_uses_journey_first_copy" time="0.000" /><testcase classname="backend.tests.test_iteration_106_step_workspace.TestWorkspaceBodies" name="test_moodboard_workspace_uses_editorial_phrasing" time="0.000" /><testcase classname="backend.tests.test_iteration_106_step_workspace.TestWorkspaceBodies" name="test_material_workspace_groups_into_decisions" time="0.000" /><testcase classname="backend.tests.test_iteration_106_step_workspace.TestBackendRouterRegistered" name="test_router_listed_in_server" time="0.000" /><testcase classname="backend.tests.test_iteration_107_client_companion.TestClientJourneysEndpoint" name="test_client_journeys_returns_list_shape" time="0.980" /><testcase classname="backend.tests.test_iteration_107_client_companion.TestClientJourneysEndpoint" name="test_client_journey_companion_shape" time="2.349" /><testcase classname="backend.tests.test_iteration_107_client_companion.TestClientJourneysEndpoint" name="test_client_companion_404_on_unknown_journey" time="0.374" /><testcase classname="backend.tests.test_iteration_107_client_companion.TestClientJourneysEndpoint" name="test_client_companion_active_chapter_uses_italian_status" time="2.291" /><testcase classname="backend.tests.test_iteration_107_client_companion.TestClientJourneysEndpoint" name="test_router_endpoints_registered" time="0.000" /><testcase classname="backend.tests.test_iteration_107_client_companion.TestSidebarJourneyFirst" name="test_sidebar_has_seven_companion_sections" time="0.000" /><testcase classname="backend.tests.test_iteration_107_client_companion.TestSidebarJourneyFirst" name="test_sidebar_no_saas_pm_jargon" time="0.000" /><testcase classname="backend.tests.test_iteration_107_client_companion.TestSidebarJourneyFirst" name="test_sidebar_invites_conversation_not_support" time="0.000" /><testcase classname="backend.tests.test_iteration_107_client_companion.TestJourneysIndexPage" name="test_index_uses_journey_first_copy" time="0.000" /><testcase classname="backend.tests.test_iteration_107_client_companion.TestJourneysIndexPage" name="test_index_renders_lifecycle_pill_and_studio" time="0.000" /><testcase classname="backend.tests.test_iteration_107_client_companion.TestCompanionPageSections" name="test_companion_has_all_seven_anchored_sections" time="0.000" /><testcase classname="backend.tests.test_iteration_107_client_companion.TestCompanionPageSections" name="test_companion_has_required_testids" time="0.000" /><testcase classname="backend.tests.test_iteration_107_client_companion.TestCompanionPageSections" name="test_companion_uses_editorial_active_chapter_copy" time="0.000" /><testcase classname="backend.tests.test_iteration_107_client_companion.TestCompanionPageSections" name="test_companion_empty_states_are_editorial" time="0.000" /><testcase classname="backend.tests.test_iteration_107_client_companion.TestRouteWiring" name="test_app_js_mounts_journey_first_routes" time="0.000" /><testcase classname="backend.tests.test_iteration_107_client_companion.TestRouteWiring" name="test_legacy_routes_redirect_to_companion" time="0.000" /><testcase classname="backend.tests.test_iteration_107_client_companion.TestDirectionLockClientPortal" name="test_no_saas_jargon" time="0.000" /><testcase classname="backend.tests.test_iteration_107_client_companion.TestDirectionLockClientPortal" name="test_companion_uses_italian_editorial_vocab" time="0.001" /><testcase classname="backend.tests.test_iteration_107_rbac_and_topbar.TestClientPortalRBAC" name="test_designer_blocked_from_journeys" time="0.787" /><testcase classname="backend.tests.test_iteration_107_rbac_and_topbar.TestClientPortalRBAC" name="test_designer_blocked_from_companion" time="1.808" /><testcase classname="backend.tests.test_iteration_107_rbac_and_topbar.TestClientPortalRBAC" name="test_client_can_call_journeys" time="1.593" /><testcase classname="backend.tests.test_iteration_107_rbac_and_topbar.TestClientPortalRBAC" name="test_client_cannot_read_other_journey_companion" time="1.568" /><testcase classname="backend.tests.test_iteration_107_rbac_and_topbar.TestClientPortalRBAC" name="test_super_admin_can_call_any_companion" time="2.427" /><testcase classname="backend.tests.test_iteration_107_rbac_and_topbar.TestTopbarJourneyFirstCopy" name="test_topbar_uses_bentornato_and_percorso" time="0.000" /><testcase classname="backend.tests.test_iteration_107_rbac_and_topbar.TestSidebarBottomCTA" name="test_bottom_cta_invites_conversation" time="0.000" /><testcase classname="backend.tests.test_iteration_107_rbac_and_topbar.TestSingleJourneyShortcut" name="test_index_auto_redirects_when_single_journey" time="0.000" /><testcase classname="backend.tests.test_iteration_107_rbac_and_topbar.TestSingleJourneyShortcut" name="test_app_js_legacy_redirects_complete" time="0.000" /><testcase classname="backend.tests.test_iteration_107_rbac_and_topbar.TestDirectionLockTopbar" name="test_topbar_has_no_saas_dashboard_jargon" time="0.000" /><testcase classname="backend.tests.test_iteration_108_villa_riviera_seed.TestVillaRivieraIsAlive" name="test_client_has_at_least_one_journey" time="1.642" /><testcase classname="backend.tests.test_iteration_108_villa_riviera_seed.TestVillaRivieraIsAlive" name="test_companion_has_lived_in_data" time="2.370" /><testcase classname="backend.tests.test_iteration_108_villa_riviera_seed.TestVoicesAreEditorial" name="test_voices_have_both_client_and_studio" time="2.320" /><testcase classname="backend.tests.test_iteration_108_villa_riviera_seed.TestVoicesAreEditorial" name="test_voices_use_italian_only" time="2.380" /><testcase classname="backend.tests.test_iteration_108_villa_riviera_seed.TestSeedScriptIsIdempotent" name="test_seed_script_exists_and_imports" time="0.409" /><testcase classname="backend.tests.test_iteration_109_shared_voice.TestSharedVoiceEndpoint" name="test_post_voice_creates_feedback_and_timeline" time="3.873" /><testcase classname="backend.tests.test_iteration_109_shared_voice.TestSharedVoiceEndpoint" name="test_voice_appears_in_companion_conversations" time="2.261" /><testcase classname="backend.tests.test_iteration_109_shared_voice.TestSharedVoiceEndpoint" name="test_post_voice_validates_text_length" time="0.529" /><testcase classname="backend.tests.test_iteration_109_shared_voice.TestSharedVoiceEndpoint" name="test_post_voice_404_on_unknown_milestone" time="0.608" /><testcase classname="backend.tests.test_iteration_109_shared_voice.TestSharedVoiceEndpoint" name="test_post_voice_404_on_unknown_journey" time="0.346" /><testcase classname="backend.tests.test_iteration_109_shared_voice.TestSharedVoiceEndpoint" name="test_designer_role_blocked" time="0.818" /><testcase classname="backend.tests.test_iteration_109_shared_voice.TestComposerEditorialTone" name="test_composer_uses_journey_first_copy" time="0.000" /><testcase classname="backend.tests.test_iteration_109_shared_voice.TestComposerEditorialTone" name="test_composer_has_no_chat_pm_terminology" time="0.000" /><testcase classname="backend.tests.test_iteration_109_shared_voice.TestComposerEditorialTone" name="test_composer_exposes_testids" time="0.000" /><testcase classname="backend.tests.test_iteration_109_shared_voice.TestComposerEditorialTone" name="test_composer_uses_relational_icons" time="0.000" /><testcase classname="backend.tests.test_iteration_109_shared_voice.TestComposerWiredIntoCompanion" name="test_companion_mounts_composer_inside_active_chapter" time="0.000" /><testcase classname="backend.tests.test_iteration_109_shared_voice.TestComposerWiredIntoCompanion" name="test_companion_optimistic_update" time="0.000" /><testcase classname="backend.tests.test_iteration_109_shared_voice.TestBackendDirectionLock" name="test_router_uses_free_voice_kind_only" time="0.000" /><testcase classname="backend.tests.test_iteration_109_shared_voice.TestBackendDirectionLock" name="test_router_persists_to_canonical_tables" time="0.000" /><testcase classname="backend.tests.test_iteration_109_shared_voice.TestBackendDirectionLock" name="test_router_uses_italian_timeline_narration" time="0.000" /><testcase classname="backend.tests.test_iteration_110_site_evolution.TestSiteEvolutionEndpoint" name="test_studio_can_list" time="2.724" /><testcase classname="backend.tests.test_iteration_110_site_evolution.TestSiteEvolutionEndpoint" name="test_client_read_returns_grouped_entries" time="0.640" /><testcase classname="backend.tests.test_iteration_110_site_evolution.TestSiteEvolutionEndpoint" name="test_client_entry_has_required_fields" time="0.625" /><testcase classname="backend.tests.test_iteration_110_site_evolution.TestSiteEvolutionEndpoint" name="test_client_cannot_post" time="0.249" /><testcase classname="backend.tests.test_iteration_110_site_evolution.TestSiteEvolutionEndpoint" name="test_admin_can_post" time="0.981" /><testcase classname="backend.tests.test_iteration_110_site_evolution.TestSiteEvolutionEndpoint" name="test_404_on_unknown_journey" time="0.364" /><testcase classname="backend.tests.test_iteration_110_site_evolution.TestSiteEvolutionSection" name="test_component_has_editorial_empty_state" time="0.000" /><testcase classname="backend.tests.test_iteration_110_site_evolution.TestSiteEvolutionSection" name="test_component_supports_before_after_slider" time="0.000" /><testcase classname="backend.tests.test_iteration_110_site_evolution.TestSiteEvolutionSection" name="test_component_groups_by_space" time="0.000" /><testcase classname="backend.tests.test_iteration_110_site_evolution.TestSiteEvolutionSection" name="test_no_media_manager_vocabulary" time="0.000" /><testcase classname="backend.tests.test_iteration_110_site_evolution.TestSiteEvolutionSection" name="test_companion_mounts_site_evolution_section" time="0.000" /><testcase classname="backend.tests.test_iteration_110_site_evolution.TestSiteEvolutionSection" name="test_sidebar_exposes_site_evolution_section" time="0.000" /><testcase classname="backend.tests.test_iteration_110_site_evolution.TestSeedHasSiteEvolution" name="test_seed_script_has_ensure_site_evolution" time="0.000" /><testcase classname="backend.tests.test_iteration_110_site_evolution.TestSeedHasSiteEvolution" name="test_seed_visit_kinds_are_documentary" time="0.000" /><testcase classname="backend.tests.test_iteration_110_site_evolution.TestRouterRegistered" name="test_router_listed_in_server" time="0.000" /><testcase classname="backend.tests.test_iteration_110_site_evolution.TestRouterRegistered" name="test_router_uses_editorial_italian" time="0.000" /></testsuite></testsuites>