<?xml version="1.0" encoding="utf-8"?><testsuites name="pytest tests"><testsuite name="pytest" errors="0" failures="0" skipped="0" tests="10" time="7.062" timestamp="2026-05-19T06:15:55.333055+00:00" hostname="agent-env-2479e3dc-7db3-468a-a990-94da8dcb375c"><testcase classname="backend.tests.test_iteration_74_relationships_signals.TestRelationshipGraph" name="test_graph_returns_200_and_schema" time="3.068" /><testcase classname="backend.tests.test_iteration_74_relationships_signals.TestRelationshipGraph" name="test_graph_404_for_bogus_account" time="0.301" /><testcase classname="backend.tests.test_iteration_74_relationships_signals.TestRelationshipRegression" name="test_summary_still_200" time="1.173" /><testcase classname="backend.tests.test_iteration_74_relationships_signals.TestRelationshipRegression" name="test_mood_signals_still_200" time="0.536" /><testcase classname="backend.tests.test_iteration_74_relationships_signals.TestMarketEvents" name="test_event_cta_click_accepted" time="0.417" /><testcase classname="backend.tests.test_iteration_74_relationships_signals.TestMarketEvents" name="test_event_material_zoom_accepted" time="0.352" /><testcase classname="backend.tests.test_iteration_74_relationships_signals.TestMarketEvents" name="test_event_gallery_open_accepted" time="0.357" /><testcase classname="backend.tests.test_iteration_74_relationships_signals.TestMarketEvents" name="test_event_hotspot_open_accepted" time="0.334" /><testcase classname="backend.tests.test_iteration_74_relationships_signals.TestMarketEvents" name="test_event_article_read_accepted" time="0.336" /><testcase classname="backend.tests.test_iteration_74_relationships_signals.TestMarketEvents" name="test_event_bogus_rejected_400" time="0.114" /></testsuite></testsuites>