<?xml version="1.0" encoding="utf-8"?><testsuites name="pytest tests"><testsuite name="pytest" errors="0" failures="1" skipped="0" tests="1" time="3.750" timestamp="2026-05-24T01:24:23.810795+00:00" hostname="agent-env-2479e3dc-7db3-468a-a990-94da8dcb375c"><testcase classname="tests.test_iter149_runtime_identity_parity" name="test_begin_journey_unified_leads_row_has_full_runtime_identity" time="3.654"><failure message="AssertionError: {'account_id': 'f90a1c0c-4dba-4215-b25d-9f5d0a113a53', 'atmosphere': {}, 'journey_id': 'bcb81a1d-b429-4af4-9cd3-8c700446b52a', 'lifestyle': {'ambiance': None, 'guests': 'duo', 'materials': None}, ...}&#10;assert {}&#10; +  where {} = &lt;built-in method get of dict object at 0xf92bfe0b5bc0&gt;('atmosphere')&#10; +    where &lt;built-in method get of dict object at 0xf92bfe0b5bc0&gt; = {'account_id': 'f90a1c0c-4dba-4215-b25d-9f5d0a113a53', 'atmosphere': {}, 'journey_id': 'bcb81a1d-b429-4af4-9cd3-8c700446b52a', 'lifestyle': {'ambiance': None, 'guests': 'duo', 'materials': None}, ...}.get">tests/test_iter149_runtime_identity_parity.py:80: in test_begin_journey_unified_leads_row_has_full_runtime_identity
    assert ri.get("atmosphere"), ri
E   AssertionError: {'account_id': 'f90a1c0c-4dba-4215-b25d-9f5d0a113a53', 'atmosphere': {}, 'journey_id': 'bcb81a1d-b429-4af4-9cd3-8c700446b52a', 'lifestyle': {'ambiance': None, 'guests': 'duo', 'materials': None}, ...}
E   assert {}
E    +  where {} = &lt;built-in method get of dict object at 0xf92bfe0b5bc0&gt;('atmosphere')
E    +    where &lt;built-in method get of dict object at 0xf92bfe0b5bc0&gt; = {'account_id': 'f90a1c0c-4dba-4215-b25d-9f5d0a113a53', 'atmosphere': {}, 'journey_id': 'bcb81a1d-b429-4af4-9cd3-8c700446b52a', 'lifestyle': {'ambiance': None, 'guests': 'duo', 'materials': None}, ...}.get</failure></testcase></testsuite></testsuites>