<?xml version="1.0" encoding="utf-8"?><testsuites name="pytest tests"><testsuite name="pytest" errors="0" failures="0" skipped="0" tests="10" time="20.921" timestamp="2026-05-15T13:47:07.756560+00:00" hostname="agent-env-2479e3dc-7db3-468a-a990-94da8dcb375c"><testcase classname="backend.tests.test_licensing_enforcement.TestLicenseEndpoint" name="test_license_returns_plan_limits_usage" time="2.566" /><testcase classname="backend.tests.test_licensing_enforcement.TestPlanAssignment" name="test_assign_starter_then_enterprise" time="1.016" /><testcase classname="backend.tests.test_licensing_enforcement.TestPlanAssignment" name="test_assign_invalid_plan_400" time="0.227" /><testcase classname="backend.tests.test_licensing_enforcement.TestStarterCapsRejectCreation" name="test_projects_create_rejected_on_starter" time="1.448" /><testcase classname="backend.tests.test_licensing_enforcement.TestStarterCapsRejectCreation" name="test_moodboards_create_rejected_on_starter" time="1.479" /><testcase classname="backend.tests.test_licensing_enforcement.TestStarterCapsRejectCreation" name="test_domain_custom_rejected_at_cap" time="3.602" /><testcase classname="backend.tests.test_licensing_enforcement.TestStarterCapsRejectCreation" name="test_subdomain_bypass_succeeds_at_cap" time="3.928" /><testcase classname="backend.tests.test_licensing_enforcement.TestStarterCapsRejectCreation" name="test_storage_signed_upload_rejected_over_quota" time="1.441" /><testcase classname="backend.tests.test_licensing_enforcement.TestEnterpriseAcceptsCreation" name="test_create_project_on_enterprise" time="2.179" /><testcase classname="backend.tests.test_licensing_enforcement.TestMoodboardArchiveRestore" name="test_archive_then_restore" time="2.945" /></testsuite></testsuites>