<?xml version="1.0" encoding="utf-8"?><testsuites name="pytest tests"><testsuite name="pytest" errors="0" failures="0" skipped="0" tests="30" time="41.750" timestamp="2026-06-02T00:19:51.746257+00:00" hostname="agent-env-2479e3dc-7db3-468a-a990-94da8dcb375c"><testcase classname="backend.tests.test_iter185_crm_foundation.TestFastLeadCapture" name="test_happy_path_email_only" time="1.224" /><testcase classname="backend.tests.test_iter185_crm_foundation.TestFastLeadCapture" name="test_happy_path_phone_only" time="0.665" /><testcase classname="backend.tests.test_iter185_crm_foundation.TestFastLeadCapture" name="test_missing_name" time="0.139" /><testcase classname="backend.tests.test_iter185_crm_foundation.TestFastLeadCapture" name="test_missing_contact" time="0.134" /><testcase classname="backend.tests.test_iter185_crm_foundation.TestFastLeadCapture" name="test_missing_source" time="0.134" /><testcase classname="backend.tests.test_iter185_crm_foundation.TestFastLeadCapture" name="test_invalid_source" time="0.132" /><testcase classname="backend.tests.test_iter185_crm_foundation.TestFastLeadCapture" name="test_source_other_without_detail" time="0.132" /><testcase classname="backend.tests.test_iter185_crm_foundation.TestFastLeadCapture" name="test_source_other_with_detail" time="0.682" /><testcase classname="backend.tests.test_iter185_crm_foundation.TestFastLeadCapture" name="test_dedup_check_returns_409" time="1.459" /><testcase classname="backend.tests.test_iter185_crm_foundation.TestDiscoveryProgress" name="test_initial_25pct" time="1.068" /><testcase classname="backend.tests.test_iter185_crm_foundation.TestDiscoveryProgress" name="test_progress_jumps_with_signals" time="2.245" /><testcase classname="backend.tests.test_iter185_crm_foundation.TestDiscoveryProgress" name="test_progress_100pct" time="1.614" /><testcase classname="backend.tests.test_iter185_crm_foundation.TestQualifyGate" name="test_qualify_below_75_fails" time="1.082" /><testcase classname="backend.tests.test_iter185_crm_foundation.TestQualifyGate" name="test_qualify_with_admin_force" time="1.851" /><testcase classname="backend.tests.test_iter185_crm_foundation.TestQualifyGate" name="test_qualify_creates_prospect_account" time="3.355" /><testcase classname="backend.tests.test_iter185_crm_foundation.TestCustomerConversion" name="test_convert_without_proposal_fails" time="2.145" /><testcase classname="backend.tests.test_iter185_crm_foundation.TestCustomerConversion" name="test_convert_admin_override_succeeds" time="2.626" /><testcase classname="backend.tests.test_iter185_crm_foundation.TestCustomerConversion" name="test_convert_already_customer_fails" time="2.798" /><testcase classname="backend.tests.test_iter185_crm_foundation.TestCustomerConversion" name="test_revert_without_reason_fails" time="2.694" /><testcase classname="backend.tests.test_iter185_crm_foundation.TestCustomerConversion" name="test_revert_with_valid_reason_succeeds" time="3.356" /><testcase classname="backend.tests.test_iter185_crm_foundation.TestLegacyPromoteDeprecated" name="test_returns_410_gone" time="0.131" /><testcase classname="backend.tests.test_iter185_crm_foundation.TestJourneyEnforcement" name="test_journey_from_lead_blocked" time="0.270" /><testcase classname="backend.tests.test_iter181a_dashboard_refocus.TestActivationFoundation5Steps" name="test_returns_exactly_6_steps_in_order" time="2.394" /><testcase classname="backend.tests.test_iter181a_dashboard_refocus.TestActivationFoundation5Steps" name="test_no_legacy_keys_present" time="1.428" /><testcase classname="backend.tests.test_iter181a_dashboard_refocus.TestActivationFoundation5Steps" name="test_each_item_has_required_fields" time="1.363" /><testcase classname="backend.tests.test_iter181a_dashboard_refocus.TestActivationFoundation5Steps" name="test_business_counts_present_and_typed" time="1.462" /><testcase classname="backend.tests.test_iter181a_dashboard_refocus.TestActivationFoundation5Steps" name="test_progress_consistent_with_completed" time="1.407" /><testcase classname="backend.tests.test_iter181a_dashboard_refocus.TestActivationFoundation5Steps" name="test_unauthenticated_request_blocked" time="0.129" /><testcase classname="backend.tests.test_iter181a_dashboard_refocus.TestIdentityEndpoint" name="test_partial_update_returns_ok_idempotent" time="3.373" /><testcase classname="backend.tests.test_iter181a_dashboard_refocus.TestIdentityEndpoint" name="test_identity_endpoint_unauthenticated" time="0.168" /></testsuite></testsuites>