<?xml version="1.0" encoding="utf-8"?><testsuites name="pytest tests"><testsuite name="pytest" errors="0" failures="0" skipped="0" tests="4" time="25.733" timestamp="2026-05-15T23:25:08.056727+00:00" hostname="agent-env-2479e3dc-7db3-468a-a990-94da8dcb375c"><testcase classname="backend.tests.test_phase_v_briefing.TestBriefingSummary" name="test_anonymous_access_no_auth" time="5.251" /><testcase classname="backend.tests.test_phase_v_briefing.TestBriefingSummary" name="test_residential_category" time="4.846" /><testcase classname="backend.tests.test_phase_v_briefing.TestBriefingSummary" name="test_hospitality_category" time="7.120" /><testcase classname="backend.tests.test_phase_v_briefing.TestBriefingSummary" name="test_empty_payload_fallback" time="8.412" /></testsuite></testsuites>