<?xml version="1.0" encoding="utf-8"?><testsuites name="pytest tests"><testsuite name="pytest" errors="0" failures="0" skipped="0" tests="9" time="15.732" timestamp="2026-05-13T10:20:48.604244+00:00" hostname="agent-env-2479e3dc-7db3-468a-a990-94da8dcb375c"><testcase classname="backend.tests.test_phase_e1.TestDuplicateBlock" name="test_duplicate_offsets_and_resets_locked" time="4.008" /><testcase classname="backend.tests.test_phase_e1.TestDuplicateBlock" name="test_duplicate_404_on_invalid_block" time="1.022" /><testcase classname="backend.tests.test_phase_e1.TestPutStructuredFlags" name="test_put_persists_locked_hidden_opacity_rotation" time="2.924" /><testcase classname="backend.tests.test_phase_e1.TestBatchStyle" name="test_batch_persists_style_jsonb" time="3.121" /><testcase classname="backend.tests.test_phase_e1.TestV2ScaffoldTables" name="test_tables_exist_and_queryable" time="1.580" /><testcase classname="backend.tests.test_phase_e1.TestV2ScaffoldTables" name="test_column_counts_approx" time="1.212" /><testcase classname="backend.tests.test_phase_e1.TestV2ScaffoldTables" name="test_fk_constraints_present" time="0.909" /><testcase classname="backend.tests.test_phase_e1.TestV2ScaffoldTables" name="test_v2_endpoints_not_exposed" time="0.185" /><testcase classname="backend.tests.test_phase_e1.TestStorageSignedUpload" name="test_signed_upload_returns_url" time="0.672" /></testsuite></testsuites>