<?xml version="1.0" encoding="utf-8"?><testsuites name="pytest tests"><testsuite name="pytest" errors="0" failures="0" skipped="0" tests="10" time="11.379" timestamp="2026-06-08T22:34:11.941576+00:00" hostname="agent-env-2479e3dc-7db3-468a-a990-94da8dcb375c"><testcase classname="backend.tests.test_iter217_concept_directions.TestRegressionDiscoverBrief" name="test_discover_catalog" time="1.560" /><testcase classname="backend.tests.test_iter217_concept_directions.TestRegressionDiscoverBrief" name="test_discover_brief_get" time="0.742" /><testcase classname="backend.tests.test_iter217_concept_directions.TestRegressionDiscoverBrief" name="test_intelligence_still_works" time="0.906" /><testcase classname="backend.tests.test_iter217_concept_directions.TestListConceptDirections" name="test_list_returns_sets_grouped" time="0.945" /><testcase classname="backend.tests.test_iter217_concept_directions.TestGenerateAppend" name="test_response_envelope" time="3.092" /><testcase classname="backend.tests.test_iter217_concept_directions.TestGenerateAppend" name="test_letters_match_set_index" time="0.000" /><testcase classname="backend.tests.test_iter217_concept_directions.TestGenerateAppend" name="test_direction_payload_shape" time="0.000" /><testcase classname="backend.tests.test_iter217_concept_directions.TestGenerateAppend" name="test_persisted_in_list_endpoint" time="0.449" /><testcase classname="backend.tests.test_iter217_concept_directions.TestDirectionNameRotation" name="test_new_set_has_rotated_names" time="3.159" /><testcase classname="backend.tests.test_iter217_concept_directions.TestNeedsFlags" name="test_at_least_one_needs_flag_when_no_products" time="0.451" /></testsuite></testsuites>