<?xml version="1.0" encoding="utf-8"?><testsuites name="pytest tests"><testsuite name="pytest" errors="0" failures="1" skipped="0" tests="9" time="10.544" timestamp="2026-05-16T01:42:02.250921+00:00" hostname="agent-env-2479e3dc-7db3-468a-a990-94da8dcb375c"><testcase classname="backend.tests.test_phase_y3a_asset_picker.TestMediaList" name="test_media_list_returns_demo_assets" time="2.079" /><testcase classname="backend.tests.test_phase_y3a_asset_picker.TestMediaList" name="test_media_list_filter_by_category_hospitality" time="0.406" /><testcase classname="backend.tests.test_phase_y3a_asset_picker.TestMediaList" name="test_media_stats" time="0.749"><failure message="AssertionError: INTEGRATION GAP: /api/media/stats lacks 'categories' &amp; 'tags' that AssetPickerModal expects. Got: {'total': 10, 'by_kind': {'image': 10, 'video': 0, 'pdf': 0, 'other': 0}, 'total_bytes': 11101178, 'unused': 9, 'collections': 1, 'materials': 1}&#10;assert ('categories' in {'by_kind': {'image': 10, 'other': 0, 'pdf': 0, 'video': 0}, 'collections': 1, 'materials': 1, 'total': 10, ...})">backend/tests/test_phase_y3a_asset_picker.py:87: in test_media_stats
    assert "categories" in body and "tags" in body, (
E   AssertionError: INTEGRATION GAP: /api/media/stats lacks 'categories' &amp; 'tags' that AssetPickerModal expects. Got: {'total': 10, 'by_kind': {'image': 10, 'video': 0, 'pdf': 0, 'other': 0}, 'total_bytes': 11101178, 'unused': 9, 'collections': 1, 'materials': 1}
E   assert ('categories' in {'by_kind': {'image': 10, 'other': 0, 'pdf': 0, 'video': 0}, 'collections': 1, 'materials': 1, 'total': 10, ...})</failure></testcase><testcase classname="backend.tests.test_phase_y3a_asset_picker.TestTenantIsolation" name="test_showroom_cannot_see_demo_assets" time="1.537" /><testcase classname="backend.tests.test_phase_y3a_asset_picker.TestStorageSignedUpload" name="test_signed_upload_magazine_media" time="0.618" /><testcase classname="backend.tests.test_phase_y3a_asset_picker.TestStorageSignedUpload" name="test_signed_upload_rejects_unknown_bucket" time="0.247" /><testcase classname="backend.tests.test_phase_y3a_asset_picker.TestStorageSignedUpload" name="test_register_media_nests_suspicious_prefix_under_tenant" time="0.518" /><testcase classname="backend.tests.test_phase_y3a_asset_picker.TestMediaLinks" name="test_link_create_and_idempotent" time="2.224" /><testcase classname="backend.tests.test_phase_y3a_asset_picker.TestArticleHeroPersistence" name="test_patch_and_get_hero_url" time="2.068" /></testsuite></testsuites>