<?xml version="1.0" encoding="utf-8"?><testsuites name="pytest tests"><testsuite name="pytest" errors="0" failures="0" skipped="0" tests="17" time="13.794" timestamp="2026-05-23T23:01:03.967809+00:00" hostname="agent-env-2479e3dc-7db3-468a-a990-94da8dcb375c"><testcase classname="tests.test_iter144_tenant_foundation" name="test_get_tenant_configuration_for_root" time="1.557" /><testcase classname="tests.test_iter144_tenant_foundation" name="test_get_tenant_configuration_for_tenant_admin" time="0.587" /><testcase classname="tests.test_iter144_tenant_foundation" name="test_patch_branding_persists_and_resolves" time="1.300" /><testcase classname="tests.test_iter144_tenant_foundation" name="test_patch_navigation_overrides_hide_and_rename" time="1.266" /><testcase classname="tests.test_iter144_tenant_foundation" name="test_blueprint_admin_feature_modules_listing" time="0.386" /><testcase classname="tests.test_iter144_tenant_foundation" name="test_blueprint_admin_patch_platform_default" time="1.774" /><testcase classname="tests.test_iter144_tenant_foundation" name="test_core_module_cannot_be_disabled" time="0.253" /><testcase classname="tests.test_iter144_tenant_foundation" name="test_tenant_admin_cannot_reach_blueprint_admin" time="0.259" /><testcase classname="tests.test_iter144_tenant_foundation" name="test_configuration_change_events_audit_trail" time="1.782" /><testcase classname="tests.test_iter144_tenant_foundation" name="test_admin_patch_tenant_configuration_via_blueprint_admin" time="1.008" /><testcase classname="tests.test_iter144_tenant_foundation" name="test_modules_endpoint_returns_effective_state" time="0.131" /><testcase classname="tests.test_iter144_tenant_foundation" name="test_runtime_section_present_in_bundle" time="0.256" /><testcase classname="tests.test_iter144_tenant_foundation" name="test_subdomain_resolution_via_host_header" time="0.514" /><testcase classname="tests.test_iter144_tenant_foundation" name="test_email_identity_in_bundle" time="0.254" /><testcase classname="tests.test_iter144_tenant_foundation" name="test_custom_email_identity_promotes_source" time="1.506" /><testcase classname="tests.test_iter144_tenant_foundation" name="test_runtime_inspector_root_only" time="0.380" /><testcase classname="tests.test_iter144_tenant_foundation" name="test_runtime_inspector_by_tenant_id" time="0.505" /></testsuite></testsuites>