<?xml version="1.0" encoding="utf-8"?><testsuites name="pytest tests"><testsuite name="pytest" errors="0" failures="0" skipped="1" tests="17" time="12.928" timestamp="2026-05-20T00:38:39.400429+00:00" hostname="agent-env-2479e3dc-7db3-468a-a990-94da8dcb375c"><testcase classname="backend.tests.test_iteration_86_brand_mode.TestBrandsAtlas" name="test_atlas_returns_enriched_cards" time="1.891" /><testcase classname="backend.tests.test_iteration_86_brand_mode.TestBrandsAtlas" name="test_atlas_search_q" time="0.683" /><testcase classname="backend.tests.test_iteration_86_brand_mode.TestBrandsAtlas" name="test_bonaldo_has_product_aggregations" time="0.650" /><testcase classname="backend.tests.test_iteration_86_brand_mode.TestCuratorialProfile" name="test_profile_404_for_missing" time="0.368" /><testcase classname="backend.tests.test_iteration_86_brand_mode.TestCuratorialProfile" name="test_profile_shape_full" time="1.539" /><testcase classname="backend.tests.test_iteration_86_brand_mode.TestCuratorialProfile" name="test_profile_for_brand_without_data" time="1.277" /><testcase classname="backend.tests.test_iteration_83_mood_panel.TestInspirationsArchive" name="test_editorial_filter" time="1.056" /><testcase classname="backend.tests.test_iteration_83_mood_panel.TestInspirationsArchive" name="test_product_filter" time="0.318" /><testcase classname="backend.tests.test_iteration_83_mood_panel.TestInspirationsArchive" name="test_brand_filter_bonaldo" time="0.320" /><testcase classname="backend.tests.test_iteration_83_mood_panel.TestInspirationsArchive" name="test_catalogs" time="0.302" /><testcase classname="backend.tests.test_iteration_83_mood_panel.TestDisplayMeta" name="test_patch_display_meta" time="0.751" /><testcase classname="backend.tests.test_iteration_83_mood_panel.TestBlockMetadataPersistence" name="test_create_image_block_with_inspiration_meta" time="3.388" /><testcase classname="backend.tests.test_iteration_83_mood_panel.TestUsageEvents" name="test_emit_added_to_moodboard" time="0.301"><skipped type="pytest.skip" message="no product inspirations">/app/backend/tests/test_iteration_83_mood_panel.py:125: no product inspirations</skipped></testcase><testcase classname="backend.tests.test_iteration_85_magnetic_snap_curve" name="test_pull_factor_commit_zone" time="0.000" /><testcase classname="backend.tests.test_iteration_85_magnetic_snap_curve" name="test_pull_factor_outside_attract" time="0.000" /><testcase classname="backend.tests.test_iteration_85_magnetic_snap_curve" name="test_pull_factor_monotone_decreasing" time="0.000" /><testcase classname="backend.tests.test_iteration_85_magnetic_snap_curve" name="test_pull_factor_curve_shape" time="0.000" /></testsuite></testsuites>