<?xml version="1.0" encoding="utf-8"?><testsuites name="pytest tests"><testsuite name="pytest" errors="0" failures="0" skipped="0" tests="20" time="10.249" timestamp="2026-05-24T08:45:14.190897+00:00" hostname="agent-env-2479e3dc-7db3-468a-a990-94da8dcb375c"><testcase classname="backend.tests.test_iter155_relations_answer_event" name="test_designers_roster_returns_data" time="1.612" /><testcase classname="backend.tests.test_iter155_relations_answer_event" name="test_welcome_has_continuation_interview" time="0.930" /><testcase classname="backend.tests.test_iter155_relations_answer_event" name="test_answer_event_auth_required" time="0.075" /><testcase classname="backend.tests.test_iter155_relations_answer_event" name="test_answer_event_returns_201_with_event_id" time="0.453" /><testcase classname="backend.tests.test_iter155_relations_answer_event" name="test_answer_event_missing_question_key_400" time="0.167" /><testcase classname="backend.tests.test_iter155_relations_answer_event" name="test_answer_event_unknown_question_key_400" time="0.168" /><testcase classname="backend.tests.test_iter155_relations_answer_event" name="test_answer_event_missing_value_400" time="0.166" /><testcase classname="backend.tests.test_iter155_relations_answer_event" name="test_answer_event_does_not_require_tenant_slug" time="0.290" /><testcase classname="backend.tests.test_iter148_sprint_c_relations.TestRelationsStats" name="test_stats_requires_auth" time="0.098" /><testcase classname="backend.tests.test_iter148_sprint_c_relations.TestRelationsStats" name="test_stats_returns_keys" time="1.355" /><testcase classname="backend.tests.test_iter148_sprint_c_relations.TestRelationsLists" name="test_leads_shape_and_count" time="0.322" /><testcase classname="backend.tests.test_iter148_sprint_c_relations.TestRelationsLists" name="test_leads_filter_q" time="0.300" /><testcase classname="backend.tests.test_iter148_sprint_c_relations.TestRelationsLists" name="test_leads_filter_atmosphere" time="0.296" /><testcase classname="backend.tests.test_iter148_sprint_c_relations.TestRelationsLists" name="test_prospects_shape" time="0.299" /><testcase classname="backend.tests.test_iter148_sprint_c_relations.TestRelationsLists" name="test_accounts_shape" time="0.294" /><testcase classname="backend.tests.test_iter148_sprint_c_relations.TestDesigners" name="test_designers_shape" time="0.295" /><testcase classname="backend.tests.test_iter148_sprint_c_relations.TestWelcome" name="test_welcome_for_first_lead" time="0.730" /><testcase classname="backend.tests.test_iter148_sprint_c_relations.TestPromote" name="test_promote_lead_to_prospect_and_rollback" time="1.549" /><testcase classname="backend.tests.test_iter148_sprint_c_relations.TestPromote" name="test_promote_invalid_target_400" time="0.467" /><testcase classname="backend.tests.test_iter148_sprint_c_relations.TestPromote" name="test_promote_404_for_unknown_id" time="0.288" /></testsuite></testsuites>