<?xml version="1.0" encoding="utf-8"?><testsuites name="pytest tests"><testsuite name="pytest" errors="0" failures="0" skipped="0" tests="12" time="6.847" timestamp="2026-05-24T08:32:28.885998+00:00" hostname="agent-env-2479e3dc-7db3-468a-a990-94da8dcb375c"><testcase classname="backend.tests.test_iter148_sprint_c_relations.TestRelationsStats" name="test_stats_requires_auth" time="0.138" /><testcase classname="backend.tests.test_iter148_sprint_c_relations.TestRelationsStats" name="test_stats_returns_keys" time="1.751" /><testcase classname="backend.tests.test_iter148_sprint_c_relations.TestRelationsLists" name="test_leads_shape_and_count" time="0.303" /><testcase classname="backend.tests.test_iter148_sprint_c_relations.TestRelationsLists" name="test_leads_filter_q" time="0.306" /><testcase classname="backend.tests.test_iter148_sprint_c_relations.TestRelationsLists" name="test_leads_filter_atmosphere" time="0.309" /><testcase classname="backend.tests.test_iter148_sprint_c_relations.TestRelationsLists" name="test_prospects_shape" time="0.300" /><testcase classname="backend.tests.test_iter148_sprint_c_relations.TestRelationsLists" name="test_accounts_shape" time="0.312" /><testcase classname="backend.tests.test_iter148_sprint_c_relations.TestDesigners" name="test_designers_shape" time="0.298" /><testcase classname="backend.tests.test_iter148_sprint_c_relations.TestWelcome" name="test_welcome_for_first_lead" time="0.709" /><testcase classname="backend.tests.test_iter148_sprint_c_relations.TestPromote" name="test_promote_lead_to_prospect_and_rollback" time="1.557" /><testcase classname="backend.tests.test_iter148_sprint_c_relations.TestPromote" name="test_promote_invalid_target_400" time="0.495" /><testcase classname="backend.tests.test_iter148_sprint_c_relations.TestPromote" name="test_promote_404_for_unknown_id" time="0.296" /></testsuite></testsuites>