<?xml version="1.0" encoding="utf-8"?><testsuites name="pytest tests"><testsuite name="pytest" errors="0" failures="0" skipped="0" tests="3" time="3.401" timestamp="2026-05-23T23:35:44.434411+00:00" hostname="agent-env-2479e3dc-7db3-468a-a990-94da8dcb375c"><testcase classname="backend.tests.test_iter144_1_runtime_continuity" name="test_email_branding_patch_mirrors_into_tenant_configuration" time="2.586" /><testcase classname="backend.tests.test_iter144_1_runtime_continuity" name="test_preview_endpoint_accepts_locale" time="0.125" /><testcase classname="backend.tests.test_iter144_1_runtime_continuity" name="test_module_guard_editorial_blocks_seeded" time="0.620" /></testsuite></testsuites>