<?xml version="1.0" encoding="utf-8"?><testsuites name="pytest tests"><testsuite name="pytest" errors="0" failures="0" skipped="0" tests="12" time="37.023" timestamp="2026-05-13T19:14:17.887067+00:00" hostname="agent-env-2479e3dc-7db3-468a-a990-94da8dcb375c"><testcase classname="backend.tests.test_phase_f2_presentation" name="test_get_presentation_transitions" time="1.297" /><testcase classname="backend.tests.test_phase_f2_presentation" name="test_update_page_merges_into_settings" time="2.357" /><testcase classname="backend.tests.test_phase_f2_presentation" name="test_update_page_invalid_transition_400" time="1.406" /><testcase classname="backend.tests.test_phase_f2_presentation" name="test_update_page_legacy_fields_still_work" time="1.163" /><testcase classname="backend.tests.test_phase_f2_presentation" name="test_public_share_includes_pages_filtered" time="3.206" /><testcase classname="backend.tests.test_phase_f2_presentation" name="test_public_share_draft_blocked" time="2.848" /><testcase classname="backend.tests.test_phase_f2_presentation" name="test_inject_template_appends_pages" time="21.185" /><testcase classname="backend.tests.test_phase_f2_presentation" name="test_inject_unknown_template_404" time="0.459" /><testcase classname="backend.tests.test_phase_f2_presentation" name="test_inject_unknown_moodboard_404" time="0.323" /><testcase classname="backend.tests.test_phase_f2_presentation" name="test_inject_cross_tenant_404" time="0.881" /><testcase classname="backend.tests.test_phase_f2_presentation" name="test_regression_pages_list" time="0.442" /><testcase classname="backend.tests.test_phase_f2_presentation" name="test_regression_page_skeletons" time="1.359" /></testsuite></testsuites>