<?xml version="1.0" encoding="utf-8"?><testsuites name="pytest tests"><testsuite name="pytest" errors="0" failures="0" skipped="0" tests="17" time="33.959" timestamp="2026-05-15T02:21:15.441647+00:00" hostname="agent-env-2479e3dc-7db3-468a-a990-94da8dcb375c"><testcase classname="backend.tests.test_session_c_workspace_genesis" name="test_public_team_returns_three_personas" time="0.855" /><testcase classname="backend.tests.test_session_c_workspace_genesis" name="test_public_team_unknown_tenant" time="0.198" /><testcase classname="backend.tests.test_session_c_workspace_genesis" name="test_private_submit_returns_session_user_genesis" time="3.192" /><testcase classname="backend.tests.test_session_c_workspace_genesis" name="test_private_submit_pages_locale_it" time="0.000" /><testcase classname="backend.tests.test_session_c_workspace_genesis" name="test_private_submit_project_title_humane" time="0.976" /><testcase classname="backend.tests.test_session_c_workspace_genesis" name="test_project_returns_assigned_designer_bag" time="0.917" /><testcase classname="backend.tests.test_session_c_workspace_genesis" name="test_new_user_token_authenticates" time="0.895" /><testcase classname="backend.tests.test_session_c_workspace_genesis" name="test_moodboard_pages_and_seed_blocks" time="1.266" /><testcase classname="backend.tests.test_session_c_workspace_genesis" name="test_duplicate_email_returns_409" time="0.363" /><testcase classname="backend.tests.test_session_c_workspace_genesis" name="test_short_password_returns_422" time="0.064" /><testcase classname="backend.tests.test_session_c_workspace_genesis" name="test_locale_en_us_pages_and_narrative" time="3.251" /><testcase classname="backend.tests.test_session_c_workspace_genesis" name="test_locale_fr_narrative" time="3.149" /><testcase classname="backend.tests.test_session_c_workspace_genesis" name="test_professional_submit_creates_ad_partner" time="3.097" /><testcase classname="backend.tests.test_session_c_workspace_genesis" name="test_round_robin_cycles_three_personas" time="12.487" /><testcase classname="backend.tests.test_session_c_workspace_genesis" name="test_project_type_synonym_produces_humane_title" time="3.043" /><testcase classname="backend.tests.test_session_c_workspace_genesis" name="test_i18n_workspace_followed_by_it" time="0.057" /><testcase classname="backend.tests.test_session_c_workspace_genesis" name="test_i18n_workspace_followed_by_en" time="0.056" /></testsuite></testsuites>