<?xml version="1.0" encoding="utf-8"?><testsuites name="pytest tests"><testsuite name="pytest" errors="0" failures="0" skipped="0" tests="11" time="8.973" timestamp="2026-06-02T00:19:30.233921+00:00" hostname="agent-env-2479e3dc-7db3-468a-a990-94da8dcb375c"><testcase classname="backend.tests.test_iter186_p0_hardening.TestRelationsStats" name="test_stats_returns_canon_keys" time="1.298" /><testcase classname="backend.tests.test_iter186_p0_hardening.TestRelationsStats" name="test_account_equals_prospect_plus_customer" time="0.575" /><testcase classname="backend.tests.test_iter186_p0_hardening.TestRelationsStats" name="test_dormant_is_zero_deprecated" time="0.571" /><testcase classname="backend.tests.test_iter186_p0_hardening.TestActivationFoundation" name="test_returns_exactly_6_steps_in_order" time="1.370" /><testcase classname="backend.tests.test_iter186_p0_hardening.TestActivationFoundation" name="test_first_lead_step_canon" time="1.365" /><testcase classname="backend.tests.test_iter186_p0_hardening.TestActivationFoundation" name="test_business_counts_present" time="1.404" /><testcase classname="backend.tests.test_iter186_p0_hardening.TestEmailSmokeTest" name="test_missing_to_returns_400" time="0.189" /><testcase classname="backend.tests.test_iter186_p0_hardening.TestEmailSmokeTest" name="test_invalid_to_no_at_returns_400" time="0.179" /><testcase classname="backend.tests.test_iter186_p0_hardening.TestEmailSmokeTest" name="test_valid_to_returns_env_audit" time="0.576" /><testcase classname="backend.tests.test_iter186_p0_hardening.TestLeadDetailEndpoint" name="test_get_unknown_lead_returns_404" time="0.324" /><testcase classname="backend.tests.test_iter186_p0_hardening.TestLeadDetailEndpoint" name="test_create_fast_capture_and_fetch_detail" time="1.035" /></testsuite></testsuites>