<?xml version="1.0" encoding="utf-8"?><testsuites name="pytest tests"><testsuite name="pytest" errors="0" failures="1" skipped="0" tests="22" time="15.322" timestamp="2026-05-16T17:21:34.822301+00:00" hostname="agent-env-2479e3dc-7db3-468a-a990-94da8dcb375c"><testcase classname="tests.test_locale_runtime.TestResolveChain" name="test_returns_supported_array" time="2.256" /><testcase classname="tests.test_locale_runtime.TestResolveChain" name="test_tenant_default_when_no_other_signal" time="0.578" /><testcase classname="tests.test_locale_runtime.TestResolveChain" name="test_explicit_wins" time="0.562" /><testcase classname="tests.test_locale_runtime.TestResolveChain" name="test_project_locale_signal" time="0.672" /><testcase classname="tests.test_locale_runtime.TestResolveChain" name="test_lead_locale_signal" time="0.680" /><testcase classname="tests.test_locale_runtime.TestResolveChain" name="test_browser_is_weak_does_not_override_tenant" time="0.546" /><testcase classname="tests.test_locale_runtime.TestResolveChain" name="test_all_seven_locales_have_profiles[IT_IT]" time="0.559" /><testcase classname="tests.test_locale_runtime.TestResolveChain" name="test_all_seven_locales_have_profiles[EN_US]" time="0.555" /><testcase classname="tests.test_locale_runtime.TestResolveChain" name="test_all_seven_locales_have_profiles[EN_GB]" time="0.552" /><testcase classname="tests.test_locale_runtime.TestResolveChain" name="test_all_seven_locales_have_profiles[EN_AE]" time="0.789" /><testcase classname="tests.test_locale_runtime.TestResolveChain" name="test_all_seven_locales_have_profiles[DE_DE]" time="0.548" /><testcase classname="tests.test_locale_runtime.TestResolveChain" name="test_all_seven_locales_have_profiles[FR_FR]" time="0.558" /><testcase classname="tests.test_locale_runtime.TestResolveChain" name="test_all_seven_locales_have_profiles[ES_ES]" time="0.554" /><testcase classname="tests.test_locale_runtime.TestResolveChain" name="test_fallback_suffix_on_unknown_locale" time="0.679" /><testcase classname="tests.test_locale_runtime.TestTenantIsolation" name="test_cross_tenant_project_does_not_leak" time="1.326" /><testcase classname="tests.test_locale_runtime.TestTenantIsolation" name="test_cross_tenant_lead_does_not_leak" time="0.715" /><testcase classname="tests.test_locale_runtime.TestPreference" name="test_set_preference_persists_and_wins" time="1.155" /><testcase classname="tests.test_locale_runtime.TestPreference" name="test_preference_unsupported_locale_returns_400" time="0.180" /><testcase classname="tests.test_locale_runtime.TestTenantDefaultRBAC" name="test_super_admin_can_set" time="0.601" /><testcase classname="tests.test_locale_runtime.TestTenantDefaultRBAC" name="test_designer_blocked_403" time="0.697" /><testcase classname="tests.test_locale_runtime.TestTenantDefaultRBAC" name="test_tenant_default_unsupported_returns_400" time="0.171" /><testcase classname="tests.test_locale_runtime.TestLocaleProfilesRegression" name="test_seven_profiles" time="0.302"><failure message="AssertionError: missing locale_profile: IT_IT&#10;assert 'IT_IT' in set()">tests/test_locale_runtime.py:219: in test_seven_profiles
    assert code in codes, f"missing locale_profile: {code}"
E   AssertionError: missing locale_profile: IT_IT
E   assert 'IT_IT' in set()</failure></testcase></testsuite></testsuites>