<?xml version="1.0" encoding="utf-8"?><testsuites name="pytest tests"><testsuite name="pytest" errors="0" failures="0" skipped="0" tests="25" time="54.494" timestamp="2026-05-13T01:05:29.260355+00:00" hostname="agent-env-2479e3dc-7db3-468a-a990-94da8dcb375c"><testcase classname="backend.tests.test_moodboards_workspace.TestMoodboardCRUD" name="test_list" time="1.939" /><testcase classname="backend.tests.test_moodboards_workspace.TestMoodboardCRUD" name="test_create_standalone" time="1.185" /><testcase classname="backend.tests.test_moodboards_workspace.TestMoodboardCRUD" name="test_create_with_project" time="0.973" /><testcase classname="backend.tests.test_moodboards_workspace.TestMoodboardCRUD" name="test_update" time="1.443" /><testcase classname="backend.tests.test_moodboards_workspace.TestMoodboardCRUD" name="test_delete" time="1.052" /><testcase classname="backend.tests.test_moodboards_workspace.TestBlocks" name="test_create_block_each_type[image-content0]" time="1.674" /><testcase classname="backend.tests.test_moodboards_workspace.TestBlocks" name="test_create_block_each_type[text-content1]" time="1.643" /><testcase classname="backend.tests.test_moodboards_workspace.TestBlocks" name="test_create_block_each_type[palette-content2]" time="1.644" /><testcase classname="backend.tests.test_moodboards_workspace.TestBlocks" name="test_create_block_each_type[note-content3]" time="1.641" /><testcase classname="backend.tests.test_moodboards_workspace.TestBlocks" name="test_create_block_each_type[product-content4]" time="1.703" /><testcase classname="backend.tests.test_moodboards_workspace.TestBlocks" name="test_create_block_each_type[material-content5]" time="1.743" /><testcase classname="backend.tests.test_moodboards_workspace.TestBlocks" name="test_update_block_position" time="2.400" /><testcase classname="backend.tests.test_moodboards_workspace.TestBlocks" name="test_batch_autosave" time="5.368" /><testcase classname="backend.tests.test_moodboards_workspace.TestBlocks" name="test_delete_block" time="2.705" /><testcase classname="backend.tests.test_moodboards_workspace.TestBlocks" name="test_unsupported_type_400" time="0.980" /><testcase classname="backend.tests.test_moodboards_workspace.TestApproval" name="test_draft_to_sent_to_approved" time="3.371" /><testcase classname="backend.tests.test_moodboards_workspace.TestApproval" name="test_invalid_transition_400" time="1.013" /><testcase classname="backend.tests.test_moodboards_workspace.TestApproval" name="test_revision_requested" time="3.161" /><testcase classname="backend.tests.test_moodboards_workspace.TestShare" name="test_share_blocked_on_draft" time="2.160" /><testcase classname="backend.tests.test_moodboards_workspace.TestShare" name="test_share_visible_after_sent" time="4.380" /><testcase classname="backend.tests.test_moodboards_workspace.TestShare" name="test_share_invalid_token_404" time="0.307" /><testcase classname="backend.tests.test_moodboards_workspace.TestWorkspaceTasks" name="test_task_crud" time="3.983" /><testcase classname="backend.tests.test_moodboards_workspace.TestWorkspaceNotes" name="test_note_crud_and_pin" time="3.028" /><testcase classname="backend.tests.test_moodboards_workspace.TestWorkspaceActivity" name="test_activity_records_task_creation" time="2.311" /><testcase classname="backend.tests.test_moodboards_workspace.TestLeadConvert" name="test_convert_lead_to_project" time="2.581" /></testsuite></testsuites>