<?xml version="1.0" encoding="utf-8"?><testsuites name="pytest tests"><testsuite name="pytest" errors="0" failures="0" skipped="0" tests="11" time="10.640" timestamp="2026-06-08T20:09:31.909220+00:00" hostname="agent-env-2479e3dc-7db3-468a-a990-94da8dcb375c"><testcase classname="backend.tests.test_iter216_discover_brief.TestCatalog" name="test_catalog_shape" time="1.028" /><testcase classname="backend.tests.test_iter216_discover_brief.TestGetBrief" name="test_get_returns_full_shape" time="0.573" /><testcase classname="backend.tests.test_iter216_discover_brief.TestGetBrief" name="test_unknown_journey_404" time="0.337" /><testcase classname="backend.tests.test_iter216_discover_brief.TestPutMerge" name="test_put_snapshot_then_style_then_atmosphere_merge" time="2.179" /><testcase classname="backend.tests.test_iter216_discover_brief.TestPutMerge" name="test_priorities_and_materials_filter_invalid" time="0.697" /><testcase classname="backend.tests.test_iter216_discover_brief.TestPutMerge" name="test_inspirations_and_notes_merge" time="1.400" /><testcase classname="backend.tests.test_iter216_discover_brief.TestComplete" name="test_complete_force_returns_intelligence" time="1.546" /><testcase classname="backend.tests.test_iter216_discover_brief.TestComplete" name="test_intelligence_endpoint" time="0.824" /><testcase classname="backend.tests.test_iter216_discover_brief.TestComplete" name="test_project_profile_headline_composed" time="0.811" /><testcase classname="backend.tests.test_iter216_discover_brief.TestRegressionLegacyDiscover" name="test_legacy_get_discover_still_works" time="0.310" /><testcase classname="backend.tests.test_iter216_discover_brief.TestRegressionLegacyDiscover" name="test_legacy_post_discover_still_accepts" time="0.827" /></testsuite></testsuites>