<?xml version="1.0" encoding="utf-8"?><testsuites name="pytest tests"><testsuite name="pytest" errors="0" failures="0" skipped="0" tests="19" time="25.925" timestamp="2026-05-13T13:55:26.875757+00:00" hostname="agent-env-2479e3dc-7db3-468a-a990-94da8dcb375c"><testcase classname="tests.test_phase_f0_pages.TestPagePresets" name="test_get_page_presets" time="1.535" /><testcase classname="tests.test_phase_f0_pages.TestMoodboardCreateDefaultPage" name="test_new_moodboard_has_default_page_and_current_page_id" time="0.574" /><testcase classname="tests.test_phase_f0_pages.TestMoodboardCreateDefaultPage" name="test_get_moodboard_includes_pages_and_elements" time="0.577" /><testcase classname="tests.test_phase_f0_pages.TestPageCRUD" name="test_create_page_minimal" time="0.694" /><testcase classname="tests.test_phase_f0_pages.TestPageCRUD" name="test_create_page_invalid_type" time="0.321" /><testcase classname="tests.test_phase_f0_pages.TestPageCRUD" name="test_create_page_invalid_aspect_ratio" time="0.308" /><testcase classname="tests.test_phase_f0_pages.TestPageCRUD" name="test_update_page_recomputes_width_height" time="1.456" /><testcase classname="tests.test_phase_f0_pages.TestPageCRUD" name="test_duplicate_page_clones_elements" time="2.940" /><testcase classname="tests.test_phase_f0_pages.TestPageCRUD" name="test_reorder_pages" time="2.321" /><testcase classname="tests.test_phase_f0_pages.TestPageCRUD" name="test_reorder_validates_full_set" time="1.003" /><testcase classname="tests.test_phase_f0_pages.TestPageCRUD" name="test_delete_page_normal" time="1.807" /><testcase classname="tests.test_phase_f0_pages.TestLastPageGuard" name="test_delete_last_page_returns_409" time="1.753" /><testcase classname="tests.test_phase_f0_pages.TestBlockPageScoping" name="test_create_block_without_page_id_uses_current_page" time="1.987" /><testcase classname="tests.test_phase_f0_pages.TestBlockPageScoping" name="test_create_block_with_explicit_page_id" time="1.819" /><testcase classname="tests.test_phase_f0_pages.TestPagesIsolationAndRBAC" name="test_studio2_cannot_read_designer_pages" time="0.847" /><testcase classname="tests.test_phase_f0_pages.TestPagesIsolationAndRBAC" name="test_studio2_cannot_create_page_on_designer_moodboard" time="0.302" /><testcase classname="tests.test_phase_f0_pages.TestPagesIsolationAndRBAC" name="test_client_cannot_write_pages" time="0.925" /><testcase classname="tests.test_phase_f0_pages.TestTemplateApplyDefaultPage" name="test_template_apply_attaches_blocks_to_default_page" time="3.943" /><testcase classname="tests.test_phase_f0_pages.TestBackfillRegression" name="test_fixture_moodboard_has_page_and_element_linked" time="0.741" /></testsuite></testsuites>