<?xml version="1.0" encoding="utf-8"?><testsuites name="pytest tests"><testsuite name="pytest" errors="0" failures="0" skipped="0" tests="12" time="47.944" timestamp="2026-06-20T03:58:17.601018+00:00" hostname="agent-env-09a4af61-d8ac-4844-8880-a51f83ee487a"><testcase classname="backend.tests.test_faq_system.TestPublicFaq" name="test_get_faq_it_locale" time="4.172" /><testcase classname="backend.tests.test_faq_system.TestPublicFaq" name="test_get_faq_en_fallback" time="1.372" /><testcase classname="backend.tests.test_faq_system.TestPublicFaq" name="test_get_faq_search_filter" time="1.394" /><testcase classname="backend.tests.test_faq_system.TestAdminAuth" name="test_categories_requires_auth" time="0.126" /><testcase classname="backend.tests.test_faq_system.TestAdminAuth" name="test_page_requires_auth" time="0.127" /><testcase classname="backend.tests.test_faq_system.TestAdminAuth" name="test_items_requires_auth" time="0.098" /><testcase classname="backend.tests.test_faq_system.TestPageSettings" name="test_get_page_settings" time="4.080" /><testcase classname="backend.tests.test_faq_system.TestPageSettings" name="test_put_page_persists_and_reflects_public" time="7.665" /><testcase classname="backend.tests.test_faq_system.TestCategoryCrud" name="test_create_and_list_category" time="3.584" /><testcase classname="backend.tests.test_faq_system.TestCategoryCrud" name="test_update_category" time="3.586" /><testcase classname="backend.tests.test_faq_system.TestCategoryCrud" name="test_reorder_categories" time="5.424" /><testcase classname="backend.tests.test_faq_system.TestItemCrud" name="test_create_update_delete_item" time="16.232" /></testsuite></testsuites>