<?xml version="1.0" encoding="utf-8"?><testsuites name="pytest tests"><testsuite name="pytest" errors="0" failures="0" skipped="5" tests="31" time="32.294" timestamp="2026-05-13T11:34:14.531001+00:00" hostname="agent-env-2479e3dc-7db3-468a-a990-94da8dcb375c"><testcase classname="backend.tests.test_phase_e1.TestDuplicateBlock" name="test_duplicate_offsets_and_resets_locked" time="4.197" /><testcase classname="backend.tests.test_phase_e1.TestDuplicateBlock" name="test_duplicate_404_on_invalid_block" time="1.050" /><testcase classname="backend.tests.test_phase_e1.TestPutStructuredFlags" name="test_put_persists_locked_hidden_opacity_rotation" time="1.878"><skipped type="pytest.skip" message="psycopg2 unavailable — API-level check only">/app/backend/tests/test_phase_e1.py:146: psycopg2 unavailable — API-level check only</skipped></testcase><testcase classname="backend.tests.test_phase_e1.TestBatchStyle" name="test_batch_persists_style_jsonb" time="2.311" /><testcase classname="backend.tests.test_phase_e1.TestV2ScaffoldTables" name="test_tables_exist_and_queryable" time="0.000"><skipped type="pytest.skip" message="psycopg2 / DB_URL missing">/app/backend/tests/test_phase_e1.py:214: psycopg2 / DB_URL missing</skipped></testcase><testcase classname="backend.tests.test_phase_e1.TestV2ScaffoldTables" name="test_column_counts_approx" time="0.000"><skipped type="pytest.skip" message="psycopg2 / DB_URL missing">/app/backend/tests/test_phase_e1.py:232: psycopg2 / DB_URL missing</skipped></testcase><testcase classname="backend.tests.test_phase_e1.TestV2ScaffoldTables" name="test_fk_constraints_present" time="0.000"><skipped type="pytest.skip" message="psycopg2 / DB_URL missing">/app/backend/tests/test_phase_e1.py:248: psycopg2 / DB_URL missing</skipped></testcase><testcase classname="backend.tests.test_phase_e1.TestV2ScaffoldTables" name="test_v2_endpoints_not_exposed" time="0.000"><skipped type="pytest.skip" message="psycopg2 / DB_URL missing">/app/backend/tests/test_phase_e1.py:273: psycopg2 / DB_URL missing</skipped></testcase><testcase classname="backend.tests.test_phase_e1.TestStorageSignedUpload" name="test_signed_upload_returns_url" time="0.463" /><testcase classname="backend.tests.test_phase_e2_templates.TestTemplatesList" name="test_list_returns_seven_platform_starters" time="0.853" /><testcase classname="backend.tests.test_phase_e2_templates.TestTemplatesList" name="test_list_locale_italian_resolves_localized_label" time="0.302" /><testcase classname="backend.tests.test_phase_e2_templates.TestTemplatesList" name="test_list_category_filter" time="0.305" /><testcase classname="backend.tests.test_phase_e2_templates.TestTemplateDetail" name="test_detail_returns_normalized_blocks" time="0.729" /><testcase classname="backend.tests.test_phase_e2_templates.TestTemplateDetail" name="test_detail_404_on_garbage_uuid" time="0.172" /><testcase classname="backend.tests.test_phase_e2_templates.TestTemplateDetail" name="test_detail_404_on_unknown_uuid" time="0.303" /><testcase classname="backend.tests.test_phase_e2_templates.TestApplyTemplate" name="test_apply_creates_moodboard_with_blocks" time="2.303" /><testcase classname="backend.tests.test_phase_e2_templates.TestApplyTemplate" name="test_apply_404_on_unknown_template" time="0.302" /><testcase classname="backend.tests.test_phase_e2_templates.TestApplyTemplate" name="test_apply_rejects_invalid_payload" time="0.488" /><testcase classname="backend.tests.test_phase_e2_templates.TestSaveAsTemplate" name="test_save_moodboard_as_template_snapshots_blocks" time="2.302" /><testcase classname="backend.tests.test_phase_e2_templates.TestSaveAsTemplate" name="test_save_404_on_unknown_moodboard" time="0.301" /><testcase classname="backend.tests.test_phase_e2_templates.TestTenantIsolation" name="test_studio2_sees_only_platform_templates" time="3.841" /><testcase classname="backend.tests.test_phase_e2_templates.TestRBAC" name="test_client_403_on_apply" time="1.053" /><testcase classname="backend.tests.test_phase_e2_templates.TestRBAC" name="test_client_403_on_save_as_template" time="0.173" /><testcase classname="backend.tests.test_phase_e2_templates.TestRBAC" name="test_client_can_read_templates" time="0.303" /><testcase classname="backend.tests.test_phase_e2_templates.TestI18n" name="test_it_bundle_has_template_keys" time="0.050" /><testcase classname="backend.tests.test_isolation_permissions" name="test_leads_read_gating" time="2.568" /><testcase classname="backend.tests.test_isolation_permissions" name="test_leads_write_gating" time="0.263" /><testcase classname="backend.tests.test_isolation_permissions" name="test_moodboards_write_gating" time="0.390" /><testcase classname="backend.tests.test_isolation_permissions" name="test_super_admin_gating" time="1.186" /><testcase classname="backend.tests.test_isolation_permissions" name="test_insights_gating" time="3.069" /><testcase classname="backend.tests.test_isolation_permissions" name="test_cross_tenant_isolation" time="1.033" /></testsuite></testsuites>