<?xml version="1.0" encoding="utf-8"?><testsuites name="pytest tests"><testsuite name="pytest" errors="0" failures="0" skipped="0" tests="15" time="14.160" timestamp="2026-05-16T01:10:06.895448+00:00" hostname="agent-env-2479e3dc-7db3-468a-a990-94da8dcb375c"><testcase classname="backend.tests.test_phase_y_magazine" name="test_admin_list_articles_returns_two" time="2.102" /><testcase classname="backend.tests.test_phase_y_magazine" name="test_admin_get_article_includes_hotspots" time="0.906" /><testcase classname="backend.tests.test_phase_y_magazine" name="test_patch_body_blocks_recomputes_reading_minutes" time="1.649" /><testcase classname="backend.tests.test_phase_y_magazine" name="test_hotspot_crud_full_cycle" time="2.168" /><testcase classname="backend.tests.test_phase_y_magazine" name="test_publish_endpoint_ok" time="0.846" /><testcase classname="backend.tests.test_phase_y_magazine" name="test_other_tenant_cannot_see_demo_articles" time="0.910" /><testcase classname="backend.tests.test_phase_y_magazine" name="test_other_tenant_cannot_get_demo_article_by_id" time="0.759" /><testcase classname="backend.tests.test_phase_y_magazine" name="test_public_list_two_articles_ordered" time="0.399" /><testcase classname="backend.tests.test_phase_y_magazine" name="test_public_filter_category_hospitality" time="0.357" /><testcase classname="backend.tests.test_phase_y_magazine" name="test_public_filter_tag_puglia" time="0.381" /><testcase classname="backend.tests.test_phase_y_magazine" name="test_public_filter_reading_max_4" time="0.368" /><testcase classname="backend.tests.test_phase_y_magazine" name="test_public_taxonomy" time="0.369" /><testcase classname="backend.tests.test_phase_y_magazine" name="test_public_related_articles_hospitality_returns_residential" time="0.514" /><testcase classname="backend.tests.test_phase_y_magazine" name="test_public_article_detail_residential_has_4_hotspots" time="0.648" /><testcase classname="backend.tests.test_phase_y_magazine" name="test_public_save_reference_hospitality_hotspot" time="1.620" /></testsuite></testsuites>