<?xml version="1.0" encoding="utf-8"?><testsuites name="pytest tests"><testsuite name="pytest" errors="0" failures="0" skipped="0" tests="10" time="11.032" timestamp="2026-05-31T23:26:53.728766+00:00" hostname="agent-env-2479e3dc-7db3-468a-a990-94da8dcb375c"><testcase classname="backend.tests.test_iter180_activation_foundation.TestActivationFoundationGet" name="test_get_returns_6_steps" time="3.210" /><testcase classname="backend.tests.test_iter180_activation_foundation.TestActivationFoundationGet" name="test_each_step_has_required_fields" time="1.056" /><testcase classname="backend.tests.test_iter180_activation_foundation.TestActivationFoundationGet" name="test_identity_step_already_done_for_seed_tenant" time="1.062" /><testcase classname="backend.tests.test_iter180_activation_foundation.TestActivationFoundationGet" name="test_next_action_is_first_missing_critical" time="1.157" /><testcase classname="backend.tests.test_iter180_activation_foundation.TestActivationFoundationGet" name="test_modal_route_for_new_relationship_ctas" time="1.092" /><testcase classname="backend.tests.test_iter180_activation_foundation.TestActivationFoundationGet" name="test_unauthenticated_returns_401" time="0.118" /><testcase classname="backend.tests.test_iter180_activation_foundation.TestIdentityPost" name="test_admin_can_save_identity" time="0.539" /><testcase classname="backend.tests.test_iter180_activation_foundation.TestIdentityPost" name="test_partial_update_preserves_branding" time="1.563" /><testcase classname="backend.tests.test_iter180_activation_foundation.TestIdentityPost" name="test_unauthenticated_returns_401" time="0.108" /><testcase classname="backend.tests.test_iter180_activation_foundation.TestCopyGovernanceC3" name="test_catalogue_no_banned_words" time="1.058" /></testsuite></testsuites>