<?xml version="1.0" encoding="utf-8"?><testsuites name="pytest tests"><testsuite name="pytest" errors="0" failures="0" skipped="0" tests="16" time="44.830" timestamp="2026-05-28T23:15:50.345455+00:00" hostname="agent-env-09a4af61-d8ac-4844-8880-a51f83ee487a"><testcase classname="backend.tests.test_iter161_studio_relations.TestAuthGuards" name="test_no_auth_relations_list_401" time="0.178" /><testcase classname="backend.tests.test_iter161_studio_relations.TestAuthGuards" name="test_no_auth_console_summary_401" time="0.100" /><testcase classname="backend.tests.test_iter161_studio_relations.TestAuthGuards" name="test_no_auth_copy_manifest_401" time="0.117" /><testcase classname="backend.tests.test_iter161_studio_relations.TestAuthGuards" name="test_wrong_admin_key_401" time="0.126" /><testcase classname="backend.tests.test_iter161_studio_relations.TestCopyManifest" name="test_manifest_it_returns_values" time="5.422" /><testcase classname="backend.tests.test_iter161_studio_relations.TestCopyManifest" name="test_manifest_has_curatorial_anchors" time="2.340" /><testcase classname="backend.tests.test_iter161_studio_relations.TestVerifyIdentity" name="test_verify_clear_for_random" time="2.526" /><testcase classname="backend.tests.test_iter161_studio_relations.TestVerifyIdentity" name="test_verify_existing_relation_detected" time="4.887" /><testcase classname="backend.tests.test_iter161_studio_relations.TestRelationsCRUD" name="test_a_create_relation" time="2.293" /><testcase classname="backend.tests.test_iter161_studio_relations.TestRelationsCRUD" name="test_b_list_relations" time="2.055" /><testcase classname="backend.tests.test_iter161_studio_relations.TestRelationsCRUD" name="test_c_get_relation_details" time="2.802" /><testcase classname="backend.tests.test_iter161_studio_relations.TestRelationsCRUD" name="test_d_patch_relation" time="5.352" /><testcase classname="backend.tests.test_iter161_studio_relations.TestRelationsCRUD" name="test_e_create_visit" time="2.534" /><testcase classname="backend.tests.test_iter161_studio_relations.TestRelationsCRUD" name="test_f_create_and_complete_followup" time="4.610" /><testcase classname="backend.tests.test_iter161_studio_relations.TestConsoleSummary" name="test_console_summary_shape" time="2.307" /><testcase classname="backend.tests.test_iter161_studio_relations.TestActivateEcosystem" name="test_activate_ecosystem_returns_tenant" time="7.093" /></testsuite></testsuites>