<?xml version="1.0" encoding="utf-8"?><testsuites name="pytest tests"><testsuite name="pytest" errors="0" failures="0" skipped="0" tests="17" time="16.678" timestamp="2026-06-23T06:11:49.845134+00:00" hostname="agent-env-351b2593-ba5a-4a8c-86bc-cd92e67d4f51"><testcase classname="backend.tests.test_iter11_bugfixes.TestLoadingMessageFix" name="test_manifest_it_loading_message_is_dot" time="4.648" /><testcase classname="backend.tests.test_iter11_bugfixes.TestLoadingMessageFix" name="test_manifest_en_loading_message_is_dot" time="1.586" /><testcase classname="backend.tests.test_iter11_bugfixes.TestLoadingMessageFix" name="test_manifest_it_loading_message_not_italian" time="1.608" /><testcase classname="backend.tests.test_iter11_bugfixes.TestLoadingMessageFix" name="test_manifest_en_loading_message_not_italian" time="1.594" /><testcase classname="backend.tests.test_iter11_bugfixes.TestFooter500Fix" name="test_footer_it_returns_200" time="0.962" /><testcase classname="backend.tests.test_iter11_bugfixes.TestFooter500Fix" name="test_footer_en_returns_200" time="0.946" /><testcase classname="backend.tests.test_iter11_bugfixes.TestFooter500Fix" name="test_footer_it_has_expected_structure" time="0.123" /><testcase classname="backend.tests.test_iter11_bugfixes.TestFooter500Fix" name="test_footer_en_has_expected_structure" time="0.088" /><testcase classname="backend.tests.test_iter11_bugfixes.TestFooter500Fix" name="test_footer_social_items_are_dicts" time="0.180" /><testcase classname="backend.tests.test_iter11_bugfixes.TestNavHrefsForLocalizeHref" name="test_nav_it_audience_href_is_italian_slug" time="3.137" /><testcase classname="backend.tests.test_iter11_bugfixes.TestNavHrefsForLocalizeHref" name="test_nav_it_features_href_is_italian_slug" time="0.092" /><testcase classname="backend.tests.test_iter11_bugfixes.TestNavHrefsForLocalizeHref" name="test_nav_it_pricing_href_is_italian_slug" time="0.088" /><testcase classname="backend.tests.test_iter11_bugfixes.TestNavHrefsForLocalizeHref" name="test_nav_it_training_href_is_italian_slug" time="0.099" /><testcase classname="backend.tests.test_iter11_bugfixes.TestNavHrefsForLocalizeHref" name="test_nav_en_right_login_label_sign_in" time="1.150" /><testcase classname="backend.tests.test_iter11_bugfixes.TestNavHrefsForLocalizeHref" name="test_nav_en_cta_label_activate_blueprint" time="0.093" /><testcase classname="backend.tests.test_iter11_bugfixes.TestNavHrefsForLocalizeHref" name="test_nav_it_login_label_accedi" time="0.108" /><testcase classname="backend.tests.test_iter11_bugfixes.TestNavHrefsForLocalizeHref" name="test_nav_it_cta_label_attiva_blueprint" time="0.090" /></testsuite></testsuites>