<?xml version="1.0" encoding="utf-8"?><testsuites name="pytest tests"><testsuite name="pytest" errors="0" failures="0" skipped="1" tests="11" time="31.728" timestamp="2026-05-27T23:15:57.252829+00:00" hostname="agent-env-2479e3dc-7db3-468a-a990-94da8dcb375c"><testcase classname="backend.tests.test_iter161_client_access.TestSilentMagicLink" name="test_existing_email_returns_opaque_ok" time="0.439" /><testcase classname="backend.tests.test_iter161_client_access.TestSilentMagicLink" name="test_unknown_email_no_enumeration" time="0.567" /><testcase classname="backend.tests.test_iter161_client_access.TestResolvePostLogin" name="test_client_resolves_to_client" time="1.606" /><testcase classname="backend.tests.test_iter161_client_access.TestResolvePostLogin" name="test_root_superadmin_resolves_to_admin" time="1.057" /><testcase classname="backend.tests.test_iter161_client_access.TestResolvePostLogin" name="test_designer_resolves_to_dashboard" time="0.378"><skipped type="pytest.skip" message="Login failed for designer@moodfordesign.com">/app/backend/tests/test_iter161_client_access.py:124: Login failed for designer@moodfordesign.com</skipped></testcase><testcase classname="backend.tests.test_iter161_client_access.TestJourneyInitiate" name="test_initiate_returns_provisioning_envelope" time="13.869" /><testcase classname="backend.tests.test_iter161_client_access.TestJourneyInitiate" name="test_idempotency_no_duplicate_profile" time="10.506" /><testcase classname="backend.tests.test_iter161_client_access.TestWelcomeSummary" name="test_client_welcome_summary_shape" time="0.875" /><testcase classname="backend.tests.test_iter161_client_access.TestRecallRequests" name="test_create_recall_as_client" time="1.699" /><testcase classname="backend.tests.test_iter161_client_access.TestRecallRequests" name="test_list_my_recall_requests" time="0.388" /><testcase classname="backend.tests.test_iter161_client_access.TestRecallRequests" name="test_non_client_forbidden" time="0.249" /></testsuite></testsuites>