<?xml version="1.0" encoding="utf-8"?><testsuites name="pytest tests"><testsuite name="pytest" errors="0" failures="0" skipped="0" tests="19" time="49.878" timestamp="2026-06-03T13:20:25.039279+00:00" hostname="agent-env-09a4af61-d8ac-4844-8880-a51f83ee487a"><testcase classname="tests.test_m4_notifications.TestAuth" name="test_login_returns_token" time="3.295" /><testcase classname="tests.test_m4_notifications.TestAuth" name="test_unauthenticated_blocked" time="0.124" /><testcase classname="tests.test_m4_notifications.TestCategories" name="test_categories_catalog_has_nine_codes" time="1.794" /><testcase classname="tests.test_m4_notifications.TestUnreadCount" name="test_unread_count_shape" time="1.722" /><testcase classname="tests.test_m4_notifications.TestUnreadCount" name="test_has_critical_true_after_high_seed" time="4.854" /><testcase classname="tests.test_m4_notifications.TestList" name="test_list_default" time="2.901" /><testcase classname="tests.test_m4_notifications.TestList" name="test_list_only_unread" time="1.722" /><testcase classname="tests.test_m4_notifications.TestList" name="test_list_only_critical" time="2.918" /><testcase classname="tests.test_m4_notifications.TestList" name="test_list_type_codes_filter" time="1.721" /><testcase classname="tests.test_m4_notifications.TestMutators" name="test_mark_read_by_ids" time="3.340" /><testcase classname="tests.test_m4_notifications.TestMutators" name="test_mark_all_read_empties_unread" time="4.643" /><testcase classname="tests.test_m4_notifications.TestMutators" name="test_mark_read_validation" time="0.884" /><testcase classname="tests.test_m4_notifications.TestMutators" name="test_archive" time="4.632" /><testcase classname="tests.test_m4_notifications.TestMutators" name="test_archive_404_on_unknown" time="1.719" /><testcase classname="tests.test_m4_notifications.TestPreferences" name="test_get_preferences_full_matrix" time="1.722" /><testcase classname="tests.test_m4_notifications.TestPreferences" name="test_patch_preferences_persists" time="5.140" /><testcase classname="tests.test_m4_notifications.TestRBAC" name="test_cannot_mark_other_users_notification" time="1.713" /><testcase classname="tests.test_m4_notifications.TestRBAC" name="test_cannot_archive_other_users_notification" time="1.714" /><testcase classname="tests.test_m4_notifications.TestCron" name="test_followup_overdue_scan_invocable" time="3.229" /></testsuite></testsuites>