<?xml version="1.0" encoding="utf-8"?><testsuites name="pytest tests"><testsuite name="pytest" errors="0" failures="0" skipped="0" tests="23" time="60.230" timestamp="2026-05-16T20:54:11.228676+00:00" hostname="agent-env-2479e3dc-7db3-468a-a990-94da8dcb375c"><testcase classname="backend.tests.test_phase_p03_reference_intelligence.TestIngest" name="test_ingest_returns_ready_with_interpretation" time="12.485" /><testcase classname="backend.tests.test_phase_p03_reference_intelligence.TestIngest" name="test_invalid_source_type_rejected" time="0.180" /><testcase classname="backend.tests.test_phase_p03_reference_intelligence.TestIngest" name="test_invalid_project_id_404" time="0.312" /><testcase classname="backend.tests.test_phase_p03_reference_intelligence.TestList" name="test_list_returns_only_ready_by_default" time="0.450" /><testcase classname="backend.tests.test_phase_p03_reference_intelligence.TestList" name="test_list_status_filter" time="0.431" /><testcase classname="backend.tests.test_phase_p03_reference_intelligence.TestList" name="test_list_invalid_status_400" time="0.181" /><testcase classname="backend.tests.test_phase_p03_reference_intelligence.TestInterpretations" name="test_regenerate_de_de" time="11.332" /><testcase classname="backend.tests.test_phase_p03_reference_intelligence.TestInterpretations" name="test_regenerate_unsupported_locale_400" time="0.179" /><testcase classname="backend.tests.test_phase_p03_reference_intelligence.TestInterpretations" name="test_list_interpretations_has_both_locales" time="0.436" /><testcase classname="backend.tests.test_phase_p03_reference_intelligence.TestCollections" name="test_create_collection" time="0.437" /><testcase classname="backend.tests.test_phase_p03_reference_intelligence.TestCollections" name="test_add_reference_to_collection" time="0.676" /><testcase classname="backend.tests.test_phase_p03_reference_intelligence.TestCollections" name="test_add_again_is_idempotent" time="0.563" /><testcase classname="backend.tests.test_phase_p03_reference_intelligence.TestCollections" name="test_get_collection_hydrates_references" time="0.677" /><testcase classname="backend.tests.test_phase_p03_reference_intelligence.TestCollections" name="test_list_collections_includes_item_count" time="0.442" /><testcase classname="backend.tests.test_phase_p03_reference_intelligence.TestCollections" name="test_remove_reference_from_collection" time="0.848" /><testcase classname="backend.tests.test_phase_p03_reference_intelligence.TestTenantIsolation" name="test_cross_tenant_get_reference_404" time="0.934" /><testcase classname="backend.tests.test_phase_p03_reference_intelligence.TestTenantIsolation" name="test_cross_tenant_get_collection_404" time="0.296" /><testcase classname="backend.tests.test_phase_p03_reference_intelligence.TestTenantIsolation" name="test_cross_tenant_add_item_404" time="0.311" /><testcase classname="backend.tests.test_phase_p03_reference_intelligence.TestTenantIsolation" name="test_showroom_list_does_not_leak" time="0.298" /><testcase classname="backend.tests.test_phase_p03_deep_validation.TestFreshIngestVariation" name="test_fresh_ingest_en_ae_full_pipeline" time="16.776" /><testcase classname="backend.tests.test_phase_p03_deep_validation.TestCulturalDistinctness" name="test_regenerate_de_de_is_german_and_distinct" time="10.649" /><testcase classname="backend.tests.test_phase_p03_deep_validation.TestCulturalDistinctness" name="test_en_ae_uses_uae_prestige_register" time="0.430" /><testcase classname="backend.tests.test_phase_p03_deep_validation.TestTimelineIntegration" name="test_timeline_shows_reference_added_event" time="0.829" /></testsuite></testsuites>