<?xml version="1.0" encoding="utf-8"?><testsuites name="pytest tests"><testsuite name="pytest" errors="0" failures="0" skipped="0" tests="4" time="31.510" timestamp="2026-05-16T20:53:31.486780+00:00" hostname="agent-env-2479e3dc-7db3-468a-a990-94da8dcb375c"><testcase classname="backend.tests.test_phase_p03_deep_validation.TestFreshIngestVariation" name="test_fresh_ingest_en_ae_full_pipeline" time="16.246" /><testcase classname="backend.tests.test_phase_p03_deep_validation.TestCulturalDistinctness" name="test_regenerate_de_de_is_german_and_distinct" time="13.914" /><testcase classname="backend.tests.test_phase_p03_deep_validation.TestCulturalDistinctness" name="test_en_ae_uses_uae_prestige_register" time="0.441" /><testcase classname="backend.tests.test_phase_p03_deep_validation.TestTimelineIntegration" name="test_timeline_shows_reference_added_event" time="0.837" /></testsuite></testsuites>