<?xml version="1.0" encoding="utf-8"?><testsuites name="pytest tests"><testsuite name="pytest" errors="0" failures="0" skipped="0" tests="19" time="35.038" timestamp="2026-05-16T20:50:21.680129+00:00" hostname="agent-env-2479e3dc-7db3-468a-a990-94da8dcb375c"><testcase classname="backend.tests.test_phase_p03_reference_intelligence.TestIngest" name="test_ingest_returns_ready_with_interpretation" time="15.064" /><testcase classname="backend.tests.test_phase_p03_reference_intelligence.TestIngest" name="test_invalid_source_type_rejected" time="0.176" /><testcase classname="backend.tests.test_phase_p03_reference_intelligence.TestIngest" name="test_invalid_project_id_404" time="0.303" /><testcase classname="backend.tests.test_phase_p03_reference_intelligence.TestList" name="test_list_returns_only_ready_by_default" time="0.432" /><testcase classname="backend.tests.test_phase_p03_reference_intelligence.TestList" name="test_list_status_filter" time="0.305" /><testcase classname="backend.tests.test_phase_p03_reference_intelligence.TestList" name="test_list_invalid_status_400" time="0.191" /><testcase classname="backend.tests.test_phase_p03_reference_intelligence.TestInterpretations" name="test_regenerate_de_de" time="12.114" /><testcase classname="backend.tests.test_phase_p03_reference_intelligence.TestInterpretations" name="test_regenerate_unsupported_locale_400" time="0.180" /><testcase classname="backend.tests.test_phase_p03_reference_intelligence.TestInterpretations" name="test_list_interpretations_has_both_locales" time="0.443" /><testcase classname="backend.tests.test_phase_p03_reference_intelligence.TestCollections" name="test_create_collection" time="0.452" /><testcase classname="backend.tests.test_phase_p03_reference_intelligence.TestCollections" name="test_add_reference_to_collection" time="0.698" /><testcase classname="backend.tests.test_phase_p03_reference_intelligence.TestCollections" name="test_add_again_is_idempotent" time="0.575" /><testcase classname="backend.tests.test_phase_p03_reference_intelligence.TestCollections" name="test_get_collection_hydrates_references" time="0.701" /><testcase classname="backend.tests.test_phase_p03_reference_intelligence.TestCollections" name="test_list_collections_includes_item_count" time="0.438" /><testcase classname="backend.tests.test_phase_p03_reference_intelligence.TestCollections" name="test_remove_reference_from_collection" time="0.874" /><testcase classname="backend.tests.test_phase_p03_reference_intelligence.TestTenantIsolation" name="test_cross_tenant_get_reference_404" time="1.084" /><testcase classname="backend.tests.test_phase_p03_reference_intelligence.TestTenantIsolation" name="test_cross_tenant_get_collection_404" time="0.318" /><testcase classname="backend.tests.test_phase_p03_reference_intelligence.TestTenantIsolation" name="test_cross_tenant_add_item_404" time="0.302" /><testcase classname="backend.tests.test_phase_p03_reference_intelligence.TestTenantIsolation" name="test_showroom_list_does_not_leak" time="0.319" /></testsuite></testsuites>