<?xml version="1.0" encoding="utf-8"?><testsuites name="pytest tests"><testsuite name="pytest" errors="0" failures="0" skipped="0" tests="29" time="35.312" timestamp="2026-05-15T13:02:17.143611+00:00" hostname="agent-env-09a4af61-d8ac-4844-8880-a51f83ee487a"><testcase classname="backend.tests.test_corporate.TestTenant" name="test_tenant_returns_mood_corporate" time="2.875" /><testcase classname="backend.tests.test_corporate.TestLocales" name="test_locales_returns_6" time="0.111" /><testcase classname="backend.tests.test_corporate.TestPagesList" name="test_pages_lists_all_8" time="1.414" /><testcase classname="backend.tests.test_corporate.TestHomePage" name="test_home_it_has_required_sections_no_navigation" time="1.767" /><testcase classname="backend.tests.test_corporate.TestHomePage" name="test_home_locale_en_us" time="1.334" /><testcase classname="backend.tests.test_corporate.TestHomePage" name="test_home_locale_fr" time="1.180" /><testcase classname="backend.tests.test_corporate.TestHomePage" name="test_home_locale_de" time="1.185" /><testcase classname="backend.tests.test_corporate.TestHomePage" name="test_home_locale_es" time="1.181" /><testcase classname="backend.tests.test_corporate.TestHomePage" name="test_home_unknown_locale_falls_back_no_500" time="1.183" /><testcase classname="backend.tests.test_corporate.TestOtherPages" name="test_pricing_has_required_sections_it" time="1.208" /><testcase classname="backend.tests.test_corporate.TestOtherPages" name="test_about_has_metrics_strip_it" time="1.205" /><testcase classname="backend.tests.test_corporate.TestOtherPages" name="test_journal_has_journal_grid_en" time="1.179" /><testcase classname="backend.tests.test_corporate.TestOtherPages" name="test_other_pages_render[blueprint-en-us]" time="1.169" /><testcase classname="backend.tests.test_corporate.TestOtherPages" name="test_other_pages_render[start-studio-it]" time="1.183" /><testcase classname="backend.tests.test_corporate.TestOtherPages" name="test_other_pages_render[platform-it]" time="1.223" /><testcase classname="backend.tests.test_corporate.TestOtherPages" name="test_other_pages_render[contact-it]" time="1.180" /><testcase classname="backend.tests.test_corporate.TestOtherPages" name="test_nonexistent_page_404" time="0.970" /><testcase classname="backend.tests.test_corporate.TestNavigation" name="test_nav_it_labels" time="0.972" /><testcase classname="backend.tests.test_corporate.TestNavigation" name="test_nav_fr_labels" time="0.965" /><testcase classname="backend.tests.test_corporate.TestNavigation" name="test_nav_en_us_labels" time="0.994" /><testcase classname="backend.tests.test_corporate.TestSectionRegistry" name="test_registry_has_15_types" time="0.113" /><testcase classname="backend.tests.test_corporate.TestNewsletter" name="test_newsletter_subscribe_and_idempotent" time="1.931" /><testcase classname="backend.tests.test_corporate.TestContact" name="test_contact_returns_reference_format" time="0.962" /><testcase classname="backend.tests.test_corporate.TestContact" name="test_contact_two_submissions_have_unique_refs" time="1.992" /><testcase classname="backend.tests.test_corporate.TestStudioRegister" name="test_studio_register_deterministic_slug" time="1.002" /><testcase classname="backend.tests.test_corporate.TestCache" name="test_cache_invalidate_and_repopulate" time="2.386" /><testcase classname="backend.tests.test_corporate.TestCache" name="test_cache_hit_is_faster" time="2.374" /><testcase classname="backend.tests.test_corporate.TestNoSeedDataImport" name="test_corporate_router_does_not_import_seed_data" time="0.000" /><testcase classname="backend.tests.test_corporate.TestNoSeedDataImport" name="test_repository_does_not_import_seed_data" time="0.000" /></testsuite></testsuites>