<?xml version="1.0" encoding="utf-8"?><testsuites name="pytest tests"><testsuite name="pytest" errors="0" failures="0" skipped="0" tests="20" time="2.586" timestamp="2026-05-15T11:49:39.181826+00:00" hostname="agent-env-09a4af61-d8ac-4844-8880-a51f83ee487a"><testcase classname="backend.tests.test_corporate.TestCorporatePages" name="test_home_page_returns_6_sections" time="0.160" /><testcase classname="backend.tests.test_corporate.TestCorporatePages" name="test_home_page_locale_en" time="0.123" /><testcase classname="backend.tests.test_corporate.TestCorporatePages" name="test_home_page_locale_it" time="0.150" /><testcase classname="backend.tests.test_corporate.TestCorporatePages" name="test_pricing_page" time="0.110" /><testcase classname="backend.tests.test_corporate.TestCorporatePages" name="test_about_page" time="0.163" /><testcase classname="backend.tests.test_corporate.TestCorporatePages" name="test_journal_page" time="0.139" /><testcase classname="backend.tests.test_corporate.TestCorporatePages" name="test_contact_page" time="0.100" /><testcase classname="backend.tests.test_corporate.TestCorporatePages" name="test_platform_page" time="0.108" /><testcase classname="backend.tests.test_corporate.TestCorporatePages" name="test_nonexistent_page_404" time="0.105" /><testcase classname="backend.tests.test_corporate.TestCorporateNavigation" name="test_navigation_returns_items" time="0.104" /><testcase classname="backend.tests.test_corporate.TestCorporateNavigation" name="test_navigation_has_cta" time="0.130" /><testcase classname="backend.tests.test_corporate.TestCorporateNavigation" name="test_navigation_locale_it" time="0.103" /><testcase classname="backend.tests.test_corporate.TestCorporateLocales" name="test_locales_returns_6" time="0.106" /><testcase classname="backend.tests.test_corporate.TestCorporateLocales" name="test_locales_include_it_en_fr" time="0.114" /><testcase classname="backend.tests.test_corporate.TestSectionRegistry" name="test_registry_returns_13_plus" time="0.102" /><testcase classname="backend.tests.test_corporate.TestContactForm" name="test_contact_submit" time="0.111" /><testcase classname="backend.tests.test_corporate.TestContactForm" name="test_contact_returns_reference" time="0.104" /><testcase classname="backend.tests.test_corporate.TestNewsletterSubscription" name="test_newsletter_subscribe" time="0.106" /><testcase classname="backend.tests.test_corporate.TestStudioRegistration" name="test_studio_register" time="0.105" /><testcase classname="backend.tests.test_corporate.TestStudioRegistration" name="test_studio_register_generates_subdomain" time="0.112" /></testsuite></testsuites>