<?xml version="1.0" encoding="utf-8"?><testsuites name="pytest tests"><testsuite name="pytest" errors="0" failures="1" skipped="0" tests="14" time="30.620" timestamp="2026-05-15T02:09:50.394210+00:00" hostname="agent-env-2479e3dc-7db3-468a-a990-94da8dcb375c"><testcase classname="backend.tests.test_session_c_workspace_genesis" name="test_public_team_returns_three_personas" time="1.309" /><testcase classname="backend.tests.test_session_c_workspace_genesis" name="test_public_team_unknown_tenant" time="0.218" /><testcase classname="backend.tests.test_session_c_workspace_genesis" name="test_private_submit_returns_session_user_genesis" time="3.316" /><testcase classname="backend.tests.test_session_c_workspace_genesis" name="test_private_submit_pages_locale_it" time="0.000" /><testcase classname="backend.tests.test_session_c_workspace_genesis" name="test_private_submit_project_title_humane" time="0.956" /><testcase classname="backend.tests.test_session_c_workspace_genesis" name="test_project_returns_assigned_designer_bag" time="0.937" /><testcase classname="backend.tests.test_session_c_workspace_genesis" name="test_new_user_token_authenticates" time="0.877" /><testcase classname="backend.tests.test_session_c_workspace_genesis" name="test_moodboard_pages_and_seed_blocks" time="1.238"><failure message="AssertionError: expected seeded blocks, found 0 of 4&#10;assert 0 &gt;= 2&#10; +  where 0 = len([])">backend/tests/test_session_c_workspace_genesis.py:168: in test_moodboard_pages_and_seed_blocks
    assert len(seeded) &gt;= 2, f"expected seeded blocks, found {len(seeded)} of {len(elements)}"
E   AssertionError: expected seeded blocks, found 0 of 4
E   assert 0 &gt;= 2
E    +  where 0 = len([])</failure></testcase><testcase classname="backend.tests.test_session_c_workspace_genesis" name="test_duplicate_email_returns_409" time="0.365" /><testcase classname="backend.tests.test_session_c_workspace_genesis" name="test_short_password_returns_422" time="0.045" /><testcase classname="backend.tests.test_session_c_workspace_genesis" name="test_locale_en_us_pages_and_narrative" time="3.000" /><testcase classname="backend.tests.test_session_c_workspace_genesis" name="test_locale_fr_narrative" time="3.020" /><testcase classname="backend.tests.test_session_c_workspace_genesis" name="test_professional_submit_creates_ad_partner" time="3.016" /><testcase classname="backend.tests.test_session_c_workspace_genesis" name="test_round_robin_cycles_three_personas" time="12.219" /></testsuite></testsuites>