<?xml version="1.0" encoding="utf-8"?><testsuites name="pytest tests"><testsuite name="pytest" errors="0" failures="0" skipped="2" tests="11" time="13.836" timestamp="2026-06-11T04:37:42.415886+00:00" hostname="agent-env-c7c7c9f0-0560-4cf3-a896-188b174a6b9d"><testcase classname="backend.tests.test_sprint_stabilization.TestF5EmailValidation" name="test_admin_email_returns_available" time="0.388" /><testcase classname="backend.tests.test_sprint_stabilization.TestF5EmailValidation" name="test_existing_client_email_returns_existing" time="0.359" /><testcase classname="backend.tests.test_sprint_stabilization.TestF5EmailValidation" name="test_invalid_email_returns_invalid" time="0.155" /><testcase classname="backend.tests.test_sprint_stabilization.TestF1SessionLeakage" name="test_initiate_returns_journey_id" time="3.385" /><testcase classname="backend.tests.test_sprint_stabilization.TestF1SessionLeakage" name="test_project_client_user_id_is_null_for_admin_email" time="3.043"><skipped type="pytest.skip" message="Could not find admin lead for journey">/app/backend/tests/test_sprint_stabilization.py:132: Could not find admin lead for journey</skipped></testcase><testcase classname="backend.tests.test_sprint_stabilization.TestF1SessionLeakage" name="test_admin_profile_not_duplicated_as_client" time="2.104" /><testcase classname="backend.tests.test_sprint_stabilization.TestF3HardcodedPurge" name="test_leads_no_hardcoded_names" time="0.373" /><testcase classname="backend.tests.test_sprint_stabilization.TestF3HardcodedPurge" name="test_email_templates_no_hardcoded_names" time="0.107"><skipped type="pytest.skip" message="templates-preview endpoint not found">/app/backend/tests/test_sprint_stabilization.py:192: templates-preview endpoint not found</skipped></testcase><testcase classname="backend.tests.test_sprint_stabilization.TestF4MessagingChain" name="test_send_message_as_designer" time="2.866" /><testcase classname="backend.tests.test_sprint_stabilization.TestF4MessagingChain" name="test_unread_for_client_incremented" time="0.623" /><testcase classname="backend.tests.test_sprint_stabilization.TestF4MessagingChain" name="test_notification_created_designer_replied" time="0.358" /></testsuite></testsuites>