<?xml version="1.0" encoding="utf-8"?><testsuites name="pytest tests"><testsuite name="pytest" errors="0" failures="0" skipped="0" tests="18" time="17.489" timestamp="2026-05-15T01:37:06.088783+00:00" hostname="agent-env-2479e3dc-7db3-468a-a990-94da8dcb375c"><testcase classname="tests.test_storefront_cms" name="test_registry_returns_6_pages_17_sections" time="1.011" /><testcase classname="tests.test_storefront_cms" name="test_registry_requires_auth" time="0.108" /><testcase classname="tests.test_storefront_cms" name="test_pages_list_returns_six_pages" time="1.964" /><testcase classname="tests.test_storefront_cms" name="test_create_section_rejects_unknown_type" time="0.175" /><testcase classname="tests.test_storefront_cms" name="test_update_section_persists_locale_content" time="1.854" /><testcase classname="tests.test_storefront_cms" name="test_duplicate_section_clones" time="0.913" /><testcase classname="tests.test_storefront_cms" name="test_reorder_sections" time="3.279" /><testcase classname="tests.test_storefront_cms" name="test_delete_section_removes_it" time="1.338" /><testcase classname="tests.test_storefront_cms" name="test_publish_home_sets_status_and_timestamp" time="0.575" /><testcase classname="tests.test_storefront_cms" name="test_public_home_returns_published_with_visible_sections" time="1.054" /><testcase classname="tests.test_storefront_cms" name="test_public_unpublished_returns_not_published" time="0.950" /><testcase classname="tests.test_storefront_cms" name="test_public_unknown_tenant_404" time="0.269" /><testcase classname="tests.test_storefront_cms" name="test_list_assets" time="0.320" /><testcase classname="tests.test_storefront_cms" name="test_studio2_cannot_see_studio_sections" time="1.434" /><testcase classname="tests.test_storefront_cms" name="test_studio2_cannot_update_studio_section" time="0.747" /><testcase classname="tests.test_storefront_cms" name="test_client_role_forbidden_on_admin_pages" time="0.682" /><testcase classname="tests.test_storefront_cms" name="test_client_role_forbidden_on_admin_registry" time="0.172" /><testcase classname="tests.test_storefront_cms" name="test_client_role_forbidden_on_admin_assets" time="0.579" /></testsuite></testsuites>