<?xml version="1.0" encoding="utf-8"?><testsuites name="pytest tests"><testsuite name="pytest" errors="0" failures="0" skipped="0" tests="9" time="6.178" timestamp="2026-06-07T23:11:31.608653+00:00" hostname="agent-env-2479e3dc-7db3-468a-a990-94da8dcb375c"><testcase classname="backend.tests.test_store004_project_stories.TestList" name="test_list_stories_ok" time="1.713" /><testcase classname="backend.tests.test_store004_project_stories.TestGenerate" name="test_generate_from_specification" time="0.868" /><testcase classname="backend.tests.test_store004_project_stories.TestGenerate" name="test_generate_invalid_spec_returns_404" time="0.309" /><testcase classname="backend.tests.test_store004_project_stories.TestDetail" name="test_get_detail" time="0.314" /><testcase classname="backend.tests.test_store004_project_stories.TestDetail" name="test_get_detail_404" time="0.306" /><testcase classname="backend.tests.test_store004_project_stories.TestPatch" name="test_patch_vision_section" time="0.928" /><testcase classname="backend.tests.test_store004_project_stories.TestPublic" name="test_public_no_auth" time="0.238" /><testcase classname="backend.tests.test_store004_project_stories.TestPublic" name="test_public_invalid_token_404" time="0.184" /><testcase classname="backend.tests.test_store004_project_stories.TestDelete" name="test_soft_delete_disappears_from_list" time="1.230" /></testsuite></testsuites>